#
# There is insufficient memory for the Java Runtime Environment to continue.
# Native memory allocation (mmap) failed to map 65536 bytes. Error detail: Failed to commit metaspace.
# Possible reasons:
#   The system is out of physical RAM or swap space
#   This process is running with CompressedOops enabled, and the Java Heap may be blocking the growth of the native heap
# Possible solutions:
#   Reduce memory load on the system
#   Increase physical memory or swap space
#   Check if swap backing store is full
#   Decrease Java heap size (-Xmx/-Xms)
#   Decrease number of Java threads
#   Decrease Java thread stack sizes (-Xss)
#   Set larger code cache with -XX:ReservedCodeCacheSize=
#   JVM is running with Unscaled Compressed Oops mode in which the Java heap is
#     placed in the first 4GB address space. The Java Heap base address is the
#     maximum limit for the native heap growth. Please use -XX:HeapBaseMinAddress
#     to set the Java Heap base and to place the Java Heap above 4GB virtual address.
# This output file may be truncated or incomplete.
#
#  Out of Memory Error (virtualSpaceNode.cpp:113), pid=8656, tid=10772
#
# JRE version: Java(TM) SE Runtime Environment (23.0.1+11) (build 23.0.1+11-39)
# Java VM: Java HotSpot(TM) 64-Bit Server VM (23.0.1+11-39, mixed mode, sharing, tiered, compressed oops, compressed class ptrs, g1 gc, windows-amd64)
# No core dump will be written. Minidumps are not enabled by default on client versions of Windows
#

---------------  S U M M A R Y ------------

Command Line: -Dfile.encoding=UTF-8 -XX:-OmitStackTraceInFastThrow -Dclojure.compile.path=C:\Users\samuel\av3funcional\target\classes -Dav3funcional.version=0.1.0-SNAPSHOT -Dclojure.debug=false clojure.main -i C:\Users\samuel\AppData\Local\Temp\form-init15583380326660401860.clj

Host: Intel(R) Core(TM) i3-10110U CPU @ 2.10GHz, 4 cores, 7G,  Windows 10 , 64 bit Build 19041 (10.0.19041.4957)
Time: Tue Nov 12 16:48:01 2024 Hora oficial do Brasil elapsed time: 0.174369 seconds (0d 0h 0m 0s)

---------------  T H R E A D  ---------------

Current thread (0x0000014ef4c10980):  JavaThread "main"             [_thread_in_vm, id=10772, stack(0x0000001a76000000,0x0000001a76100000) (1024K)]

Stack: [0x0000001a76000000,0x0000001a76100000]
Native frames: (J=compiled Java code, j=interpreted, Vv=VM code, C=native code)
V  [jvm.dll+0x6e08b9]  (no source info available)
V  [jvm.dll+0x87dc83]  (no source info available)
V  [jvm.dll+0x88010e]  (no source info available)
V  [jvm.dll+0x8807e3]  (no source info available)
V  [jvm.dll+0x27aee6]  (no source info available)
V  [jvm.dll+0x87988e]  (no source info available)
V  [jvm.dll+0x682035]  (no source info available)
V  [jvm.dll+0x1e09dc]  (no source info available)
V  [jvm.dll+0x1e07ae]  (no source info available)
V  [jvm.dll+0x684988]  (no source info available)
V  [jvm.dll+0x2219dc]  (no source info available)
V  [jvm.dll+0x682a4e]  (no source info available)
V  [jvm.dll+0x266380]  (no source info available)
V  [jvm.dll+0x2129b7]  (no source info available)
V  [jvm.dll+0x20811e]  (no source info available)
V  [jvm.dll+0x5be6df]  (no source info available)
V  [jvm.dll+0x7f3ad6]  (no source info available)
V  [jvm.dll+0x475cf6]  (no source info available)
V  [jvm.dll+0x47bb98]  (no source info available)
C  [java.dll+0x17d4]  (no source info available)
C  0x0000014e8753d207  (no source info available)

The last pc belongs to native method entry point (kind = native) (printed below).
Java frames: (J=compiled Java code, j=interpreted, Vv=VM code)
j  java.lang.ClassLoader.defineClass1(Ljava/lang/ClassLoader;Ljava/lang/String;[BIILjava/security/ProtectionDomain;Ljava/lang/String;)Ljava/lang/Class;+0 java.base@23.0.1
j  java.lang.ClassLoader.defineClass(Ljava/lang/String;[BIILjava/security/ProtectionDomain;)Ljava/lang/Class;+27 java.base@23.0.1
j  java.security.SecureClassLoader.defineClass(Ljava/lang/String;[BIILjava/security/CodeSource;)Ljava/lang/Class;+12 java.base@23.0.1
j  jdk.internal.loader.BuiltinClassLoader.defineClass(Ljava/lang/String;Ljdk/internal/loader/Resource;)Ljava/lang/Class;+117 java.base@23.0.1
j  jdk.internal.loader.BuiltinClassLoader.findClassOnClassPathOrNull(Ljava/lang/String;)Ljava/lang/Class;+37 java.base@23.0.1
j  jdk.internal.loader.BuiltinClassLoader.loadClassOrNull(Ljava/lang/String;Z)Ljava/lang/Class;+111 java.base@23.0.1
j  jdk.internal.loader.BuiltinClassLoader.loadClass(Ljava/lang/String;Z)Ljava/lang/Class;+3 java.base@23.0.1
j  jdk.internal.loader.ClassLoaders$AppClassLoader.loadClass(Ljava/lang/String;Z)Ljava/lang/Class;+36 java.base@23.0.1
j  java.lang.ClassLoader.loadClass(Ljava/lang/String;)Ljava/lang/Class;+3 java.base@23.0.1
v  ~StubRoutines::call_stub 0x0000014e87530fcd
j  clojure.lang.RT.<clinit>()V+1727
v  ~StubRoutines::call_stub 0x0000014e87530fcd
j  clojure.main.<clinit>()V+12
v  ~StubRoutines::call_stub 0x0000014e87530fcd
Lock stack of current Java thread (top to bottom):
LockStack[0]: java.lang.Object 
{0x000000008a817c30} - klass: 'java/lang/Object'
 - ---- fields (total size 2 words):

native method entry point (kind = native)  [0x0000014e8753cde0, 0x0000014e8753d938]  2904 bytes
[MachCode]
  0x0000014e8753cde0: 488b 4b08 | 0fb7 492e | 584c 8d74 | ccf8 6800 | 0000 0068 | 0000 0000 | 5055 488b | ec41 5568 
  0x0000014e8753ce00: 0000 0000 | 4c8b 6b08 | 4d8d 6d38 | 5348 8b53 | 0848 8b52 | 0848 8b52 | 1848 8b52 | 7048 8b12 
  0x0000014e8753ce20: 5248 8b53 | 1048 85d2 | 0f84 0700 | 0000 4881 | c210 0100 | 0052 488b | 5308 488b | 5208 488b 
  0x0000014e8753ce40: 5210 5249 | 8bc6 482b | c548 c1e8 | 0350 6800 | 0000 0068 | f7ff ffff | 41c6 8771 | 0400 0001 
  0x0000014e8753ce60: 488b 4310 | 4885 c074 | 208b 88cc | 0000 0083 | c102 8988 | cc00 0000 | 2388 e000 | 0000 0f84 
  0x0000014e8753ce80: 000a 0000 | e9cf 0000 | 0048 8b43 | 1848 85c0 | 0f85 b000 | 0000 e805 | 0000 00e9 | 9900 0000 
  0x0000014e8753cea0: 488b d348 | 8d44 2408 | 4c89 6dc0 | 498b cfc5 | f877 4989 | afb0 0300 | 0049 8987 | a003 0000 
  0x0000014e8753cec0: 4883 ec20 | 40f6 c40f | 0f84 1900 | 0000 4883 | ec08 48b8 | 9026 649d | fe7f 0000 | ffd0 4883 
  0x0000014e8753cee0: c408 e90c | 0000 0048 | b890 2664 | 9dfe 7f00 | 00ff d048 | 83c4 2049 | c787 a003 | 0000 0000 
  0x0000014e8753cf00: 0000 49c7 | 87b0 0300 | 0000 0000 | 0049 c787 | a803 0000 | 0000 0000 | c5f8 7749 | 837f 0800 
  0x0000014e8753cf20: 0f84 0500 | 0000 e995 | 3fff ff4c | 8b6d c04c | 8b75 c84e | 8d74 f500 | c348 8b43 | 1848 85c0 
  0x0000014e8753cf40: 0f84 1200 | 0000 8b48 | 0883 c102 | 8948 0823 | 481c 0f84 | 2c09 0000 | 493b a7e8 | 0400 000f 
  0x0000014e8753cf60: 8748 0000 | 0089 8424 | 00f0 ffff | 8984 2400 | e0ff ff89 | 8424 00d0 | ffff 8984 | 2400 c0ff 
  0x0000014e8753cf80: ff89 8424 | 00b0 ffff | 8984 2400 | a0ff ff89 | 8424 0090 | ffff 8984 | 2400 80ff | ff49 3ba7 
  0x0000014e8753cfa0: e004 0000 | 7607 4989 | a7e8 0400 | 0041 c687 | 7104 0000 | 0049 ba41 | adeb 9dfe | 7f00 0041 
  0x0000014e8753cfc0: 803a 000f | 843e 0000 | 0048 8b55 | e849 8bcf | 4883 ec20 | 40f6 c40f | 0f84 1900 | 0000 4883 
  0x0000014e8753cfe0: ec08 48b8 | 10ee 9b9d | fe7f 0000 | ffd0 4883 | c408 e90c | 0000 0048 | b810 ee9b | 9dfe 7f00 
  0x0000014e8753d000: 00ff d048 | 83c4 2048 | 8b5d e84c | 8b5b 0845 | 0fb7 5b2e | 41c1 e303 | 492b e348 | 83ec 2048 
  0x0000014e8753d020: 83e4 f04c | 8b5b 604d | 85db 0f85 | ab00 0000 | e805 0000 | 00e9 9900 | 0000 488b | d348 8d44 
  0x0000014e8753d040: 2408 4c89 | 6dc0 498b | cfc5 f877 | 4989 afb0 | 0300 0049 | 8987 a003 | 0000 4883 | ec20 40f6 
  0x0000014e8753d060: c40f 0f84 | 1900 0000 | 4883 ec08 | 48b8 f04d | 649d fe7f | 0000 ffd0 | 4883 c408 | e90c 0000 
  0x0000014e8753d080: 0048 b8f0 | 4d64 9dfe | 7f00 00ff | d048 83c4 | 2049 c787 | a003 0000 | 0000 0000 | 49c7 87b0 
  0x0000014e8753d0a0: 0300 0000 | 0000 0049 | c787 a803 | 0000 0000 | 0000 c5f8 | 7749 837f | 0800 0f84 | 0500 0000 
  0x0000014e8753d0c0: e9fb 3dff | ff4c 8b6d | c04c 8b75 | c84e 8d74 | f500 c348 | 8b5d e84c | 8b5b 6041 | ffd3 488b 
  0x0000014e8753d0e0: 5de8 4889 | 4518 448b | 5b28 41f6 | c308 0f84 | 1b00 0000 | 4c8b 5b08 | 4d8b 5b08 | 4d8b 5b18 
  0x0000014e8753d100: 4d8b 5b70 | 4d8b 1b4c | 895d 1048 | 8d55 1048 | 8b43 5849 | ba60 3c9c | 9dfe 7f00 | 0049 3bc2 
  0x0000014e8753d120: 0f85 ab00 | 0000 e805 | 0000 00e9 | 9900 0000 | 488b d348 | 8d44 2408 | 4c89 6dc0 | 498b cfc5 
  0x0000014e8753d140: f877 4989 | afb0 0300 | 0049 8987 | a003 0000 | 4883 ec20 | 40f6 c40f | 0f84 1900 | 0000 4883 
  0x0000014e8753d160: ec08 48b8 | f04d 649d | fe7f 0000 | ffd0 4883 | c408 e90c | 0000 0048 | b8f0 4d64 | 9dfe 7f00 
  0x0000014e8753d180: 00ff d048 | 83c4 2049 | c787 a003 | 0000 0000 | 0000 49c7 | 87b0 0300 | 0000 0000 | 0049 c787 
  0x0000014e8753d1a0: a803 0000 | 0000 0000 | c5f8 7749 | 837f 0800 | 0f84 0500 | 0000 e905 | 3dff ff4c | 8b6d c04c 
  0x0000014e8753d1c0: 8b75 c84e | 8d74 f500 | c348 8b5d | e848 8b43 | 5849 8d8f | c003 0000 | c5f8 7749 | 89af b003 
  0x0000014e8753d1e0: 0000 49ba | d8d1 5387 | 4e01 0000 | 4d89 97a8 | 0300 0049 | 89a7 a003 | 0000 41c7 | 8744 0400 
  0x0000014e8753d200: 0004 0000 | 00ff d0c5 | f877 4883 | ec10 c5fb | 1104 2448 | 83ec 1048 | 8904 2448 | c744 2408 
  0x0000014e8753d220: 0000 0000 | 41c7 8744 | 0400 0005 | 0000 00f0 | 8344 24c0 | 0049 3baf | 4804 0000 | 0f87 0e00 
  0x0000014e8753d240: 0000 4183 | bf40 0400 | 0000 0f84 | 2000 0000 | 498b cf4c | 8be4 4883 | ec20 4883 | e4f0 48b8 
  0x0000014e8753d260: 90a9 659d | fe7f 0000 | ffd0 498b | e44d 33e4 | 41c7 8744 | 0400 0008 | 0000 0049 | c787 a003 
  0x0000014e8753d280: 0000 0000 | 0000 49c7 | 87b0 0300 | 0000 0000 | 0049 c787 | a803 0000 | 0000 0000 | c5f8 774d 
  0x0000014e8753d2a0: 8b9f 3004 | 0000 41c7 | 8300 0100 | 0000 0000 | 0049 bbda | a553 874e | 0100 004c | 3b5d 180f 
  0x0000014e8753d2c0: 8524 0200 | 0048 8b04 | 2448 83c4 | 1048 85c0 | 0f84 fe01 | 0000 a803 | 0f85 0800 | 0000 488b 
  0x0000014e8753d2e0: 00e9 ee01 | 0000 a801 | 0f85 0900 | 0000 488b | 40fe e9dd | 0100 0048 | 8b40 ff41 | 807f 3800 
  0x0000014e8753d300: 0f84 ce01 | 0000 4883 | f800 0f84 | c401 0000 | 4d8b 5f28 | 4983 fb00 | 0f84 1400 | 0000 4983 
  0x0000014e8753d320: eb08 4d89 | 5f28 4d03 | 5f30 4989 | 03e9 a201 | 0000 4881 | ecd0 0000 | 0048 8904 | 2448 894c 
  0x0000014e8753d340: 2408 4889 | 5424 1048 | 8974 2418 | 4889 7c24 | 204c 8944 | 2428 4c89 | 4c24 304c | 8954 2438 
  0x0000014e8753d360: 4c89 5c24 | 40c5 fb11 | 4424 50c5 | fb11 4c24 | 58c5 fb11 | 5424 60c5 | fb11 5c24 | 68c5 fb11 
  0x0000014e8753d380: 6424 70c5 | fb11 6c24 | 78c5 fb11 | b424 8000 | 0000 c5fb | 11bc 2488 | 0000 00c5 | 7b11 8424 
  0x0000014e8753d3a0: 9000 0000 | c57b 118c | 2498 0000 | 00c5 7b11 | 9424 a000 | 0000 c57b | 119c 24a8 | 0000 00c5 
  0x0000014e8753d3c0: 7b11 a424 | b000 0000 | c57b 11ac | 24b8 0000 | 00c5 7b11 | b424 c000 | 0000 c57b | 11bc 24c8 
  0x0000014e8753d3e0: 0000 0049 | 8bd7 488b | c848 83ec | 2040 f6c4 | 0f0f 8419 | 0000 0048 | 83ec 0848 | b8e0 0759 
  0x0000014e8753d400: 9dfe 7f00 | 00ff d048 | 83c4 08e9 | 0c00 0000 | 48b8 e007 | 599d fe7f | 0000 ffd0 | 4883 c420 
  0x0000014e8753d420: c57b 10bc | 24c8 0000 | 00c5 7b10 | b424 c000 | 0000 c57b | 10ac 24b8 | 0000 00c5 | 7b10 a424 
  0x0000014e8753d440: b000 0000 | c57b 109c | 24a8 0000 | 00c5 7b10 | 9424 a000 | 0000 c57b | 108c 2498 | 0000 00c5 
  0x0000014e8753d460: 7b10 8424 | 9000 0000 | c5fb 10bc | 2488 0000 | 00c5 fb10 | b424 8000 | 0000 c5fb | 106c 2478 
  0x0000014e8753d480: c5fb 1064 | 2470 c5fb | 105c 2468 | c5fb 1054 | 2460 c5fb | 104c 2458 | c5fb 1044 | 2450 4c8b 
  0x0000014e8753d4a0: 5c24 404c | 8b54 2438 | 4c8b 4c24 | 304c 8b44 | 2428 488b | 7c24 2048 | 8b74 2418 | 488b 5424 
  0x0000014e8753d4c0: 1048 8b4c | 2408 488b | 0424 4881 | c4d0 0000 | 00c5 f877 | 4889 4510 | 4883 ec10 | 4889 0424 
  0x0000014e8753d4e0: 48c7 4424 | 0800 0000 | 0041 83bf | c804 0000 | 020f 85bf | 0000 0048 | 81ec 8000 | 0000 4889 
  0x0000014e8753d500: 4424 7848 | 894c 2470 | 4889 5424 | 6848 895c | 2460 4889 | 6c24 5048 | 8974 2448 | 4889 7c24 
  0x0000014e8753d520: 404c 8944 | 2438 4c89 | 4c24 304c | 8954 2428 | 4c89 5c24 | 204c 8964 | 2418 4c89 | 6c24 104c 
  0x0000014e8753d540: 8974 2408 | 4c89 3c24 | 4c8b e448 | 83ec 2048 | 83e4 f048 | b8c0 229c | 9dfe 7f00 | 00ff d049 
  0x0000014e8753d560: 8be4 4c8b | 3c24 4c8b | 7424 084c | 8b6c 2410 | 4c8b 6424 | 184c 8b5c | 2420 4c8b | 5424 284c 
  0x0000014e8753d580: 8b4c 2430 | 4c8b 4424 | 3848 8b7c | 2440 488b | 7424 4848 | 8b6c 2450 | 488b 5c24 | 6048 8b54 
  0x0000014e8753d5a0: 2468 488b | 4c24 7048 | 8b44 2478 | 4881 c480 | 0000 004d | 33e4 488b | 5de8 4c8b | 6b08 4d8d 
  0x0000014e8753d5c0: 6d38 4983 | 7f08 000f | 84bb 0000 | 00e8 0500 | 0000 e996 | 0000 0048 | 8d44 2408 | 4c89 6dc0 
  0x0000014e8753d5e0: 498b cfc5 | f877 4989 | afb0 0300 | 0049 8987 | a003 0000 | 4883 ec20 | 40f6 c40f | 0f84 1900 
  0x0000014e8753d600: 0000 4883 | ec08 48b8 | 006c 649d | fe7f 0000 | ffd0 4883 | c408 e90c | 0000 0048 | b800 6c64 
  0x0000014e8753d620: 9dfe 7f00 | 00ff d048 | 83c4 2049 | c787 a003 | 0000 0000 | 0000 49c7 | 87b0 0300 | 0000 0000 
  0x0000014e8753d640: 0049 c787 | a803 0000 | 0000 0000 | c5f8 7749 | 837f 0800 | 0f84 0500 | 0000 e961 | 38ff ff4c 
  0x0000014e8753d660: 8b6d c04c | 8b75 c84e | 8d74 f500 | c348 b940 | d5c3 9dfe | 7f00 0048 | 83e4 f048 | b870 4a8a 
  0x0000014e8753d680: 9dfe 7f00 | 00ff d0f4 | 448b 5b28 | 41f6 c320 | 0f84 7901 | 0000 488d | 55a8 4c8b | 5a08 4d85 
  0x0000014e8753d6a0: db0f 85bb | 0000 00e8 | 0500 0000 | e996 0000 | 0048 8d44 | 2408 4c89 | 6dc0 498b | cfc5 f877 
  0x0000014e8753d6c0: 4989 afb0 | 0300 0049 | 8987 a003 | 0000 4883 | ec20 40f6 | c40f 0f84 | 1900 0000 | 4883 ec08 
  0x0000014e8753d6e0: 48b8 306b | 649d fe7f | 0000 ffd0 | 4883 c408 | e90c 0000 | 0048 b830 | 6b64 9dfe | 7f00 00ff 
  0x0000014e8753d700: d048 83c4 | 2049 c787 | a003 0000 | 0000 0000 | 49c7 87b0 | 0300 0000 | 0000 0049 | c787 a803 
  0x0000014e8753d720: 0000 0000 | 0000 c5f8 | 7749 837f | 0800 0f84 | 0500 0000 | e987 37ff | ff4c 8b6d | c04c 8b75 
  0x0000014e8753d740: c84e 8d74 | f500 c348 | b940 d5c3 | 9dfe 7f00 | 0048 83e4 | f048 b870 | 4a8a 9dfe | 7f00 00ff 
  0x0000014e8753d760: d0f4 4c89 | 6dc0 4c8b | 4a08 48c7 | 4208 0000 | 0000 458b | 8718 0600 | 004f 3b4c | 07f8 0f85 
  0x0000014e8753d780: 4900 0000 | 4183 af18 | 0600 0008 | 4f3b 4c07 | f00f 842a | 0000 0049 | 8b01 a802 | 0f85 1200 
  0x0000014e8753d7a0: 0000 4c8b | c049 83c8 | 01f0 4d0f | b101 0f84 | 0d00 0000 | 4183 8718 | 0600 0008 | e90c 0000 
  0x0000014e8753d7c0: 0049 ff8f | 5005 0000 | e93e 0000 | 004c 894a | 0848 8bca | 4883 ec20 | 40f6 c40f | 0f84 1900 
  0x0000014e8753d7e0: 0000 4883 | ec08 48b8 | f03d 649d | fe7f 0000 | ffd0 4883 | c408 e90c | 0000 0048 | b8f0 3d64 
  0x0000014e8753d800: 9dfe 7f00 | 00ff d048 | 83c4 204c | 8b6d c049 | ba41 adeb | 9dfe 7f00 | 0041 803a | 000f 843e 
  0x0000014e8753d820: 0000 0048 | 8b55 e849 | 8bcf 4883 | ec20 40f6 | c40f 0f84 | 1900 0000 | 4883 ec08 | 48b8 10ee 
  0x0000014e8753d840: 9b9d fe7f | 0000 ffd0 | 4883 c408 | e90c 0000 | 0048 b810 | ee9b 9dfe | 7f00 00ff | d048 83c4 
  0x0000014e8753d860: 2048 8b04 | 2448 83c4 | 10c5 fb10 | 0424 4883 | c410 4c8b | 5d18 41ff | d34c 8b5d | f8c9 5f49 
  0x0000014e8753d880: 8be3 ffe7 | ba00 0000 | 00e8 0500 | 0000 e996 | 0000 0048 | 8d44 2408 | 4c89 6dc0 | 498b cfc5 
  0x0000014e8753d8a0: f877 4989 | afb0 0300 | 0049 8987 | a003 0000 | 4883 ec20 | 40f6 c40f | 0f84 1900 | 0000 4883 
  0x0000014e8753d8c0: ec08 48b8 | a031 649d | fe7f 0000 | ffd0 4883 | c408 e90c | 0000 0048 | b8a0 3164 | 9dfe 7f00 
  0x0000014e8753d8e0: 00ff d048 | 83c4 2049 | c787 a003 | 0000 0000 | 0000 49c7 | 87b0 0300 | 0000 0000 | 0049 c787 
  0x0000014e8753d900: a803 0000 | 0000 0000 | c5f8 7749 | 837f 0800 | 0f84 0500 | 0000 e9a5 | 35ff ff4c | 8b6d c04c 
  0x0000014e8753d920: 8b75 c84e | 8d74 f500 | c348 8b5d | e8e9 26f6 | ffff 660f | 1f44 0000 
[/MachCode]

---------------  P R O C E S S  ---------------

Threads class SMR info:
_java_thread_list=0x0000014e93440750, length=11, elements={
0x0000014ef4c10980, 0x0000014e932f2f00, 0x0000014e932f6c40, 0x0000014e932f9aa0,
0x0000014e932fa500, 0x0000014e932fdd20, 0x0000014e93302a30, 0x0000014e93306710,
0x0000014e93307210, 0x0000014e93466a80, 0x0000014e93471b60
}

Java Threads: ( => current thread )
=>0x0000014ef4c10980 JavaThread "main"                              [_thread_in_vm, id=10772, stack(0x0000001a76000000,0x0000001a76100000) (1024K)]
  0x0000014e932f2f00 JavaThread "Reference Handler"          daemon [_thread_blocked, id=1228, stack(0x0000001a76800000,0x0000001a76900000) (1024K)]
  0x0000014e932f6c40 JavaThread "Finalizer"                  daemon [_thread_blocked, id=2416, stack(0x0000001a76900000,0x0000001a76a00000) (1024K)]
  0x0000014e932f9aa0 JavaThread "Signal Dispatcher"          daemon [_thread_blocked, id=11724, stack(0x0000001a76a00000,0x0000001a76b00000) (1024K)]
  0x0000014e932fa500 JavaThread "Attach Listener"            daemon [_thread_blocked, id=11932, stack(0x0000001a76b00000,0x0000001a76c00000) (1024K)]
  0x0000014e932fdd20 JavaThread "Service Thread"             daemon [_thread_blocked, id=12328, stack(0x0000001a76c00000,0x0000001a76d00000) (1024K)]
  0x0000014e93302a30 JavaThread "Monitor Deflation Thread"   daemon [_thread_blocked, id=7528, stack(0x0000001a76d00000,0x0000001a76e00000) (1024K)]
  0x0000014e93306710 JavaThread "C2 CompilerThread0"         daemon [_thread_blocked, id=11852, stack(0x0000001a76e00000,0x0000001a76f00000) (1024K)]
  0x0000014e93307210 JavaThread "C1 CompilerThread0"         daemon [_thread_in_vm, id=4556, stack(0x0000001a76f00000,0x0000001a77000000) (1024K)]
  0x0000014e93466a80 JavaThread "Notification Thread"        daemon [_thread_blocked, id=7536, stack(0x0000001a77000000,0x0000001a77100000) (1024K)]
  0x0000014e93471b60 JavaThread "Common-Cleaner"             daemon [_thread_blocked, id=9880, stack(0x0000001a77100000,0x0000001a77200000) (1024K)]
Total: 11

Other Threads:
  0x0000014e932d8a20 VMThread "VM Thread"                           [id=10532, stack(0x0000001a76700000,0x0000001a76800000) (1024K)]
  0x0000014e932c4e50 WatcherThread "VM Periodic Task Thread"        [id=12748, stack(0x0000001a76600000,0x0000001a76700000) (1024K)]
  0x0000014ef6f77dc0 WorkerThread "GC Thread#0"                     [id=8504, stack(0x0000001a76100000,0x0000001a76200000) (1024K)]
  0x0000014ef6f8d7b0 ConcurrentGCThread "G1 Main Marker"            [id=9836, stack(0x0000001a76200000,0x0000001a76300000) (1024K)]
  0x0000014ef6f8e970 WorkerThread "G1 Conc#0"                       [id=7932, stack(0x0000001a76300000,0x0000001a76400000) (1024K)]
  0x0000014e931970f0 ConcurrentGCThread "G1 Refine#0"               [id=9064, stack(0x0000001a76400000,0x0000001a76500000) (1024K)]
  0x0000014e93199f90 ConcurrentGCThread "G1 Service"                [id=2932, stack(0x0000001a76500000,0x0000001a76600000) (1024K)]
Total: 7

Threads with active compile tasks:
C1 CompilerThread0  401  230       3       java.net.URLStreamHandler::setURL (156 bytes)
Total: 1

VM state: not at safepoint (normal execution)

VM Mutex/Monitor currently owned by a thread:  ([mutex/lock_event])
[0x00007ffe9dee1890] Metaspace_lock - owner thread: 0x0000014ef4c10980

Heap address: 0x0000000082e00000, size: 2002 MB, Compressed Oops mode: 32-bit

CDS archive(s) mapped at: [0x0000014e94000000-0x0000014e94d70000-0x0000014e94d70000), size 14090240, SharedBaseAddress: 0x0000014e94000000, ArchiveRelocationMode: 1.
Compressed class space mapped at: 0x0000014e95000000-0x0000014ed5000000, reserved size: 1073741824
Narrow klass base: 0x0000014e94000000, Narrow klass shift: 0, Narrow klass range: 0x41000000

GC Precious Log:
 CardTable entry size: 512
 Card Set container configuration: InlinePtr #cards 5 size 8 Array Of Cards #cards 10 size 36 Howl #buckets 4 coarsen threshold 1843 Howl Bitmap #cards 512 size 80 coarsen threshold 460 Card regions per heap region 1 cards per card region 2048
 CPUs: 4 total, 4 available
 Memory: 8006M
 Large Page Support: Disabled
 NUMA Support: Disabled
 Compressed Oops: Enabled (32-bit)
 Heap Region Size: 1M
 Heap Min Capacity: 8M
 Heap Initial Capacity: 126M
 Heap Max Capacity: 2002M
 Pre-touch: Disabled
 Parallel Workers: 4
 Concurrent Workers: 1
 Concurrent Refinement Workers: 4
 Periodic GC: Disabled

Heap:
 garbage-first heap   total reserved 2050048K, committed 129024K, used 2048K [0x0000000082e00000, 0x0000000100000000)
  region size 1024K, 4 young (4096K), 0 survivors (0K)
 Metaspace       used 837K, committed 896K, reserved 1114112K
  class space    used 70K, committed 128K, reserved 1048576K

Heap Regions: E=young(eden), S=young(survivor), O=old, HS=humongous(starts), HC=humongous(continues), CS=collection set, F=free, TAMS=top-at-mark-start, PB=parsable bottom
|   0|0x0000000082e00000, 0x0000000082e00000, 0x0000000082f00000|  0%| F|  |TAMS 0x0000000082e00000| PB 0x0000000082e00000| Untracked |  0
|   1|0x0000000082f00000, 0x0000000082f00000, 0x0000000083000000|  0%| F|  |TAMS 0x0000000082f00000| PB 0x0000000082f00000| Untracked |  0
|   2|0x0000000083000000, 0x0000000083000000, 0x0000000083100000|  0%| F|  |TAMS 0x0000000083000000| PB 0x0000000083000000| Untracked |  0
|   3|0x0000000083100000, 0x0000000083100000, 0x0000000083200000|  0%| F|  |TAMS 0x0000000083100000| PB 0x0000000083100000| Untracked |  0
|   4|0x0000000083200000, 0x0000000083200000, 0x0000000083300000|  0%| F|  |TAMS 0x0000000083200000| PB 0x0000000083200000| Untracked |  0
|   5|0x0000000083300000, 0x0000000083300000, 0x0000000083400000|  0%| F|  |TAMS 0x0000000083300000| PB 0x0000000083300000| Untracked |  0
|   6|0x0000000083400000, 0x0000000083400000, 0x0000000083500000|  0%| F|  |TAMS 0x0000000083400000| PB 0x0000000083400000| Untracked |  0
|   7|0x0000000083500000, 0x0000000083500000, 0x0000000083600000|  0%| F|  |TAMS 0x0000000083500000| PB 0x0000000083500000| Untracked |  0
|   8|0x0000000083600000, 0x0000000083600000, 0x0000000083700000|  0%| F|  |TAMS 0x0000000083600000| PB 0x0000000083600000| Untracked |  0
|   9|0x0000000083700000, 0x0000000083700000, 0x0000000083800000|  0%| F|  |TAMS 0x0000000083700000| PB 0x0000000083700000| Untracked |  0
|  10|0x0000000083800000, 0x0000000083800000, 0x0000000083900000|  0%| F|  |TAMS 0x0000000083800000| PB 0x0000000083800000| Untracked |  0
|  11|0x0000000083900000, 0x0000000083900000, 0x0000000083a00000|  0%| F|  |TAMS 0x0000000083900000| PB 0x0000000083900000| Untracked |  0
|  12|0x0000000083a00000, 0x0000000083a00000, 0x0000000083b00000|  0%| F|  |TAMS 0x0000000083a00000| PB 0x0000000083a00000| Untracked |  0
|  13|0x0000000083b00000, 0x0000000083b00000, 0x0000000083c00000|  0%| F|  |TAMS 0x0000000083b00000| PB 0x0000000083b00000| Untracked |  0
|  14|0x0000000083c00000, 0x0000000083c00000, 0x0000000083d00000|  0%| F|  |TAMS 0x0000000083c00000| PB 0x0000000083c00000| Untracked |  0
|  15|0x0000000083d00000, 0x0000000083d00000, 0x0000000083e00000|  0%| F|  |TAMS 0x0000000083d00000| PB 0x0000000083d00000| Untracked |  0
|  16|0x0000000083e00000, 0x0000000083e00000, 0x0000000083f00000|  0%| F|  |TAMS 0x0000000083e00000| PB 0x0000000083e00000| Untracked |  0
|  17|0x0000000083f00000, 0x0000000083f00000, 0x0000000084000000|  0%| F|  |TAMS 0x0000000083f00000| PB 0x0000000083f00000| Untracked |  0
|  18|0x0000000084000000, 0x0000000084000000, 0x0000000084100000|  0%| F|  |TAMS 0x0000000084000000| PB 0x0000000084000000| Untracked |  0
|  19|0x0000000084100000, 0x0000000084100000, 0x0000000084200000|  0%| F|  |TAMS 0x0000000084100000| PB 0x0000000084100000| Untracked |  0
|  20|0x0000000084200000, 0x0000000084200000, 0x0000000084300000|  0%| F|  |TAMS 0x0000000084200000| PB 0x0000000084200000| Untracked |  0
|  21|0x0000000084300000, 0x0000000084300000, 0x0000000084400000|  0%| F|  |TAMS 0x0000000084300000| PB 0x0000000084300000| Untracked |  0
|  22|0x0000000084400000, 0x0000000084400000, 0x0000000084500000|  0%| F|  |TAMS 0x0000000084400000| PB 0x0000000084400000| Untracked |  0
|  23|0x0000000084500000, 0x0000000084500000, 0x0000000084600000|  0%| F|  |TAMS 0x0000000084500000| PB 0x0000000084500000| Untracked |  0
|  24|0x0000000084600000, 0x0000000084600000, 0x0000000084700000|  0%| F|  |TAMS 0x0000000084600000| PB 0x0000000084600000| Untracked |  0
|  25|0x0000000084700000, 0x0000000084700000, 0x0000000084800000|  0%| F|  |TAMS 0x0000000084700000| PB 0x0000000084700000| Untracked |  0
|  26|0x0000000084800000, 0x0000000084800000, 0x0000000084900000|  0%| F|  |TAMS 0x0000000084800000| PB 0x0000000084800000| Untracked |  0
|  27|0x0000000084900000, 0x0000000084900000, 0x0000000084a00000|  0%| F|  |TAMS 0x0000000084900000| PB 0x0000000084900000| Untracked |  0
|  28|0x0000000084a00000, 0x0000000084a00000, 0x0000000084b00000|  0%| F|  |TAMS 0x0000000084a00000| PB 0x0000000084a00000| Untracked |  0
|  29|0x0000000084b00000, 0x0000000084b00000, 0x0000000084c00000|  0%| F|  |TAMS 0x0000000084b00000| PB 0x0000000084b00000| Untracked |  0
|  30|0x0000000084c00000, 0x0000000084c00000, 0x0000000084d00000|  0%| F|  |TAMS 0x0000000084c00000| PB 0x0000000084c00000| Untracked |  0
|  31|0x0000000084d00000, 0x0000000084d00000, 0x0000000084e00000|  0%| F|  |TAMS 0x0000000084d00000| PB 0x0000000084d00000| Untracked |  0
|  32|0x0000000084e00000, 0x0000000084e00000, 0x0000000084f00000|  0%| F|  |TAMS 0x0000000084e00000| PB 0x0000000084e00000| Untracked |  0
|  33|0x0000000084f00000, 0x0000000084f00000, 0x0000000085000000|  0%| F|  |TAMS 0x0000000084f00000| PB 0x0000000084f00000| Untracked |  0
|  34|0x0000000085000000, 0x0000000085000000, 0x0000000085100000|  0%| F|  |TAMS 0x0000000085000000| PB 0x0000000085000000| Untracked |  0
|  35|0x0000000085100000, 0x0000000085100000, 0x0000000085200000|  0%| F|  |TAMS 0x0000000085100000| PB 0x0000000085100000| Untracked |  0
|  36|0x0000000085200000, 0x0000000085200000, 0x0000000085300000|  0%| F|  |TAMS 0x0000000085200000| PB 0x0000000085200000| Untracked |  0
|  37|0x0000000085300000, 0x0000000085300000, 0x0000000085400000|  0%| F|  |TAMS 0x0000000085300000| PB 0x0000000085300000| Untracked |  0
|  38|0x0000000085400000, 0x0000000085400000, 0x0000000085500000|  0%| F|  |TAMS 0x0000000085400000| PB 0x0000000085400000| Untracked |  0
|  39|0x0000000085500000, 0x0000000085500000, 0x0000000085600000|  0%| F|  |TAMS 0x0000000085500000| PB 0x0000000085500000| Untracked |  0
|  40|0x0000000085600000, 0x0000000085600000, 0x0000000085700000|  0%| F|  |TAMS 0x0000000085600000| PB 0x0000000085600000| Untracked |  0
|  41|0x0000000085700000, 0x0000000085700000, 0x0000000085800000|  0%| F|  |TAMS 0x0000000085700000| PB 0x0000000085700000| Untracked |  0
|  42|0x0000000085800000, 0x0000000085800000, 0x0000000085900000|  0%| F|  |TAMS 0x0000000085800000| PB 0x0000000085800000| Untracked |  0
|  43|0x0000000085900000, 0x0000000085900000, 0x0000000085a00000|  0%| F|  |TAMS 0x0000000085900000| PB 0x0000000085900000| Untracked |  0
|  44|0x0000000085a00000, 0x0000000085a00000, 0x0000000085b00000|  0%| F|  |TAMS 0x0000000085a00000| PB 0x0000000085a00000| Untracked |  0
|  45|0x0000000085b00000, 0x0000000085b00000, 0x0000000085c00000|  0%| F|  |TAMS 0x0000000085b00000| PB 0x0000000085b00000| Untracked |  0
|  46|0x0000000085c00000, 0x0000000085c00000, 0x0000000085d00000|  0%| F|  |TAMS 0x0000000085c00000| PB 0x0000000085c00000| Untracked |  0
|  47|0x0000000085d00000, 0x0000000085d00000, 0x0000000085e00000|  0%| F|  |TAMS 0x0000000085d00000| PB 0x0000000085d00000| Untracked |  0
|  48|0x0000000085e00000, 0x0000000085e00000, 0x0000000085f00000|  0%| F|  |TAMS 0x0000000085e00000| PB 0x0000000085e00000| Untracked |  0
|  49|0x0000000085f00000, 0x0000000085f00000, 0x0000000086000000|  0%| F|  |TAMS 0x0000000085f00000| PB 0x0000000085f00000| Untracked |  0
|  50|0x0000000086000000, 0x0000000086000000, 0x0000000086100000|  0%| F|  |TAMS 0x0000000086000000| PB 0x0000000086000000| Untracked |  0
|  51|0x0000000086100000, 0x0000000086100000, 0x0000000086200000|  0%| F|  |TAMS 0x0000000086100000| PB 0x0000000086100000| Untracked |  0
|  52|0x0000000086200000, 0x0000000086200000, 0x0000000086300000|  0%| F|  |TAMS 0x0000000086200000| PB 0x0000000086200000| Untracked |  0
|  53|0x0000000086300000, 0x0000000086300000, 0x0000000086400000|  0%| F|  |TAMS 0x0000000086300000| PB 0x0000000086300000| Untracked |  0
|  54|0x0000000086400000, 0x0000000086400000, 0x0000000086500000|  0%| F|  |TAMS 0x0000000086400000| PB 0x0000000086400000| Untracked |  0
|  55|0x0000000086500000, 0x0000000086500000, 0x0000000086600000|  0%| F|  |TAMS 0x0000000086500000| PB 0x0000000086500000| Untracked |  0
|  56|0x0000000086600000, 0x0000000086600000, 0x0000000086700000|  0%| F|  |TAMS 0x0000000086600000| PB 0x0000000086600000| Untracked |  0
|  57|0x0000000086700000, 0x0000000086700000, 0x0000000086800000|  0%| F|  |TAMS 0x0000000086700000| PB 0x0000000086700000| Untracked |  0
|  58|0x0000000086800000, 0x0000000086800000, 0x0000000086900000|  0%| F|  |TAMS 0x0000000086800000| PB 0x0000000086800000| Untracked |  0
|  59|0x0000000086900000, 0x0000000086900000, 0x0000000086a00000|  0%| F|  |TAMS 0x0000000086900000| PB 0x0000000086900000| Untracked |  0
|  60|0x0000000086a00000, 0x0000000086a00000, 0x0000000086b00000|  0%| F|  |TAMS 0x0000000086a00000| PB 0x0000000086a00000| Untracked |  0
|  61|0x0000000086b00000, 0x0000000086b00000, 0x0000000086c00000|  0%| F|  |TAMS 0x0000000086b00000| PB 0x0000000086b00000| Untracked |  0
|  62|0x0000000086c00000, 0x0000000086c00000, 0x0000000086d00000|  0%| F|  |TAMS 0x0000000086c00000| PB 0x0000000086c00000| Untracked |  0
|  63|0x0000000086d00000, 0x0000000086d00000, 0x0000000086e00000|  0%| F|  |TAMS 0x0000000086d00000| PB 0x0000000086d00000| Untracked |  0
|  64|0x0000000086e00000, 0x0000000086e00000, 0x0000000086f00000|  0%| F|  |TAMS 0x0000000086e00000| PB 0x0000000086e00000| Untracked |  0
|  65|0x0000000086f00000, 0x0000000086f00000, 0x0000000087000000|  0%| F|  |TAMS 0x0000000086f00000| PB 0x0000000086f00000| Untracked |  0
|  66|0x0000000087000000, 0x0000000087000000, 0x0000000087100000|  0%| F|  |TAMS 0x0000000087000000| PB 0x0000000087000000| Untracked |  0
|  67|0x0000000087100000, 0x0000000087100000, 0x0000000087200000|  0%| F|  |TAMS 0x0000000087100000| PB 0x0000000087100000| Untracked |  0
|  68|0x0000000087200000, 0x0000000087200000, 0x0000000087300000|  0%| F|  |TAMS 0x0000000087200000| PB 0x0000000087200000| Untracked |  0
|  69|0x0000000087300000, 0x0000000087300000, 0x0000000087400000|  0%| F|  |TAMS 0x0000000087300000| PB 0x0000000087300000| Untracked |  0
|  70|0x0000000087400000, 0x0000000087400000, 0x0000000087500000|  0%| F|  |TAMS 0x0000000087400000| PB 0x0000000087400000| Untracked |  0
|  71|0x0000000087500000, 0x0000000087500000, 0x0000000087600000|  0%| F|  |TAMS 0x0000000087500000| PB 0x0000000087500000| Untracked |  0
|  72|0x0000000087600000, 0x0000000087600000, 0x0000000087700000|  0%| F|  |TAMS 0x0000000087600000| PB 0x0000000087600000| Untracked |  0
|  73|0x0000000087700000, 0x0000000087700000, 0x0000000087800000|  0%| F|  |TAMS 0x0000000087700000| PB 0x0000000087700000| Untracked |  0
|  74|0x0000000087800000, 0x0000000087800000, 0x0000000087900000|  0%| F|  |TAMS 0x0000000087800000| PB 0x0000000087800000| Untracked |  0
|  75|0x0000000087900000, 0x0000000087900000, 0x0000000087a00000|  0%| F|  |TAMS 0x0000000087900000| PB 0x0000000087900000| Untracked |  0
|  76|0x0000000087a00000, 0x0000000087a00000, 0x0000000087b00000|  0%| F|  |TAMS 0x0000000087a00000| PB 0x0000000087a00000| Untracked |  0
|  77|0x0000000087b00000, 0x0000000087b00000, 0x0000000087c00000|  0%| F|  |TAMS 0x0000000087b00000| PB 0x0000000087b00000| Untracked |  0
|  78|0x0000000087c00000, 0x0000000087c00000, 0x0000000087d00000|  0%| F|  |TAMS 0x0000000087c00000| PB 0x0000000087c00000| Untracked |  0
|  79|0x0000000087d00000, 0x0000000087d00000, 0x0000000087e00000|  0%| F|  |TAMS 0x0000000087d00000| PB 0x0000000087d00000| Untracked |  0
|  80|0x0000000087e00000, 0x0000000087e00000, 0x0000000087f00000|  0%| F|  |TAMS 0x0000000087e00000| PB 0x0000000087e00000| Untracked |  0
|  81|0x0000000087f00000, 0x0000000087f00000, 0x0000000088000000|  0%| F|  |TAMS 0x0000000087f00000| PB 0x0000000087f00000| Untracked |  0
|  82|0x0000000088000000, 0x0000000088000000, 0x0000000088100000|  0%| F|  |TAMS 0x0000000088000000| PB 0x0000000088000000| Untracked |  0
|  83|0x0000000088100000, 0x0000000088100000, 0x0000000088200000|  0%| F|  |TAMS 0x0000000088100000| PB 0x0000000088100000| Untracked |  0
|  84|0x0000000088200000, 0x0000000088200000, 0x0000000088300000|  0%| F|  |TAMS 0x0000000088200000| PB 0x0000000088200000| Untracked |  0
|  85|0x0000000088300000, 0x0000000088300000, 0x0000000088400000|  0%| F|  |TAMS 0x0000000088300000| PB 0x0000000088300000| Untracked |  0
|  86|0x0000000088400000, 0x0000000088400000, 0x0000000088500000|  0%| F|  |TAMS 0x0000000088400000| PB 0x0000000088400000| Untracked |  0
|  87|0x0000000088500000, 0x0000000088500000, 0x0000000088600000|  0%| F|  |TAMS 0x0000000088500000| PB 0x0000000088500000| Untracked |  0
|  88|0x0000000088600000, 0x0000000088600000, 0x0000000088700000|  0%| F|  |TAMS 0x0000000088600000| PB 0x0000000088600000| Untracked |  0
|  89|0x0000000088700000, 0x0000000088700000, 0x0000000088800000|  0%| F|  |TAMS 0x0000000088700000| PB 0x0000000088700000| Untracked |  0
|  90|0x0000000088800000, 0x0000000088800000, 0x0000000088900000|  0%| F|  |TAMS 0x0000000088800000| PB 0x0000000088800000| Untracked |  0
|  91|0x0000000088900000, 0x0000000088900000, 0x0000000088a00000|  0%| F|  |TAMS 0x0000000088900000| PB 0x0000000088900000| Untracked |  0
|  92|0x0000000088a00000, 0x0000000088a00000, 0x0000000088b00000|  0%| F|  |TAMS 0x0000000088a00000| PB 0x0000000088a00000| Untracked |  0
|  93|0x0000000088b00000, 0x0000000088b00000, 0x0000000088c00000|  0%| F|  |TAMS 0x0000000088b00000| PB 0x0000000088b00000| Untracked |  0
|  94|0x0000000088c00000, 0x0000000088c00000, 0x0000000088d00000|  0%| F|  |TAMS 0x0000000088c00000| PB 0x0000000088c00000| Untracked |  0
|  95|0x0000000088d00000, 0x0000000088d00000, 0x0000000088e00000|  0%| F|  |TAMS 0x0000000088d00000| PB 0x0000000088d00000| Untracked |  0
|  96|0x0000000088e00000, 0x0000000088e00000, 0x0000000088f00000|  0%| F|  |TAMS 0x0000000088e00000| PB 0x0000000088e00000| Untracked |  0
|  97|0x0000000088f00000, 0x0000000088f00000, 0x0000000089000000|  0%| F|  |TAMS 0x0000000088f00000| PB 0x0000000088f00000| Untracked |  0
|  98|0x0000000089000000, 0x0000000089000000, 0x0000000089100000|  0%| F|  |TAMS 0x0000000089000000| PB 0x0000000089000000| Untracked |  0
|  99|0x0000000089100000, 0x0000000089100000, 0x0000000089200000|  0%| F|  |TAMS 0x0000000089100000| PB 0x0000000089100000| Untracked |  0
| 100|0x0000000089200000, 0x0000000089200000, 0x0000000089300000|  0%| F|  |TAMS 0x0000000089200000| PB 0x0000000089200000| Untracked |  0
| 101|0x0000000089300000, 0x0000000089300000, 0x0000000089400000|  0%| F|  |TAMS 0x0000000089300000| PB 0x0000000089300000| Untracked |  0
| 102|0x0000000089400000, 0x0000000089400000, 0x0000000089500000|  0%| F|  |TAMS 0x0000000089400000| PB 0x0000000089400000| Untracked |  0
| 103|0x0000000089500000, 0x0000000089500000, 0x0000000089600000|  0%| F|  |TAMS 0x0000000089500000| PB 0x0000000089500000| Untracked |  0
| 104|0x0000000089600000, 0x0000000089600000, 0x0000000089700000|  0%| F|  |TAMS 0x0000000089600000| PB 0x0000000089600000| Untracked |  0
| 105|0x0000000089700000, 0x0000000089700000, 0x0000000089800000|  0%| F|  |TAMS 0x0000000089700000| PB 0x0000000089700000| Untracked |  0
| 106|0x0000000089800000, 0x0000000089800000, 0x0000000089900000|  0%| F|  |TAMS 0x0000000089800000| PB 0x0000000089800000| Untracked |  0
| 107|0x0000000089900000, 0x0000000089900000, 0x0000000089a00000|  0%| F|  |TAMS 0x0000000089900000| PB 0x0000000089900000| Untracked |  0
| 108|0x0000000089a00000, 0x0000000089a00000, 0x0000000089b00000|  0%| F|  |TAMS 0x0000000089a00000| PB 0x0000000089a00000| Untracked |  0
| 109|0x0000000089b00000, 0x0000000089b00000, 0x0000000089c00000|  0%| F|  |TAMS 0x0000000089b00000| PB 0x0000000089b00000| Untracked |  0
| 110|0x0000000089c00000, 0x0000000089c00000, 0x0000000089d00000|  0%| F|  |TAMS 0x0000000089c00000| PB 0x0000000089c00000| Untracked |  0
| 111|0x0000000089d00000, 0x0000000089d00000, 0x0000000089e00000|  0%| F|  |TAMS 0x0000000089d00000| PB 0x0000000089d00000| Untracked |  0
| 112|0x0000000089e00000, 0x0000000089e00000, 0x0000000089f00000|  0%| F|  |TAMS 0x0000000089e00000| PB 0x0000000089e00000| Untracked |  0
| 113|0x0000000089f00000, 0x0000000089f00000, 0x000000008a000000|  0%| F|  |TAMS 0x0000000089f00000| PB 0x0000000089f00000| Untracked |  0
| 114|0x000000008a000000, 0x000000008a000000, 0x000000008a100000|  0%| F|  |TAMS 0x000000008a000000| PB 0x000000008a000000| Untracked |  0
| 115|0x000000008a100000, 0x000000008a100000, 0x000000008a200000|  0%| F|  |TAMS 0x000000008a100000| PB 0x000000008a100000| Untracked |  0
| 116|0x000000008a200000, 0x000000008a200000, 0x000000008a300000|  0%| F|  |TAMS 0x000000008a200000| PB 0x000000008a200000| Untracked |  0
| 117|0x000000008a300000, 0x000000008a300000, 0x000000008a400000|  0%| F|  |TAMS 0x000000008a300000| PB 0x000000008a300000| Untracked |  0
| 118|0x000000008a400000, 0x000000008a400000, 0x000000008a500000|  0%| F|  |TAMS 0x000000008a400000| PB 0x000000008a400000| Untracked |  0
| 119|0x000000008a500000, 0x000000008a500000, 0x000000008a600000|  0%| F|  |TAMS 0x000000008a500000| PB 0x000000008a500000| Untracked |  0
| 120|0x000000008a600000, 0x000000008a600000, 0x000000008a700000|  0%| F|  |TAMS 0x000000008a600000| PB 0x000000008a600000| Untracked |  0
| 121|0x000000008a700000, 0x000000008a700000, 0x000000008a800000|  0%| F|  |TAMS 0x000000008a700000| PB 0x000000008a700000| Untracked |  0
| 122|0x000000008a800000, 0x000000008a84b6d8, 0x000000008a900000| 29%| E|  |TAMS 0x000000008a800000| PB 0x000000008a800000| Complete |  0
| 123|0x000000008a900000, 0x000000008a9fe500, 0x000000008aa00000| 99%| E|  |TAMS 0x000000008a900000| PB 0x000000008a900000| Complete |  0
| 124|0x000000008aa00000, 0x000000008ab00000, 0x000000008ab00000|100%| E|CS|TAMS 0x000000008aa00000| PB 0x000000008aa00000| Complete |  0
| 125|0x000000008ab00000, 0x000000008ac00000, 0x000000008ac00000|100%| E|CS|TAMS 0x000000008ab00000| PB 0x000000008ab00000| Complete |  0

Card table byte_map: [0x0000014effa50000,0x0000014effe40000] _byte_map_base: 0x0000014eff639000

Marking Bits: (CMBitMap*) 0x0000014ef6f793f0
 Bits: [0x0000014e8f000000, 0x0000014e90f48000)

Polling page: 0x0000014ef66f0000

Metaspace:

Usage:
  Non-class:    766.84 KB used.
      Class:     70.35 KB used.
       Both:    837.20 KB used.

Virtual space:
  Non-class space:       64.00 MB reserved,     768.00 KB (  1%) committed,  1 nodes.
      Class space:        1.00 GB reserved,     128.00 KB ( <1%) committed,  1 nodes.
             Both:        1.06 GB reserved,     896.00 KB ( <1%) committed. 

Chunk freelists:
   Non-Class:  11.67 MB
       Class:  15.70 MB
        Both:  27.38 MB

MaxMetaspaceSize: unlimited
CompressedClassSpaceSize: 1.00 GB
Initial GC threshold: 21.00 MB
Current GC threshold: 21.00 MB
CDS: on
 - commit_granule_bytes: 65536.
 - commit_granule_words: 8192.
 - virtual_space_node_default_size: 8388608.
 - enlarge_chunks_in_place: 1.
 - use_allocation_guard: 0.


Internal statistics:

num_allocs_failed_limit: 0.
num_arena_births: 4.
num_arena_deaths: 0.
num_vsnodes_births: 2.
num_vsnodes_deaths: 0.
num_space_committed: 14.
num_space_uncommitted: 0.
num_chunks_returned_to_freelist: 0.
num_chunks_taken_from_freelist: 22.
num_chunk_merges: 0.
num_chunk_splits: 14.
num_chunks_enlarged: 9.
num_inconsistent_stats: 0.

CodeHeap 'non-profiled nmethods': size=120064Kb used=51Kb max_used=51Kb free=120013Kb
 bounds [0x0000014e87ac0000, 0x0000014e87d30000, 0x0000014e8f000000]
CodeHeap 'profiled nmethods': size=120000Kb used=270Kb max_used=270Kb free=119729Kb
 bounds [0x0000014e80000000, 0x0000014e80270000, 0x0000014e87530000]
CodeHeap 'non-nmethods': size=5696Kb used=1247Kb max_used=1247Kb free=4448Kb
 bounds [0x0000014e87530000, 0x0000014e877a0000, 0x0000014e87ac0000]
CodeCache: size=245760Kb, used=1568Kb, max_used=1568Kb, free=244190Kb
 total_blobs=609, nmethods=236, adapters=279, full_count=0
Compilation: enabled, stopped_count=0, restarted_count=0

Compilation events (20 events):
Event: 0.107 Thread 0x0000014e93307210 nmethod 227 0x0000014e8003d408 code [0x0000014e8003d520, 0x0000014e8003d648]
Event: 0.108 Thread 0x0000014e93307210  229   !   3       java.net.URL::<init> (543 bytes)
Event: 0.110 Thread 0x0000014e93307210 nmethod 229 0x0000014e8003d708 code [0x0000014e8003dc80, 0x0000014e80040e58]
Event: 0.110 Thread 0x0000014e93307210  234       3       java.lang.Integer::rotateLeft (9 bytes)
Event: 0.110 Thread 0x0000014e93307210 nmethod 234 0x0000014e80040f88 code [0x0000014e800410a0, 0x0000014e800411a0]
Event: 0.110 Thread 0x0000014e93307210  236       3       clojure.lang.Murmur3::mixK1 (19 bytes)
Event: 0.110 Thread 0x0000014e93307210 nmethod 236 0x0000014e80041288 code [0x0000014e800413a0, 0x0000014e80041500]
Event: 0.110 Thread 0x0000014e93307210  235       1       java.util.concurrent.atomic.AtomicReference::get (5 bytes)
Event: 0.110 Thread 0x0000014e93307210 nmethod 235 0x0000014e87acc908 code [0x0000014e87acca20, 0x0000014e87accae8]
Event: 0.110 Thread 0x0000014e93307210  237       3       clojure.lang.Murmur3::mixH1 (20 bytes)
Event: 0.110 Thread 0x0000014e93307210 nmethod 237 0x0000014e80041588 code [0x0000014e800416a0, 0x0000014e80041800]
Event: 0.110 Thread 0x0000014e93307210  232       3       java.lang.StringConcatHelper::initialCoder (14 bytes)
Event: 0.110 Thread 0x0000014e93307210 nmethod 232 0x0000014e80041888 code [0x0000014e800419a0, 0x0000014e80041ab0]
Event: 0.110 Thread 0x0000014e93307210  233       3       java.lang.String::concat (15 bytes)
Event: 0.111 Thread 0x0000014e93307210 nmethod 233 0x0000014e80041b88 code [0x0000014e80041e40, 0x0000014e800430c8]
Event: 0.111 Thread 0x0000014e93307210  231       3       java.lang.AbstractStringBuilder::newCapacity (59 bytes)
Event: 0.111 Thread 0x0000014e93307210 nmethod 231 0x0000014e80043188 code [0x0000014e800432e0, 0x0000014e80043690]
Event: 0.111 Thread 0x0000014e93307210  228       3       java.net.URL::<init> (8 bytes)
Event: 0.111 Thread 0x0000014e93307210 nmethod 228 0x0000014e80043708 code [0x0000014e80043820, 0x0000014e80043968]
Event: 0.111 Thread 0x0000014e93307210  230       3       java.net.URLStreamHandler::setURL (156 bytes)

GC Heap History (0 events):
No events

Dll operation events (5 events):
Event: 0.006 Loaded shared library C:\Program Files\Java\jdk-23\bin\java.dll
Event: 0.029 Loaded shared library C:\Program Files\Java\jdk-23\bin\jsvml.dll
Event: 0.056 Loaded shared library C:\Program Files\Java\jdk-23\bin\net.dll
Event: 0.057 Loaded shared library C:\Program Files\Java\jdk-23\bin\nio.dll
Event: 0.061 Loaded shared library C:\Program Files\Java\jdk-23\bin\zip.dll

Deoptimization events (0 events):
No events

Classes loaded (20 events):
Event: 0.093 Loading class java/lang/ThreadDeath
Event: 0.093 Loading class java/lang/ThreadDeath done
Event: 0.093 Loading class java/lang/UnknownError
Event: 0.093 Loading class java/lang/UnknownError done
Event: 0.093 Loading class java/lang/UnsatisfiedLinkError
Event: 0.093 Loading class java/lang/UnsatisfiedLinkError done
Event: 0.093 Loading class java/lang/UnsupportedClassVersionError
Event: 0.093 Loading class java/lang/UnsupportedClassVersionError done
Event: 0.093 Loading class java/lang/VerifyError
Event: 0.093 Loading class java/lang/VerifyError done
Event: 0.093 Loading class java/lang/Deprecated
Event: 0.093 Loading class java/lang/Deprecated done
Event: 0.093 Loading class java/lang/Override
Event: 0.093 Loading class java/lang/Override done
Event: 0.093 Loading class java/lang/SuppressWarnings
Event: 0.093 Loading class java/lang/SuppressWarnings done
Event: 0.100 Loading class java/util/NoSuchElementException
Event: 0.100 Loading class java/util/NoSuchElementException done
Event: 0.102 Loading class java/util/concurrent/atomic/AtomicReference
Event: 0.102 Loading class java/util/concurrent/atomic/AtomicReference done

Classes unloaded (0 events):
No events

Classes redefined (0 events):
No events

Internal exceptions (0 events):
No events

VM Operations (2 events):
Event: 0.072 Executing VM operation: HandshakeAllThreads (Deoptimize)
Event: 0.072 Executing VM operation: HandshakeAllThreads (Deoptimize) done

Memory protections (0 events):
No events

Nmethod flushes (0 events):
No events

Events (11 events):
Event: 0.018 Thread 0x0000014ef4c10980 Thread added: 0x0000014ef4c10980
Event: 0.027 Thread 0x0000014ef4c10980 Thread added: 0x0000014e932f2f00
Event: 0.027 Thread 0x0000014ef4c10980 Thread added: 0x0000014e932f6c40
Event: 0.027 Thread 0x0000014ef4c10980 Thread added: 0x0000014e932f9aa0
Event: 0.027 Thread 0x0000014ef4c10980 Thread added: 0x0000014e932fa500
Event: 0.027 Thread 0x0000014ef4c10980 Thread added: 0x0000014e932fdd20
Event: 0.027 Thread 0x0000014ef4c10980 Thread added: 0x0000014e93302a30
Event: 0.027 Thread 0x0000014ef4c10980 Thread added: 0x0000014e93306710
Event: 0.027 Thread 0x0000014ef4c10980 Thread added: 0x0000014e93307210
Event: 0.050 Thread 0x0000014ef4c10980 Thread added: 0x0000014e93466a80
Event: 0.054 Thread 0x0000014ef4c10980 Thread added: 0x0000014e93471b60


Dynamic libraries:
0x00007ff711dc0000 - 0x00007ff711dd0000 	C:\Program Files\Java\jdk-23\bin\java.exe
0x00007ffefeed0000 - 0x00007ffeff0c8000 	C:\Windows\SYSTEM32\ntdll.dll
0x00007ffefd760000 - 0x00007ffefd822000 	C:\Windows\System32\KERNEL32.DLL
0x00007ffefc7f0000 - 0x00007ffefcaee000 	C:\Windows\System32\KERNELBASE.dll
0x00007ffefc570000 - 0x00007ffefc670000 	C:\Windows\System32\ucrtbase.dll
0x00007ffede7f0000 - 0x00007ffede807000 	C:\Program Files\Java\jdk-23\bin\jli.dll
0x00007ffee0790000 - 0x00007ffee07ab000 	C:\Program Files\Java\jdk-23\bin\VCRUNTIME140.dll
0x00007ffefe300000 - 0x00007ffefe49d000 	C:\Windows\System32\USER32.dll
0x00007ffefcc10000 - 0x00007ffefcc32000 	C:\Windows\System32\win32u.dll
0x00007ffee6dd0000 - 0x00007ffee706a000 	C:\Windows\WinSxS\amd64_microsoft.windows.common-controls_6595b64144ccf1df_6.0.19041.4355_none_60b8b9eb71f62e16\COMCTL32.dll
0x00007ffefcef0000 - 0x00007ffefcf1b000 	C:\Windows\System32\GDI32.dll
0x00007ffefdfa0000 - 0x00007ffefe03e000 	C:\Windows\System32\msvcrt.dll
0x00007ffefcaf0000 - 0x00007ffefcc07000 	C:\Windows\System32\gdi32full.dll
0x00007ffefcda0000 - 0x00007ffefce3d000 	C:\Windows\System32\msvcp_win.dll
0x00007ffefd830000 - 0x00007ffefd85f000 	C:\Windows\System32\IMM32.DLL
0x00007ffef8a30000 - 0x00007ffef8a3c000 	C:\Program Files\Java\jdk-23\bin\vcruntime140_1.dll
0x00007ffedd7a0000 - 0x00007ffedd82e000 	C:\Program Files\Java\jdk-23\bin\msvcp140.dll
0x00007ffe9d270000 - 0x00007ffe9dfbf000 	C:\Program Files\Java\jdk-23\bin\server\jvm.dll
0x00007ffefe0a0000 - 0x00007ffefe152000 	C:\Windows\System32\ADVAPI32.dll
0x00007ffefd390000 - 0x00007ffefd430000 	C:\Windows\System32\sechost.dll
0x00007ffefde10000 - 0x00007ffefdf33000 	C:\Windows\System32\RPCRT4.dll
0x00007ffefc750000 - 0x00007ffefc777000 	C:\Windows\System32\bcrypt.dll
0x00007ffefdda0000 - 0x00007ffefde0b000 	C:\Windows\System32\WS2_32.dll
0x00007ffef5b20000 - 0x00007ffef5b2a000 	C:\Windows\SYSTEM32\VERSION.dll
0x00007ffee7810000 - 0x00007ffee7837000 	C:\Windows\SYSTEM32\WINMM.dll
0x00007ffefbab0000 - 0x00007ffefbafb000 	C:\Windows\SYSTEM32\POWRPROF.dll
0x00007ffefb970000 - 0x00007ffefb982000 	C:\Windows\SYSTEM32\UMPDC.dll
0x00007ffefad90000 - 0x00007ffefada2000 	C:\Windows\SYSTEM32\kernel.appcore.dll
0x00007ffef89a0000 - 0x00007ffef89aa000 	C:\Program Files\Java\jdk-23\bin\jimage.dll
0x00007ffefa2f0000 - 0x00007ffefa4d4000 	C:\Windows\SYSTEM32\DBGHELP.DLL
0x00007ffeddc30000 - 0x00007ffeddc64000 	C:\Windows\SYSTEM32\dbgcore.DLL
0x00007ffefc6c0000 - 0x00007ffefc742000 	C:\Windows\System32\bcryptPrimitives.dll
0x00007ffede790000 - 0x00007ffede7ae000 	C:\Program Files\Java\jdk-23\bin\java.dll
0x00007ffefd430000 - 0x00007ffefd55b000 	C:\Windows\System32\ole32.dll
0x00007ffefd860000 - 0x00007ffefdbb3000 	C:\Windows\System32\combase.dll
0x00007ffefe4b0000 - 0x00007ffefec1f000 	C:\Windows\System32\SHELL32.dll
0x00007ffefa5d0000 - 0x00007ffefad74000 	C:\Windows\SYSTEM32\windows.storage.dll
0x00007ffefbfa0000 - 0x00007ffefbfce000 	C:\Windows\SYSTEM32\Wldp.dll
0x00007ffefdc50000 - 0x00007ffefdd1d000 	C:\Windows\System32\OLEAUT32.dll
0x00007ffefede0000 - 0x00007ffefee8d000 	C:\Windows\System32\SHCORE.dll
0x00007ffefdd40000 - 0x00007ffefdd95000 	C:\Windows\System32\shlwapi.dll
0x00007ffefc4a0000 - 0x00007ffefc4c4000 	C:\Windows\SYSTEM32\profapi.dll
0x00007ffecf3e0000 - 0x00007ffecf4b7000 	C:\Program Files\Java\jdk-23\bin\jsvml.dll
0x00007ffef6f80000 - 0x00007ffef6f90000 	C:\Program Files\Java\jdk-23\bin\net.dll
0x00007ffefbd00000 - 0x00007ffefbd6a000 	C:\Windows\system32\mswsock.dll
0x00007ffede770000 - 0x00007ffede786000 	C:\Program Files\Java\jdk-23\bin\nio.dll
0x00007ffedd8b0000 - 0x00007ffedd8c7000 	C:\Program Files\Java\jdk-23\bin\zip.dll

dbghelp: loaded successfully - version: 4.0.5 - missing functions: none
symbol engine: initialized successfully - sym options: 0x614 - pdb path: .;C:\Program Files\Java\jdk-23\bin;C:\Windows\SYSTEM32;C:\Windows\WinSxS\amd64_microsoft.windows.common-controls_6595b64144ccf1df_6.0.19041.4355_none_60b8b9eb71f62e16;C:\Program Files\Java\jdk-23\bin\server

VM Arguments:
jvm_args: -Dfile.encoding=UTF-8 -XX:-OmitStackTraceInFastThrow -Dclojure.compile.path=C:\Users\samuel\av3funcional\target\classes -Dav3funcional.version=0.1.0-SNAPSHOT -Dclojure.debug=false 
java_command: clojure.main -i C:\Users\samuel\AppData\Local\Temp\form-init15583380326660401860.clj
java_class_path (initial): C:\Users\samuel\av3funcional\test;C:\Users\samuel\av3funcional\src;C:\Users\samuel\av3funcional\dev-resources;C:\Users\samuel\av3funcional\resources;C:\Users\samuel\av3funcional\target\classes;C:\Users\samuel\.m2\repository\org\apache\httpcomponents\httpcore\4.4.14\httpcore-4.4.14.jar;C:\Users\samuel\.m2\repository\org\nrepl\incomplete\0.1.0\incomplete-0.1.0.jar;C:\Users\samuel\.m2\repository\potemkin\potemkin\0.4.5\potemkin-0.4.5.jar;C:\Users\samuel\.m2\repository\commons-codec\commons-codec\1.15\commons-codec-1.15.jar;C:\Users\samuel\.m2\repository\org\apache\httpcomponents\httpmime\4.5.13\httpmime-4.5.13.jar;C:\Users\samuel\.m2\repository\nrepl\nrepl\1.0.0\nrepl-1.0.0.jar;C:\Users\samuel\.m2\repository\clj-http\clj-http\3.12.3\clj-http-3.12.3.jar;C:\Users\samuel\.m2\repository\clj-tuple\clj-tuple\0.2.2\clj-tuple-0.2.2.jar;C:\Users\samuel\.m2\repository\slingshot\slingshot\0.12.2\slingshot-0.12.2.jar;C:\Users\samuel\.m2\repository\org\apache\httpcomponents\httpclient\4.5.13\httpclient-4.5.13.jar;C:\Users\samuel\.m2\repository\org\apache\httpcomponents\httpasyncclient\4.1.4\httpasyncclient-4.1.4.jar;C:\Users\samuel\.m2\repository\org\apache\httpcomponents\httpclient-cache\4.5.13\httpclient-cache-4.5.13.jar;C:\Users\samuel\.m2\repository\org\clojure\clojure\1.10.1\clojure-1.10.1.jar;C:\Users\samuel\.m2\repository\riddley\riddley\0.1.12\riddley-0.1.12.jar;C:\Users\samuel\.m2\repository\commons-logging\commons-logging\1.2\commons-logging-1.2.jar;C:\Users\samuel\.m2\repository\commons-io\commons-io\2.8.0\commons-io-2.8.0.jar;C:\Users\samuel\.m2\repository\org\apache\httpcomponents\httpcore-nio\4.4.10\httpcore-nio-4.4.10.jar;C:\Users\samuel\.m2\repository\org\clojure\core.specs.alpha\0.2.44\core.specs.alpha-0.2.44.jar;C:\Users\samuel\.m2\repository\org\clojure\spec.alpha\0.2.176\spec.alpha-0.2.176.jar
Launcher Type: SUN_STANDARD

[Global flags]
     intx CICompilerCount                          = 3                                         {product} {ergonomic}
     uint ConcGCThreads                            = 1                                         {product} {ergonomic}
     uint G1ConcRefinementThreads                  = 4                                         {product} {ergonomic}
   size_t G1HeapRegionSize                         = 1048576                                   {product} {ergonomic}
   size_t InitialHeapSize                          = 132120576                                 {product} {ergonomic}
   size_t MarkStackSize                            = 4194304                                   {product} {ergonomic}
   size_t MarkStackSizeMax                         = 536870912                                 {product} {ergonomic}
   size_t MaxHeapSize                              = 2099249152                                {product} {ergonomic}
   size_t MaxNewSize                               = 1259339776                                {product} {ergonomic}
   size_t MinHeapDeltaBytes                        = 1048576                                   {product} {ergonomic}
   size_t MinHeapSize                              = 8388608                                   {product} {ergonomic}
    uintx NonNMethodCodeHeapSize                   = 5832704                                {pd product} {ergonomic}
    uintx NonProfiledCodeHeapSize                  = 122945536                              {pd product} {ergonomic}
     bool OmitStackTraceInFastThrow                = false                                     {product} {command line}
    uintx ProfiledCodeHeapSize                     = 122880000                              {pd product} {ergonomic}
    uintx ReservedCodeCacheSize                    = 251658240                              {pd product} {ergonomic}
     bool SegmentedCodeCache                       = true                                      {product} {ergonomic}
   size_t SoftMaxHeapSize                          = 2099249152                             {manageable} {ergonomic}
     bool UseCompressedOops                        = true                           {product lp64_product} {ergonomic}
     bool UseG1GC                                  = true                                      {product} {ergonomic}
     bool UseLargePagesIndividualAllocation        = false                                  {pd product} {ergonomic}

Logging:
Log output configuration:
 #0: stdout all=warning uptime,level,tags foldmultilines=false
 #1: stderr all=off uptime,level,tags foldmultilines=false

Environment Variables:
CLASSPATH=C:\Users\samuel\.lein\self-installs\leiningen-2.11.2-standalone.jar
PATH=C:\Program Files\Common Files\Oracle\Java\javapath;C:\Windows\system32;C:\Windows;C:\Windows\System32\Wbem;C:\Windows\System32\WindowsPowerShell\v1.0\;C:\Windows\System32\OpenSSH\;C:\Program Files\dotnet\;C:\ProgramData\chocolatey\bin;C:\Program Files\nodejs\;C:\Program Files\Git\cmd;C:\Users\samuel\AppData\Local\Programs\Python\Python312\Scripts\;C:\Users\samuel\AppData\Local\Programs\Python\Python312\;C:\Users\samuel\AppData\Local\Microsoft\WindowsApps;C:\Users\samuel\AppData\Local\Programs\Microsoft VS Code\bin;C:\Users\samuel\AppData\Local\Microsoft\WinGet\Packages\Schniz.fnm_Microsoft.Winget.Source_8wekyb3d8bbwe;C:\Users\samuel\AppData\Roaming\npm;C:\Users\samuel\AppData\Local\GitHubDesktop\bin;C:\Program Files\JetBrains\IntelliJ IDEA Community Edition 2024.2.4\bin;;C:\Users\samuel\leiningen\bin;
USERNAME=samuel
OS=Windows_NT
PROCESSOR_IDENTIFIER=Intel64 Family 6 Model 166 Stepping 0, GenuineIntel
TMP=C:\Users\samuel\AppData\Local\Temp
TEMP=C:\Users\samuel\AppData\Local\Temp




Periodic native trim disabled

---------------  S Y S T E M  ---------------

OS:
 Windows 10 , 64 bit Build 19041 (10.0.19041.4957)
OS uptime: 0 days 3:37 hours

CPU: total 4 (initial active 4) (2 cores per cpu, 2 threads per core) family 6 model 166 stepping 0 microcode 0xc6, cx8, cmov, fxsr, ht, mmx, 3dnowpref, sse, sse2, sse3, ssse3, sse4.1, sse4.2, popcnt, lzcnt, tsc, tscinvbit, avx, avx2, aes, erms, clmul, bmi1, bmi2, adx, fma, vzeroupper, clflush, clflushopt, rdtscp, f16c
Processor Information for the first 4 processors :
  Max Mhz: 2592, Current Mhz: 2093, Mhz Limit: 2073

Memory: 4k page, system-wide physical 8006M (913M free)
TotalPageFile size 8006M (AvailPageFile size 16M)
current process WorkingSet (physical memory assigned to process): 40M, peak: 40M
current process commit charge ("private bytes"): 201M, peak: 201M

vm_info: Java HotSpot(TM) 64-Bit Server VM (23.0.1+11-39) for windows-amd64 JRE (23.0.1+11-39), built on 2024-09-30T07:20:43Z with MS VC++ 17.6 (VS2022)

END.
