#
# There is insufficient memory for the Java Runtime Environment to continue.
# Native memory allocation (mmap) failed to map 132120576 bytes. Error detail: G1 virtual space
# Possible reasons:
#   The system is out of physical RAM or swap space
#   This process is running with CompressedOops enabled, and the Java Heap may be blocking the growth of the native heap
# Possible solutions:
#   Reduce memory load on the system
#   Increase physical memory or swap space
#   Check if swap backing store is full
#   Decrease Java heap size (-Xmx/-Xms)
#   Decrease number of Java threads
#   Decrease Java thread stack sizes (-Xss)
#   Set larger code cache with -XX:ReservedCodeCacheSize=
#   JVM is running with Unscaled Compressed Oops mode in which the Java heap is
#     placed in the first 4GB address space. The Java Heap base address is the
#     maximum limit for the native heap growth. Please use -XX:HeapBaseMinAddress
#     to set the Java Heap base and to place the Java Heap above 4GB virtual address.
# This output file may be truncated or incomplete.
#
#  Out of Memory Error (os_windows.cpp:3703), pid=11764, tid=2780
#
# JRE version:  (23.0.1+11) (build )
# Java VM: Java HotSpot(TM) 64-Bit Server VM (23.0.1+11-39, mixed mode, sharing, tiered, compressed oops, compressed class ptrs, g1 gc, windows-amd64)
# No core dump will be written. Minidumps are not enabled by default on client versions of Windows
#

---------------  S U M M A R Y ------------

Command Line: -Dfile.encoding=UTF-8 -XX:-OmitStackTraceInFastThrow -Dclojure.compile.path=C:\Users\samuel\av3funcional\target\classes -Dav3funcional.version=0.1.0-SNAPSHOT -Dclojure.debug=false clojure.main -i C:\Users\samuel\AppData\Local\Temp\form-init11745275345429784339.clj

Host: Intel(R) Core(TM) i3-10110U CPU @ 2.10GHz, 4 cores, 7G,  Windows 10 , 64 bit Build 19041 (10.0.19041.4957)
Time: Tue Nov 12 16:48:13 2024 Hora oficial do Brasil elapsed time: 0.159828 seconds (0d 0h 0m 0s)

---------------  T H R E A D  ---------------

Current thread (0x00000173f76cf540):  JavaThread "Unknown thread" [_thread_in_vm, id=2780, stack(0x0000003f54600000,0x0000003f54700000) (1024K)]

Stack: [0x0000003f54600000,0x0000003f54700000]
Native frames: (J=compiled Java code, j=interpreted, Vv=VM code, C=native code)
V  [jvm.dll+0x6e08b9]  (no source info available)
V  [jvm.dll+0x87dc83]  (no source info available)
V  [jvm.dll+0x88010e]  (no source info available)
V  [jvm.dll+0x8807e3]  (no source info available)
V  [jvm.dll+0x27aee6]  (no source info available)
V  [jvm.dll+0x6dd1c5]  (no source info available)
V  [jvm.dll+0x6d104a]  (no source info available)
V  [jvm.dll+0x35b3ea]  (no source info available)
V  [jvm.dll+0x3637f6]  (no source info available)
V  [jvm.dll+0x34fd5e]  (no source info available)
V  [jvm.dll+0x34fff8]  (no source info available)
V  [jvm.dll+0x3289cc]  (no source info available)
V  [jvm.dll+0x32966e]  (no source info available)
V  [jvm.dll+0x844355]  (no source info available)
V  [jvm.dll+0x3b9848]  (no source info available)
V  [jvm.dll+0x82d14c]  (no source info available)
V  [jvm.dll+0x454d4e]  (no source info available)
V  [jvm.dll+0x456bd1]  (no source info available)
C  [jli.dll+0x52a3]  (no source info available)
C  [ucrtbase.dll+0x21bb2]  (no source info available)
C  [KERNEL32.DLL+0x17374]  (no source info available)
C  [ntdll.dll+0x4cc91]  (no source info available)

Lock stack of current Java thread (top to bottom):


---------------  P R O C E S S  ---------------

Threads class SMR info:
_java_thread_list=0x00007ffe9de63618, length=0, elements={
}

Java Threads: ( => current thread )
Total: 0

Other Threads:
  0x00000173f99a7890 WorkerThread "GC Thread#0"                     [id=5276, stack(0x0000003f54700000,0x0000003f54800000) (1024K)]
  0x00000173f99bc1b0 ConcurrentGCThread "G1 Main Marker"            [id=7564, stack(0x0000003f54800000,0x0000003f54900000) (1024K)]
  0x00000173f99bce70 WorkerThread "G1 Conc#0"                       [id=9592, stack(0x0000003f54900000,0x0000003f54a00000) (1024K)]

[error occurred during error reporting (printing all threads), id 0xc0000005, EXCEPTION_ACCESS_VIOLATION (0xc0000005) at pc=0x00007ffe9d5abfba]
VM state: not at safepoint (not fully initialized)

VM Mutex/Monitor currently owned by a thread:  ([mutex/lock_event])
[0x00007ffe9dee3a10] Heap_lock - owner thread: 0x00000173f76cf540

Heap address: 0x0000000082e00000, size: 2002 MB, Compressed Oops mode: 32-bit

CDS archive(s) mapped at: [0x0000000000000000-0x0000000000000000-0x0000000000000000), size 0, SharedBaseAddress: 0x0000000800000000, ArchiveRelocationMode: 1.
Narrow klass base: 0x0000000000000000, Narrow klass shift: 0, Narrow klass range: 0x0

GC Precious Log:
 CardTable entry size: 512
 Card Set container configuration: InlinePtr #cards 5 size 8 Array Of Cards #cards 10 size 36 Howl #buckets 4 coarsen threshold 1843 Howl Bitmap #cards 512 size 80 coarsen threshold 460 Card regions per heap region 1 cards per card region 2048

Heap:
 garbage-first heap   total reserved 2050048K, committed 0K, used 0K [0x0000000082e00000, 0x0000000100000000)
  region size 1024K, 0 young (0K), 0 survivors (0K)

[error occurred during error reporting (printing heap information), id 0xc0000005, EXCEPTION_ACCESS_VIOLATION (0xc0000005) at pc=0x00007ffe9d9ac3c9]
GC Heap History (0 events):
No events

Dll operation events (1 events):
Event: 0.008 Loaded shared library C:\Program Files\Java\jdk-23\bin\java.dll

Deoptimization events (0 events):
No events

Classes loaded (0 events):
No events

Classes unloaded (0 events):
No events

Classes redefined (0 events):
No events

Internal exceptions (0 events):
No events

VM Operations (0 events):
No events

Memory protections (0 events):
No events

Nmethod flushes (0 events):
No events

Events (0 events):
No events


Dynamic libraries:
0x00007ff711dc0000 - 0x00007ff711dd0000 	C:\Program Files\Java\jdk-23\bin\java.exe
0x00007ffefeed0000 - 0x00007ffeff0c8000 	C:\Windows\SYSTEM32\ntdll.dll
0x00007ffefd760000 - 0x00007ffefd822000 	C:\Windows\System32\KERNEL32.DLL
0x00007ffefc7f0000 - 0x00007ffefcaee000 	C:\Windows\System32\KERNELBASE.dll
0x00007ffefc570000 - 0x00007ffefc670000 	C:\Windows\System32\ucrtbase.dll
0x00007ffede7f0000 - 0x00007ffede80b000 	C:\Program Files\Java\jdk-23\bin\VCRUNTIME140.dll
0x00007ffee0790000 - 0x00007ffee07a7000 	C:\Program Files\Java\jdk-23\bin\jli.dll
0x00007ffefe300000 - 0x00007ffefe49d000 	C:\Windows\System32\USER32.dll
0x00007ffefcc10000 - 0x00007ffefcc32000 	C:\Windows\System32\win32u.dll
0x00007ffefcef0000 - 0x00007ffefcf1b000 	C:\Windows\System32\GDI32.dll
0x00007ffefcaf0000 - 0x00007ffefcc07000 	C:\Windows\System32\gdi32full.dll
0x00007ffefcda0000 - 0x00007ffefce3d000 	C:\Windows\System32\msvcp_win.dll
0x00007ffee6dd0000 - 0x00007ffee706a000 	C:\Windows\WinSxS\amd64_microsoft.windows.common-controls_6595b64144ccf1df_6.0.19041.4355_none_60b8b9eb71f62e16\COMCTL32.dll
0x00007ffefdfa0000 - 0x00007ffefe03e000 	C:\Windows\System32\msvcrt.dll
0x00007ffefd830000 - 0x00007ffefd85f000 	C:\Windows\System32\IMM32.DLL
0x00007ffef8a30000 - 0x00007ffef8a3c000 	C:\Program Files\Java\jdk-23\bin\vcruntime140_1.dll
0x00007ffedd7a0000 - 0x00007ffedd82e000 	C:\Program Files\Java\jdk-23\bin\msvcp140.dll
0x00007ffe9d270000 - 0x00007ffe9dfbf000 	C:\Program Files\Java\jdk-23\bin\server\jvm.dll
0x00007ffefe0a0000 - 0x00007ffefe152000 	C:\Windows\System32\ADVAPI32.dll
0x00007ffefd390000 - 0x00007ffefd430000 	C:\Windows\System32\sechost.dll
0x00007ffefde10000 - 0x00007ffefdf33000 	C:\Windows\System32\RPCRT4.dll
0x00007ffefc750000 - 0x00007ffefc777000 	C:\Windows\System32\bcrypt.dll
0x00007ffefdda0000 - 0x00007ffefde0b000 	C:\Windows\System32\WS2_32.dll
0x00007ffefbab0000 - 0x00007ffefbafb000 	C:\Windows\SYSTEM32\POWRPROF.dll
0x00007ffee7810000 - 0x00007ffee7837000 	C:\Windows\SYSTEM32\WINMM.dll
0x00007ffef5b20000 - 0x00007ffef5b2a000 	C:\Windows\SYSTEM32\VERSION.dll
0x00007ffefb970000 - 0x00007ffefb982000 	C:\Windows\SYSTEM32\UMPDC.dll
0x00007ffefad90000 - 0x00007ffefada2000 	C:\Windows\SYSTEM32\kernel.appcore.dll
0x00007ffef89a0000 - 0x00007ffef89aa000 	C:\Program Files\Java\jdk-23\bin\jimage.dll
0x00007ffefa2f0000 - 0x00007ffefa4d4000 	C:\Windows\SYSTEM32\DBGHELP.DLL
0x00007ffeddc30000 - 0x00007ffeddc64000 	C:\Windows\SYSTEM32\dbgcore.DLL
0x00007ffefc6c0000 - 0x00007ffefc742000 	C:\Windows\System32\bcryptPrimitives.dll
0x00007ffede790000 - 0x00007ffede7ae000 	C:\Program Files\Java\jdk-23\bin\java.dll
0x00007ffefd430000 - 0x00007ffefd55b000 	C:\Windows\System32\ole32.dll
0x00007ffefd860000 - 0x00007ffefdbb3000 	C:\Windows\System32\combase.dll
0x00007ffefe4b0000 - 0x00007ffefec1f000 	C:\Windows\System32\SHELL32.dll

dbghelp: loaded successfully - version: 4.0.5 - missing functions: none
symbol engine: initialized successfully - sym options: 0x614 - pdb path: .;C:\Program Files\Java\jdk-23\bin;C:\Windows\SYSTEM32;C:\Windows\WinSxS\amd64_microsoft.windows.common-controls_6595b64144ccf1df_6.0.19041.4355_none_60b8b9eb71f62e16;C:\Program Files\Java\jdk-23\bin\server

VM Arguments:
jvm_args: -Dfile.encoding=UTF-8 -XX:-OmitStackTraceInFastThrow -Dclojure.compile.path=C:\Users\samuel\av3funcional\target\classes -Dav3funcional.version=0.1.0-SNAPSHOT -Dclojure.debug=false 
java_command: clojure.main -i C:\Users\samuel\AppData\Local\Temp\form-init11745275345429784339.clj
java_class_path (initial): C:\Users\samuel\av3funcional\test;C:\Users\samuel\av3funcional\src;C:\Users\samuel\av3funcional\dev-resources;C:\Users\samuel\av3funcional\resources;C:\Users\samuel\av3funcional\target\classes;C:\Users\samuel\.m2\repository\org\apache\httpcomponents\httpcore\4.4.14\httpcore-4.4.14.jar;C:\Users\samuel\.m2\repository\org\nrepl\incomplete\0.1.0\incomplete-0.1.0.jar;C:\Users\samuel\.m2\repository\potemkin\potemkin\0.4.5\potemkin-0.4.5.jar;C:\Users\samuel\.m2\repository\commons-codec\commons-codec\1.15\commons-codec-1.15.jar;C:\Users\samuel\.m2\repository\org\apache\httpcomponents\httpmime\4.5.13\httpmime-4.5.13.jar;C:\Users\samuel\.m2\repository\nrepl\nrepl\1.0.0\nrepl-1.0.0.jar;C:\Users\samuel\.m2\repository\clj-http\clj-http\3.12.3\clj-http-3.12.3.jar;C:\Users\samuel\.m2\repository\clj-tuple\clj-tuple\0.2.2\clj-tuple-0.2.2.jar;C:\Users\samuel\.m2\repository\slingshot\slingshot\0.12.2\slingshot-0.12.2.jar;C:\Users\samuel\.m2\repository\org\apache\httpcomponents\httpclient\4.5.13\httpclient-4.5.13.jar;C:\Users\samuel\.m2\repository\org\apache\httpcomponents\httpasyncclient\4.1.4\httpasyncclient-4.1.4.jar;C:\Users\samuel\.m2\repository\org\apache\httpcomponents\httpclient-cache\4.5.13\httpclient-cache-4.5.13.jar;C:\Users\samuel\.m2\repository\org\clojure\clojure\1.10.1\clojure-1.10.1.jar;C:\Users\samuel\.m2\repository\riddley\riddley\0.1.12\riddley-0.1.12.jar;C:\Users\samuel\.m2\repository\commons-logging\commons-logging\1.2\commons-logging-1.2.jar;C:\Users\samuel\.m2\repository\commons-io\commons-io\2.8.0\commons-io-2.8.0.jar;C:\Users\samuel\.m2\repository\org\apache\httpcomponents\httpcore-nio\4.4.10\httpcore-nio-4.4.10.jar;C:\Users\samuel\.m2\repository\org\clojure\core.specs.alpha\0.2.44\core.specs.alpha-0.2.44.jar;C:\Users\samuel\.m2\repository\org\clojure\spec.alpha\0.2.176\spec.alpha-0.2.176.jar
Launcher Type: SUN_STANDARD

[Global flags]
     intx CICompilerCount                          = 3                                         {product} {ergonomic}
     uint ConcGCThreads                            = 1                                         {product} {ergonomic}
     uint G1ConcRefinementThreads                  = 4                                         {product} {ergonomic}
   size_t G1HeapRegionSize                         = 1048576                                   {product} {ergonomic}
   size_t InitialHeapSize                          = 132120576                                 {product} {ergonomic}
   size_t MarkStackSize                            = 4194304                                   {product} {ergonomic}
   size_t MarkStackSizeMax                         = 536870912                                 {product} {ergonomic}
   size_t MaxHeapSize                              = 2099249152                                {product} {ergonomic}
   size_t MinHeapDeltaBytes                        = 1048576                                   {product} {ergonomic}
   size_t MinHeapSize                              = 8388608                                   {product} {ergonomic}
    uintx NonNMethodCodeHeapSize                   = 5832704                                {pd product} {ergonomic}
    uintx NonProfiledCodeHeapSize                  = 122945536                              {pd product} {ergonomic}
     bool OmitStackTraceInFastThrow                = false                                     {product} {command line}
    uintx ProfiledCodeHeapSize                     = 122880000                              {pd product} {ergonomic}
    uintx ReservedCodeCacheSize                    = 251658240                              {pd product} {ergonomic}
     bool SegmentedCodeCache                       = true                                      {product} {ergonomic}
   size_t SoftMaxHeapSize                          = 2099249152                             {manageable} {ergonomic}
     bool UseCompressedOops                        = true                           {product lp64_product} {ergonomic}
     bool UseG1GC                                  = true                                      {product} {ergonomic}
     bool UseLargePagesIndividualAllocation        = false                                  {pd product} {ergonomic}

Logging:
Log output configuration:
 #0: stdout all=warning uptime,level,tags foldmultilines=false
 #1: stderr all=off uptime,level,tags foldmultilines=false

Environment Variables:
CLASSPATH=C:\Users\samuel\.lein\self-installs\leiningen-2.11.2-standalone.jar
PATH=C:\Program Files\Common Files\Oracle\Java\javapath;C:\Windows\system32;C:\Windows;C:\Windows\System32\Wbem;C:\Windows\System32\WindowsPowerShell\v1.0\;C:\Windows\System32\OpenSSH\;C:\Program Files\dotnet\;C:\ProgramData\chocolatey\bin;C:\Program Files\nodejs\;C:\Program Files\Git\cmd;C:\Users\samuel\AppData\Local\Programs\Python\Python312\Scripts\;C:\Users\samuel\AppData\Local\Programs\Python\Python312\;C:\Users\samuel\AppData\Local\Microsoft\WindowsApps;C:\Users\samuel\AppData\Local\Programs\Microsoft VS Code\bin;C:\Users\samuel\AppData\Local\Microsoft\WinGet\Packages\Schniz.fnm_Microsoft.Winget.Source_8wekyb3d8bbwe;C:\Users\samuel\AppData\Roaming\npm;C:\Users\samuel\AppData\Local\GitHubDesktop\bin;C:\Program Files\JetBrains\IntelliJ IDEA Community Edition 2024.2.4\bin;;C:\Users\samuel\leiningen\bin;
USERNAME=samuel
OS=Windows_NT
PROCESSOR_IDENTIFIER=Intel64 Family 6 Model 166 Stepping 0, GenuineIntel
TMP=C:\Users\samuel\AppData\Local\Temp
TEMP=C:\Users\samuel\AppData\Local\Temp




Periodic native trim disabled

---------------  S Y S T E M  ---------------

OS:
 Windows 10 , 64 bit Build 19041 (10.0.19041.4957)
OS uptime: 0 days 3:38 hours

CPU: total 4 (initial active 4) (2 cores per cpu, 2 threads per core) family 6 model 166 stepping 0 microcode 0xc6, cx8, cmov, fxsr, ht, mmx, 3dnowpref, sse, sse2, sse3, ssse3, sse4.1, sse4.2, popcnt, lzcnt, tsc, tscinvbit, avx, avx2, aes, erms, clmul, bmi1, bmi2, adx, fma, vzeroupper, clflush, clflushopt, rdtscp, f16c
Processor Information for the first 4 processors :
  Max Mhz: 2592, Current Mhz: 2093, Mhz Limit: 2073

Memory: 4k page, system-wide physical 8006M (902M free)
TotalPageFile size 8006M (AvailPageFile size 131M)
current process WorkingSet (physical memory assigned to process): 11M, peak: 11M
current process commit charge ("private bytes"): 52M, peak: 178M

vm_info: Java HotSpot(TM) 64-Bit Server VM (23.0.1+11-39) for windows-amd64 JRE (23.0.1+11-39), built on 2024-09-30T07:20:43Z with MS VC++ 17.6 (VS2022)

END.
