#
# There is insufficient memory for the Java Runtime Environment to continue.
# Native memory allocation (malloc) failed to allocate 1636816 bytes. Error detail: Chunk::new
# Possible reasons:
#   The system is out of physical RAM or swap space
#   This process is running with CompressedOops enabled, and the Java Heap may be blocking the growth of the native heap
# Possible solutions:
#   Reduce memory load on the system
#   Increase physical memory or swap space
#   Check if swap backing store is full
#   Decrease Java heap size (-Xmx/-Xms)
#   Decrease number of Java threads
#   Decrease Java thread stack sizes (-Xss)
#   Set larger code cache with -XX:ReservedCodeCacheSize=
#   JVM is running with Unscaled Compressed Oops mode in which the Java heap is
#     placed in the first 4GB address space. The Java Heap base address is the
#     maximum limit for the native heap growth. Please use -XX:HeapBaseMinAddress
#     to set the Java Heap base and to place the Java Heap above 4GB virtual address.
# This output file may be truncated or incomplete.
#
#  Out of Memory Error (arena.cpp:149), pid=1164, tid=13428
#
# JRE version: Java(TM) SE Runtime Environment (23.0.1+11) (build 23.0.1+11-39)
# Java VM: Java HotSpot(TM) 64-Bit Server VM (23.0.1+11-39, mixed mode, sharing, tiered, compressed oops, compressed class ptrs, g1 gc, windows-amd64)
# No core dump will be written. Minidumps are not enabled by default on client versions of Windows
#

---------------  S U M M A R Y ------------

Command Line: -Dfile.encoding=UTF-8 -Dclojure.compile.path=C:\Users\samuel\av3funcional/target/classes -Dleiningen.original.pwd=C:\Users\samuel\av3funcional clojure.main -m leiningen.core.main run

Host: Intel(R) Core(TM) i3-10110U CPU @ 2.10GHz, 4 cores, 7G,  Windows 10 , 64 bit Build 19041 (10.0.19041.5072)
Time: Tue Dec  3 12:50:33 2024 Hora oficial do Brasil elapsed time: 1.785422 seconds (0d 0h 0m 1s)

---------------  T H R E A D  ---------------

Current thread (0x0000028d7fbfb8d0):  JavaThread "C2 CompilerThread1" daemon [_thread_in_native, id=13428, stack(0x000000dece000000,0x000000dece100000) (1024K)]


Current CompileTask:
C2:1785 2047   !   4       jdk.internal.loader.BuiltinClassLoader::loadClassOrNull (143 bytes)

Stack: [0x000000dece000000,0x000000dece100000]
Native frames: (J=compiled Java code, j=interpreted, Vv=VM code, C=native code)
V  [jvm.dll+0x6e08b9]  (no source info available)
V  [jvm.dll+0x87dc83]  (no source info available)
V  [jvm.dll+0x88010e]  (no source info available)
V  [jvm.dll+0x8807e3]  (no source info available)
V  [jvm.dll+0x27aee6]  (no source info available)
V  [jvm.dll+0xbc06f]  (no source info available)
V  [jvm.dll+0xbc2cb]  (no source info available)
V  [jvm.dll+0x3b3a9c]  (no source info available)
V  [jvm.dll+0x1dc19c]  (no source info available)
V  [jvm.dll+0x244be5]  (no source info available)
V  [jvm.dll+0x243dff]  (no source info available)
V  [jvm.dll+0x1c33a0]  (no source info available)
V  [jvm.dll+0x253cf1]  (no source info available)
V  [jvm.dll+0x251faa]  (no source info available)
V  [jvm.dll+0x3ee036]  (no source info available)
V  [jvm.dll+0x824f8b]  (no source info available)
V  [jvm.dll+0x6df065]  (no source info available)
C  [ucrtbase.dll+0x21bb2]  (no source info available)
C  [KERNEL32.DLL+0x17374]  (no source info available)
C  [ntdll.dll+0x4cc91]  (no source info available)

Lock stack of current Java thread (top to bottom):


---------------  P R O C E S S  ---------------

Threads class SMR info:
_java_thread_list=0x0000028d5d999910, length=14, elements={
0x0000028d78c7b430, 0x0000028d7fbdc100, 0x0000028d7fbdd020, 0x0000028d7fbe1d50,
0x0000028d7fbe29b0, 0x0000028d7fbe3bb0, 0x0000028d7fbe6d60, 0x0000028d7fbf7950,
0x0000028d7fbfbfa0, 0x0000028d17776710, 0x0000028d1777ee00, 0x0000028d7fbfb8d0,
0x0000028d5d47fdd0, 0x0000028d5d94ebc0
}

Java Threads: ( => current thread )
  0x0000028d78c7b430 JavaThread "main"                              [_thread_in_native, id=12748, stack(0x000000decce00000,0x000000deccf00000) (1024K)]
  0x0000028d7fbdc100 JavaThread "Reference Handler"          daemon [_thread_blocked, id=2392, stack(0x000000decd600000,0x000000decd700000) (1024K)]
  0x0000028d7fbdd020 JavaThread "Finalizer"                  daemon [_thread_blocked, id=1324, stack(0x000000decd700000,0x000000decd800000) (1024K)]
  0x0000028d7fbe1d50 JavaThread "Signal Dispatcher"          daemon [_thread_blocked, id=11544, stack(0x000000decd800000,0x000000decd900000) (1024K)]
  0x0000028d7fbe29b0 JavaThread "Attach Listener"            daemon [_thread_blocked, id=11128, stack(0x000000decd900000,0x000000decda00000) (1024K)]
  0x0000028d7fbe3bb0 JavaThread "Service Thread"             daemon [_thread_blocked, id=10192, stack(0x000000decda00000,0x000000decdb00000) (1024K)]
  0x0000028d7fbe6d60 JavaThread "Monitor Deflation Thread"   daemon [_thread_blocked, id=10064, stack(0x000000decdb00000,0x000000decdc00000) (1024K)]
  0x0000028d7fbf7950 JavaThread "C2 CompilerThread0"         daemon [_thread_in_vm, id=11228, stack(0x000000decdc00000,0x000000decdd00000) (1024K)]
  0x0000028d7fbfbfa0 JavaThread "C1 CompilerThread0"         daemon [_thread_in_vm, id=7748, stack(0x000000decdd00000,0x000000decde00000) (1024K)]
  0x0000028d17776710 JavaThread "Notification Thread"        daemon [_thread_blocked, id=13520, stack(0x000000decde00000,0x000000decdf00000) (1024K)]
  0x0000028d1777ee00 JavaThread "Common-Cleaner"             daemon [_thread_blocked, id=6268, stack(0x000000decdf00000,0x000000dece000000) (1024K)]
=>0x0000028d7fbfb8d0 JavaThread "C2 CompilerThread1"         daemon [_thread_in_native, id=13428, stack(0x000000dece000000,0x000000dece100000) (1024K)]
  0x0000028d5d47fdd0 JavaThread "clojure-agent-send-off-pool-0"        [_thread_blocked, id=6760, stack(0x000000dece400000,0x000000dece500000) (1024K)]
  0x0000028d5d94ebc0 JavaThread "clojure-agent-send-off-pool-1"        [_thread_blocked, id=15088, stack(0x000000dece500000,0x000000dece600000) (1024K)]
Total: 14

Other Threads:
  0x0000028d7fbc3620 VMThread "VM Thread"                           [id=892, stack(0x000000decd500000,0x000000decd600000) (1024K)]
  0x0000028d7fbb0c10 WatcherThread "VM Periodic Task Thread"        [id=9408, stack(0x000000decd400000,0x000000decd500000) (1024K)]
  0x0000028d7af82050 WorkerThread "GC Thread#0"                     [id=9564, stack(0x000000deccf00000,0x000000decd000000) (1024K)]
  0x0000028d5d100980 WorkerThread "GC Thread#1"                     [id=372, stack(0x000000dece100000,0x000000dece200000) (1024K)]
  0x0000028d5d100d30 WorkerThread "GC Thread#2"                     [id=6040, stack(0x000000dece200000,0x000000dece300000) (1024K)]
  0x0000028d5d1efa90 WorkerThread "GC Thread#3"                     [id=11180, stack(0x000000dece300000,0x000000dece400000) (1024K)]
  0x0000028d7af96970 ConcurrentGCThread "G1 Main Marker"            [id=10312, stack(0x000000decd000000,0x000000decd100000) (1024K)]
  0x0000028d7af97630 WorkerThread "G1 Conc#0"                       [id=11440, stack(0x000000decd100000,0x000000decd200000) (1024K)]
  0x0000028d7affd470 ConcurrentGCThread "G1 Refine#0"               [id=1460, stack(0x000000decd200000,0x000000decd300000) (1024K)]
  0x0000028d7fa84230 ConcurrentGCThread "G1 Service"                [id=12372, stack(0x000000decd300000,0x000000decd400000) (1024K)]
Total: 10

Threads with active compile tasks:
C2 CompilerThread0  1843 2454   !   4       org.codehaus.plexus.util.xml.pull.MXParser::parseComment (486 bytes)
C1 CompilerThread0  1843 2544       2       org.codehaus.plexus.util.xml.pull.MXParser::getAttributeValue (78 bytes)
C2 CompilerThread1  1843 2047   !   4       jdk.internal.loader.BuiltinClassLoader::loadClassOrNull (143 bytes)
Total: 3

VM state: not at safepoint (normal execution)

VM Mutex/Monitor currently owned by a thread: None

Heap address: 0x0000000082e00000, size: 2002 MB, Compressed Oops mode: 32-bit

CDS archive(s) mapped at: [0x0000028d18000000-0x0000028d18d70000-0x0000028d18d70000), size 14090240, SharedBaseAddress: 0x0000028d18000000, ArchiveRelocationMode: 1.
Compressed class space mapped at: 0x0000028d19000000-0x0000028d59000000, reserved size: 1073741824
Narrow klass base: 0x0000028d18000000, Narrow klass shift: 0, Narrow klass range: 0x41000000

GC Precious Log:
 CardTable entry size: 512
 Card Set container configuration: InlinePtr #cards 5 size 8 Array Of Cards #cards 10 size 36 Howl #buckets 4 coarsen threshold 1843 Howl Bitmap #cards 512 size 80 coarsen threshold 460 Card regions per heap region 1 cards per card region 2048
 CPUs: 4 total, 4 available
 Memory: 8006M
 Large Page Support: Disabled
 NUMA Support: Disabled
 Compressed Oops: Enabled (32-bit)
 Heap Region Size: 1M
 Heap Min Capacity: 8M
 Heap Initial Capacity: 126M
 Heap Max Capacity: 2002M
 Pre-touch: Disabled
 Parallel Workers: 4
 Concurrent Workers: 1
 Concurrent Refinement Workers: 4
 Periodic GC: Disabled

Heap:
 garbage-first heap   total reserved 2050048K, committed 129024K, used 39324K [0x0000000082e00000, 0x0000000100000000)
  region size 1024K, 36 young (36864K), 4 survivors (4096K)
 Metaspace       used 18272K, committed 18560K, reserved 1114112K
  class space    used 3601K, committed 3712K, reserved 1048576K

Heap Regions: E=young(eden), S=young(survivor), O=old, HS=humongous(starts), HC=humongous(continues), CS=collection set, F=free, TAMS=top-at-mark-start, PB=parsable bottom
|   0|0x0000000082e00000, 0x0000000082f00000, 0x0000000082f00000|100%|HS|  |TAMS 0x0000000082e00000| PB 0x0000000082e00000| Complete |  0
|   1|0x0000000082f00000, 0x0000000083000000, 0x0000000083000000|100%| O|  |TAMS 0x0000000082f00000| PB 0x0000000082f00000| Untracked |  0
|   2|0x0000000083000000, 0x0000000083100000, 0x0000000083100000|100%| O|  |TAMS 0x0000000083000000| PB 0x0000000083000000| Untracked |  0
|   3|0x0000000083100000, 0x00000000831aa5a8, 0x0000000083200000| 66%| O|  |TAMS 0x0000000083100000| PB 0x0000000083100000| Untracked |  0
|   4|0x0000000083200000, 0x0000000083200000, 0x0000000083300000|  0%| F|  |TAMS 0x0000000083200000| PB 0x0000000083200000| Untracked |  0
|   5|0x0000000083300000, 0x0000000083300000, 0x0000000083400000|  0%| F|  |TAMS 0x0000000083300000| PB 0x0000000083300000| Untracked |  0
|   6|0x0000000083400000, 0x0000000083400000, 0x0000000083500000|  0%| F|  |TAMS 0x0000000083400000| PB 0x0000000083400000| Untracked |  0
|   7|0x0000000083500000, 0x0000000083500000, 0x0000000083600000|  0%| F|  |TAMS 0x0000000083500000| PB 0x0000000083500000| Untracked |  0
|   8|0x0000000083600000, 0x0000000083600000, 0x0000000083700000|  0%| F|  |TAMS 0x0000000083600000| PB 0x0000000083600000| Untracked |  0
|   9|0x0000000083700000, 0x0000000083700000, 0x0000000083800000|  0%| F|  |TAMS 0x0000000083700000| PB 0x0000000083700000| Untracked |  0
|  10|0x0000000083800000, 0x0000000083800000, 0x0000000083900000|  0%| F|  |TAMS 0x0000000083800000| PB 0x0000000083800000| Untracked |  0
|  11|0x0000000083900000, 0x0000000083900000, 0x0000000083a00000|  0%| F|  |TAMS 0x0000000083900000| PB 0x0000000083900000| Untracked |  0
|  12|0x0000000083a00000, 0x0000000083a00000, 0x0000000083b00000|  0%| F|  |TAMS 0x0000000083a00000| PB 0x0000000083a00000| Untracked |  0
|  13|0x0000000083b00000, 0x0000000083b00000, 0x0000000083c00000|  0%| F|  |TAMS 0x0000000083b00000| PB 0x0000000083b00000| Untracked |  0
|  14|0x0000000083c00000, 0x0000000083c00000, 0x0000000083d00000|  0%| F|  |TAMS 0x0000000083c00000| PB 0x0000000083c00000| Untracked |  0
|  15|0x0000000083d00000, 0x0000000083d00000, 0x0000000083e00000|  0%| F|  |TAMS 0x0000000083d00000| PB 0x0000000083d00000| Untracked |  0
|  16|0x0000000083e00000, 0x0000000083e00000, 0x0000000083f00000|  0%| F|  |TAMS 0x0000000083e00000| PB 0x0000000083e00000| Untracked |  0
|  17|0x0000000083f00000, 0x0000000083f00000, 0x0000000084000000|  0%| F|  |TAMS 0x0000000083f00000| PB 0x0000000083f00000| Untracked |  0
|  18|0x0000000084000000, 0x0000000084000000, 0x0000000084100000|  0%| F|  |TAMS 0x0000000084000000| PB 0x0000000084000000| Untracked |  0
|  19|0x0000000084100000, 0x0000000084100000, 0x0000000084200000|  0%| F|  |TAMS 0x0000000084100000| PB 0x0000000084100000| Untracked |  0
|  20|0x0000000084200000, 0x0000000084200000, 0x0000000084300000|  0%| F|  |TAMS 0x0000000084200000| PB 0x0000000084200000| Untracked |  0
|  21|0x0000000084300000, 0x0000000084300000, 0x0000000084400000|  0%| F|  |TAMS 0x0000000084300000| PB 0x0000000084300000| Untracked |  0
|  22|0x0000000084400000, 0x0000000084400000, 0x0000000084500000|  0%| F|  |TAMS 0x0000000084400000| PB 0x0000000084400000| Untracked |  0
|  23|0x0000000084500000, 0x0000000084500000, 0x0000000084600000|  0%| F|  |TAMS 0x0000000084500000| PB 0x0000000084500000| Untracked |  0
|  24|0x0000000084600000, 0x0000000084600000, 0x0000000084700000|  0%| F|  |TAMS 0x0000000084600000| PB 0x0000000084600000| Untracked |  0
|  25|0x0000000084700000, 0x0000000084700000, 0x0000000084800000|  0%| F|  |TAMS 0x0000000084700000| PB 0x0000000084700000| Untracked |  0
|  26|0x0000000084800000, 0x0000000084800000, 0x0000000084900000|  0%| F|  |TAMS 0x0000000084800000| PB 0x0000000084800000| Untracked |  0
|  27|0x0000000084900000, 0x0000000084900000, 0x0000000084a00000|  0%| F|  |TAMS 0x0000000084900000| PB 0x0000000084900000| Untracked |  0
|  28|0x0000000084a00000, 0x0000000084a00000, 0x0000000084b00000|  0%| F|  |TAMS 0x0000000084a00000| PB 0x0000000084a00000| Untracked |  0
|  29|0x0000000084b00000, 0x0000000084b00000, 0x0000000084c00000|  0%| F|  |TAMS 0x0000000084b00000| PB 0x0000000084b00000| Untracked |  0
|  30|0x0000000084c00000, 0x0000000084c00000, 0x0000000084d00000|  0%| F|  |TAMS 0x0000000084c00000| PB 0x0000000084c00000| Untracked |  0
|  31|0x0000000084d00000, 0x0000000084d00000, 0x0000000084e00000|  0%| F|  |TAMS 0x0000000084d00000| PB 0x0000000084d00000| Untracked |  0
|  32|0x0000000084e00000, 0x0000000084e00000, 0x0000000084f00000|  0%| F|  |TAMS 0x0000000084e00000| PB 0x0000000084e00000| Untracked |  0
|  33|0x0000000084f00000, 0x0000000084f00000, 0x0000000085000000|  0%| F|  |TAMS 0x0000000084f00000| PB 0x0000000084f00000| Untracked |  0
|  34|0x0000000085000000, 0x0000000085000000, 0x0000000085100000|  0%| F|  |TAMS 0x0000000085000000| PB 0x0000000085000000| Untracked |  0
|  35|0x0000000085100000, 0x0000000085100000, 0x0000000085200000|  0%| F|  |TAMS 0x0000000085100000| PB 0x0000000085100000| Untracked |  0
|  36|0x0000000085200000, 0x0000000085200000, 0x0000000085300000|  0%| F|  |TAMS 0x0000000085200000| PB 0x0000000085200000| Untracked |  0
|  37|0x0000000085300000, 0x0000000085300000, 0x0000000085400000|  0%| F|  |TAMS 0x0000000085300000| PB 0x0000000085300000| Untracked |  0
|  38|0x0000000085400000, 0x0000000085400000, 0x0000000085500000|  0%| F|  |TAMS 0x0000000085400000| PB 0x0000000085400000| Untracked |  0
|  39|0x0000000085500000, 0x0000000085500000, 0x0000000085600000|  0%| F|  |TAMS 0x0000000085500000| PB 0x0000000085500000| Untracked |  0
|  40|0x0000000085600000, 0x0000000085600000, 0x0000000085700000|  0%| F|  |TAMS 0x0000000085600000| PB 0x0000000085600000| Untracked |  0
|  41|0x0000000085700000, 0x0000000085700000, 0x0000000085800000|  0%| F|  |TAMS 0x0000000085700000| PB 0x0000000085700000| Untracked |  0
|  42|0x0000000085800000, 0x0000000085800000, 0x0000000085900000|  0%| F|  |TAMS 0x0000000085800000| PB 0x0000000085800000| Untracked |  0
|  43|0x0000000085900000, 0x0000000085900000, 0x0000000085a00000|  0%| F|  |TAMS 0x0000000085900000| PB 0x0000000085900000| Untracked |  0
|  44|0x0000000085a00000, 0x0000000085a00000, 0x0000000085b00000|  0%| F|  |TAMS 0x0000000085a00000| PB 0x0000000085a00000| Untracked |  0
|  45|0x0000000085b00000, 0x0000000085b00000, 0x0000000085c00000|  0%| F|  |TAMS 0x0000000085b00000| PB 0x0000000085b00000| Untracked |  0
|  46|0x0000000085c00000, 0x0000000085c00000, 0x0000000085d00000|  0%| F|  |TAMS 0x0000000085c00000| PB 0x0000000085c00000| Untracked |  0
|  47|0x0000000085d00000, 0x0000000085d00000, 0x0000000085e00000|  0%| F|  |TAMS 0x0000000085d00000| PB 0x0000000085d00000| Untracked |  0
|  48|0x0000000085e00000, 0x0000000085e00000, 0x0000000085f00000|  0%| F|  |TAMS 0x0000000085e00000| PB 0x0000000085e00000| Untracked |  0
|  49|0x0000000085f00000, 0x0000000085f00000, 0x0000000086000000|  0%| F|  |TAMS 0x0000000085f00000| PB 0x0000000085f00000| Untracked |  0
|  50|0x0000000086000000, 0x0000000086000000, 0x0000000086100000|  0%| F|  |TAMS 0x0000000086000000| PB 0x0000000086000000| Untracked |  0
|  51|0x0000000086100000, 0x0000000086100000, 0x0000000086200000|  0%| F|  |TAMS 0x0000000086100000| PB 0x0000000086100000| Untracked |  0
|  52|0x0000000086200000, 0x0000000086200000, 0x0000000086300000|  0%| F|  |TAMS 0x0000000086200000| PB 0x0000000086200000| Untracked |  0
|  53|0x0000000086300000, 0x0000000086300000, 0x0000000086400000|  0%| F|  |TAMS 0x0000000086300000| PB 0x0000000086300000| Untracked |  0
|  54|0x0000000086400000, 0x0000000086400000, 0x0000000086500000|  0%| F|  |TAMS 0x0000000086400000| PB 0x0000000086400000| Untracked |  0
|  55|0x0000000086500000, 0x0000000086500000, 0x0000000086600000|  0%| F|  |TAMS 0x0000000086500000| PB 0x0000000086500000| Untracked |  0
|  56|0x0000000086600000, 0x0000000086600000, 0x0000000086700000|  0%| F|  |TAMS 0x0000000086600000| PB 0x0000000086600000| Untracked |  0
|  57|0x0000000086700000, 0x0000000086700000, 0x0000000086800000|  0%| F|  |TAMS 0x0000000086700000| PB 0x0000000086700000| Untracked |  0
|  58|0x0000000086800000, 0x0000000086800000, 0x0000000086900000|  0%| F|  |TAMS 0x0000000086800000| PB 0x0000000086800000| Untracked |  0
|  59|0x0000000086900000, 0x0000000086900000, 0x0000000086a00000|  0%| F|  |TAMS 0x0000000086900000| PB 0x0000000086900000| Untracked |  0
|  60|0x0000000086a00000, 0x0000000086a00000, 0x0000000086b00000|  0%| F|  |TAMS 0x0000000086a00000| PB 0x0000000086a00000| Untracked |  0
|  61|0x0000000086b00000, 0x0000000086b00000, 0x0000000086c00000|  0%| F|  |TAMS 0x0000000086b00000| PB 0x0000000086b00000| Untracked |  0
|  62|0x0000000086c00000, 0x0000000086c00000, 0x0000000086d00000|  0%| F|  |TAMS 0x0000000086c00000| PB 0x0000000086c00000| Untracked |  0
|  63|0x0000000086d00000, 0x0000000086d00000, 0x0000000086e00000|  0%| F|  |TAMS 0x0000000086d00000| PB 0x0000000086d00000| Untracked |  0
|  64|0x0000000086e00000, 0x0000000086e00000, 0x0000000086f00000|  0%| F|  |TAMS 0x0000000086e00000| PB 0x0000000086e00000| Untracked |  0
|  65|0x0000000086f00000, 0x0000000086f00000, 0x0000000087000000|  0%| F|  |TAMS 0x0000000086f00000| PB 0x0000000086f00000| Untracked |  0
|  66|0x0000000087000000, 0x0000000087000000, 0x0000000087100000|  0%| F|  |TAMS 0x0000000087000000| PB 0x0000000087000000| Untracked |  0
|  67|0x0000000087100000, 0x0000000087100000, 0x0000000087200000|  0%| F|  |TAMS 0x0000000087100000| PB 0x0000000087100000| Untracked |  0
|  68|0x0000000087200000, 0x0000000087200000, 0x0000000087300000|  0%| F|  |TAMS 0x0000000087200000| PB 0x0000000087200000| Untracked |  0
|  69|0x0000000087300000, 0x0000000087300000, 0x0000000087400000|  0%| F|  |TAMS 0x0000000087300000| PB 0x0000000087300000| Untracked |  0
|  70|0x0000000087400000, 0x0000000087400000, 0x0000000087500000|  0%| F|  |TAMS 0x0000000087400000| PB 0x0000000087400000| Untracked |  0
|  71|0x0000000087500000, 0x0000000087500000, 0x0000000087600000|  0%| F|  |TAMS 0x0000000087500000| PB 0x0000000087500000| Untracked |  0
|  72|0x0000000087600000, 0x0000000087600000, 0x0000000087700000|  0%| F|  |TAMS 0x0000000087600000| PB 0x0000000087600000| Untracked |  0
|  73|0x0000000087700000, 0x0000000087700000, 0x0000000087800000|  0%| F|  |TAMS 0x0000000087700000| PB 0x0000000087700000| Untracked |  0
|  74|0x0000000087800000, 0x0000000087800000, 0x0000000087900000|  0%| F|  |TAMS 0x0000000087800000| PB 0x0000000087800000| Untracked |  0
|  75|0x0000000087900000, 0x0000000087900000, 0x0000000087a00000|  0%| F|  |TAMS 0x0000000087900000| PB 0x0000000087900000| Untracked |  0
|  76|0x0000000087a00000, 0x0000000087a00000, 0x0000000087b00000|  0%| F|  |TAMS 0x0000000087a00000| PB 0x0000000087a00000| Untracked |  0
|  77|0x0000000087b00000, 0x0000000087b00000, 0x0000000087c00000|  0%| F|  |TAMS 0x0000000087b00000| PB 0x0000000087b00000| Untracked |  0
|  78|0x0000000087c00000, 0x0000000087c00000, 0x0000000087d00000|  0%| F|  |TAMS 0x0000000087c00000| PB 0x0000000087c00000| Untracked |  0
|  79|0x0000000087d00000, 0x0000000087d00000, 0x0000000087e00000|  0%| F|  |TAMS 0x0000000087d00000| PB 0x0000000087d00000| Untracked |  0
|  80|0x0000000087e00000, 0x0000000087e00000, 0x0000000087f00000|  0%| F|  |TAMS 0x0000000087e00000| PB 0x0000000087e00000| Untracked |  0
|  81|0x0000000087f00000, 0x0000000087f00000, 0x0000000088000000|  0%| F|  |TAMS 0x0000000087f00000| PB 0x0000000087f00000| Untracked |  0
|  82|0x0000000088000000, 0x0000000088000000, 0x0000000088100000|  0%| F|  |TAMS 0x0000000088000000| PB 0x0000000088000000| Untracked |  0
|  83|0x0000000088100000, 0x0000000088100000, 0x0000000088200000|  0%| F|  |TAMS 0x0000000088100000| PB 0x0000000088100000| Untracked |  0
|  84|0x0000000088200000, 0x0000000088200000, 0x0000000088300000|  0%| F|  |TAMS 0x0000000088200000| PB 0x0000000088200000| Untracked |  0
|  85|0x0000000088300000, 0x0000000088300000, 0x0000000088400000|  0%| F|  |TAMS 0x0000000088300000| PB 0x0000000088300000| Untracked |  0
|  86|0x0000000088400000, 0x0000000088400000, 0x0000000088500000|  0%| F|  |TAMS 0x0000000088400000| PB 0x0000000088400000| Untracked |  0
|  87|0x0000000088500000, 0x0000000088500000, 0x0000000088600000|  0%| F|  |TAMS 0x0000000088500000| PB 0x0000000088500000| Untracked |  0
|  88|0x0000000088600000, 0x00000000886bcc50, 0x0000000088700000| 73%| S|CS|TAMS 0x0000000088600000| PB 0x0000000088600000| Complete |  0
|  89|0x0000000088700000, 0x0000000088800000, 0x0000000088800000|100%| S|CS|TAMS 0x0000000088700000| PB 0x0000000088700000| Complete |  0
|  90|0x0000000088800000, 0x0000000088900000, 0x0000000088900000|100%| S|CS|TAMS 0x0000000088800000| PB 0x0000000088800000| Complete |  0
|  91|0x0000000088900000, 0x0000000088a00000, 0x0000000088a00000|100%| S|CS|TAMS 0x0000000088900000| PB 0x0000000088900000| Complete |  0
|  92|0x0000000088a00000, 0x0000000088a00000, 0x0000000088b00000|  0%| F|  |TAMS 0x0000000088a00000| PB 0x0000000088a00000| Untracked |  0
|  93|0x0000000088b00000, 0x0000000088b00000, 0x0000000088c00000|  0%| F|  |TAMS 0x0000000088b00000| PB 0x0000000088b00000| Untracked |  0
|  94|0x0000000088c00000, 0x0000000088d00000, 0x0000000088d00000|100%| E|  |TAMS 0x0000000088c00000| PB 0x0000000088c00000| Complete |  0
|  95|0x0000000088d00000, 0x0000000088e00000, 0x0000000088e00000|100%| E|CS|TAMS 0x0000000088d00000| PB 0x0000000088d00000| Complete |  0
|  96|0x0000000088e00000, 0x0000000088f00000, 0x0000000088f00000|100%| E|CS|TAMS 0x0000000088e00000| PB 0x0000000088e00000| Complete |  0
|  97|0x0000000088f00000, 0x0000000089000000, 0x0000000089000000|100%| E|CS|TAMS 0x0000000088f00000| PB 0x0000000088f00000| Complete |  0
|  98|0x0000000089000000, 0x0000000089100000, 0x0000000089100000|100%| E|CS|TAMS 0x0000000089000000| PB 0x0000000089000000| Complete |  0
|  99|0x0000000089100000, 0x0000000089200000, 0x0000000089200000|100%| E|CS|TAMS 0x0000000089100000| PB 0x0000000089100000| Complete |  0
| 100|0x0000000089200000, 0x0000000089300000, 0x0000000089300000|100%| E|CS|TAMS 0x0000000089200000| PB 0x0000000089200000| Complete |  0
| 101|0x0000000089300000, 0x0000000089400000, 0x0000000089400000|100%| E|CS|TAMS 0x0000000089300000| PB 0x0000000089300000| Complete |  0
| 102|0x0000000089400000, 0x0000000089500000, 0x0000000089500000|100%| E|CS|TAMS 0x0000000089400000| PB 0x0000000089400000| Complete |  0
| 103|0x0000000089500000, 0x0000000089600000, 0x0000000089600000|100%| E|CS|TAMS 0x0000000089500000| PB 0x0000000089500000| Complete |  0
| 104|0x0000000089600000, 0x0000000089700000, 0x0000000089700000|100%| E|CS|TAMS 0x0000000089600000| PB 0x0000000089600000| Complete |  0
| 105|0x0000000089700000, 0x0000000089800000, 0x0000000089800000|100%| E|CS|TAMS 0x0000000089700000| PB 0x0000000089700000| Complete |  0
| 106|0x0000000089800000, 0x0000000089900000, 0x0000000089900000|100%| E|CS|TAMS 0x0000000089800000| PB 0x0000000089800000| Complete |  0
| 107|0x0000000089900000, 0x0000000089a00000, 0x0000000089a00000|100%| E|CS|TAMS 0x0000000089900000| PB 0x0000000089900000| Complete |  0
| 108|0x0000000089a00000, 0x0000000089b00000, 0x0000000089b00000|100%| E|CS|TAMS 0x0000000089a00000| PB 0x0000000089a00000| Complete |  0
| 109|0x0000000089b00000, 0x0000000089c00000, 0x0000000089c00000|100%| E|CS|TAMS 0x0000000089b00000| PB 0x0000000089b00000| Complete |  0
| 110|0x0000000089c00000, 0x0000000089d00000, 0x0000000089d00000|100%| E|CS|TAMS 0x0000000089c00000| PB 0x0000000089c00000| Complete |  0
| 111|0x0000000089d00000, 0x0000000089e00000, 0x0000000089e00000|100%| E|CS|TAMS 0x0000000089d00000| PB 0x0000000089d00000| Complete |  0
| 112|0x0000000089e00000, 0x0000000089f00000, 0x0000000089f00000|100%| E|CS|TAMS 0x0000000089e00000| PB 0x0000000089e00000| Complete |  0
| 113|0x0000000089f00000, 0x000000008a000000, 0x000000008a000000|100%| E|CS|TAMS 0x0000000089f00000| PB 0x0000000089f00000| Complete |  0
| 114|0x000000008a000000, 0x000000008a100000, 0x000000008a100000|100%| E|CS|TAMS 0x000000008a000000| PB 0x000000008a000000| Complete |  0
| 115|0x000000008a100000, 0x000000008a200000, 0x000000008a200000|100%| E|CS|TAMS 0x000000008a100000| PB 0x000000008a100000| Complete |  0
| 116|0x000000008a200000, 0x000000008a300000, 0x000000008a300000|100%| E|CS|TAMS 0x000000008a200000| PB 0x000000008a200000| Complete |  0
| 117|0x000000008a300000, 0x000000008a400000, 0x000000008a400000|100%| E|CS|TAMS 0x000000008a300000| PB 0x000000008a300000| Complete |  0
| 118|0x000000008a400000, 0x000000008a500000, 0x000000008a500000|100%| E|CS|TAMS 0x000000008a400000| PB 0x000000008a400000| Complete |  0
| 119|0x000000008a500000, 0x000000008a600000, 0x000000008a600000|100%| E|CS|TAMS 0x000000008a500000| PB 0x000000008a500000| Complete |  0
| 120|0x000000008a600000, 0x000000008a700000, 0x000000008a700000|100%| E|CS|TAMS 0x000000008a600000| PB 0x000000008a600000| Complete |  0
| 121|0x000000008a700000, 0x000000008a800000, 0x000000008a800000|100%| E|CS|TAMS 0x000000008a700000| PB 0x000000008a700000| Complete |  0
| 122|0x000000008a800000, 0x000000008a900000, 0x000000008a900000|100%| E|CS|TAMS 0x000000008a800000| PB 0x000000008a800000| Complete |  0
| 123|0x000000008a900000, 0x000000008aa00000, 0x000000008aa00000|100%| E|CS|TAMS 0x000000008a900000| PB 0x000000008a900000| Complete |  0
| 124|0x000000008aa00000, 0x000000008ab00000, 0x000000008ab00000|100%| E|CS|TAMS 0x000000008aa00000| PB 0x000000008aa00000| Complete |  0
| 125|0x000000008ab00000, 0x000000008ac00000, 0x000000008ac00000|100%| E|CS|TAMS 0x000000008ab00000| PB 0x000000008ab00000| Complete |  0

Card table byte_map: [0x0000028d7b3f0000,0x0000028d7b7e0000] _byte_map_base: 0x0000028d7afd9000

Marking Bits: (CMBitMap*) 0x0000028d7af82760
 Bits: [0x0000028d7b7e0000, 0x0000028d7d728000)

Polling page: 0x0000028d78dc0000

Metaspace:

Usage:
  Non-class:     14.33 MB used.
      Class:      3.52 MB used.
       Both:     17.85 MB used.

Virtual space:
  Non-class space:       64.00 MB reserved,      14.50 MB ( 23%) committed,  1 nodes.
      Class space:        1.00 GB reserved,       3.62 MB ( <1%) committed,  1 nodes.
             Both:        1.06 GB reserved,      18.12 MB (  2%) committed. 

Chunk freelists:
   Non-Class:  624.00 KB
       Class:  12.34 MB
        Both:  12.95 MB

MaxMetaspaceSize: unlimited
CompressedClassSpaceSize: 1.00 GB
Initial GC threshold: 21.00 MB
Current GC threshold: 21.00 MB
CDS: on
 - commit_granule_bytes: 65536.
 - commit_granule_words: 8192.
 - virtual_space_node_default_size: 8388608.
 - enlarge_chunks_in_place: 1.
 - use_allocation_guard: 0.


Internal statistics:

num_allocs_failed_limit: 0.
num_arena_births: 142.
num_arena_deaths: 0.
num_vsnodes_births: 2.
num_vsnodes_deaths: 0.
num_space_committed: 289.
num_space_uncommitted: 0.
num_chunks_returned_to_freelist: 0.
num_chunks_taken_from_freelist: 703.
num_chunk_merges: 0.
num_chunk_splits: 557.
num_chunks_enlarged: 465.
num_inconsistent_stats: 0.

CodeHeap 'non-profiled nmethods': size=120064Kb used=945Kb max_used=945Kb free=119118Kb
 bounds [0x0000028d10130000, 0x0000028d103a0000, 0x0000028d17670000]
CodeHeap 'profiled nmethods': size=120000Kb used=3928Kb max_used=3928Kb free=116071Kb
 bounds [0x0000028d08670000, 0x0000028d08a50000, 0x0000028d0fba0000]
CodeHeap 'non-nmethods': size=5696Kb used=1423Kb max_used=1457Kb free=4272Kb
 bounds [0x0000028d0fba0000, 0x0000028d0fe10000, 0x0000028d10130000]
CodeCache: size=245760Kb, used=6296Kb, max_used=6330Kb, free=239461Kb
 total_blobs=3064, nmethods=2545, adapters=423, full_count=0
Compilation: enabled, stopped_count=0, restarted_count=0

Compilation events (20 events):
Event: 1.770 Thread 0x0000028d7fbfbfa0 nmethod 2430 0x0000028d10212188 code [0x0000028d102122a0, 0x0000028d102123b0]
Event: 1.770 Thread 0x0000028d7fbfbfa0 2431       3       sun.nio.cs.UTF_8::updatePositions (23 bytes)
Event: 1.770 Thread 0x0000028d7fbfbfa0 nmethod 2431 0x0000028d08a19c08 code [0x0000028d08a19d60, 0x0000028d08a1a198]
Event: 1.770 Thread 0x0000028d7fbfbfa0 2432       3       sun.nio.cs.UTF_8$Decoder::decodeLoop (28 bytes)
Event: 1.770 Thread 0x0000028d7fbfbfa0 nmethod 2432 0x0000028d08a1a208 code [0x0000028d08a1a360, 0x0000028d08a1a718]
Event: 1.772 Thread 0x0000028d7fbfbfa0 2433       3       java.lang.System$2::decodeASCII (11 bytes)
Event: 1.772 Thread 0x0000028d7fbfbfa0 nmethod 2433 0x0000028d08a1a788 code [0x0000028d08a1a8a0, 0x0000028d08a1a9e8]
Event: 1.772 Thread 0x0000028d7fbfbfa0 2434       3       sun.nio.cs.UTF_8$Decoder::xflow (31 bytes)
Event: 1.772 Thread 0x0000028d7fbfbfa0 nmethod 2434 0x0000028d08a1aa88 code [0x0000028d08a1ac00, 0x0000028d08a1b150]
Event: 1.772 Thread 0x0000028d7fbfbfa0 2435       1       org.apache.maven.model.Profile::setId (6 bytes)
Event: 1.773 Thread 0x0000028d7fbfbfa0 nmethod 2435 0x0000028d10212488 code [0x0000028d102125a0, 0x0000028d102126b0]
Event: 1.773 Thread 0x0000028d7fbfbfa0 2436       1       org.apache.maven.model.Activation::getProperty (5 bytes)
Event: 1.773 Thread 0x0000028d7fbfbfa0 nmethod 2436 0x0000028d10212788 code [0x0000028d102128a0, 0x0000028d10212968]
Event: 1.773 Thread 0x0000028d7fbf7950 nmethod 2397 0x0000028d10212a88 code [0x0000028d10212ba0, 0x0000028d10212e90]
Event: 1.773 Thread 0x0000028d7fbf7950 2167       4       org.apache.maven.model.io.xpp3.MavenXpp3Reader::checkFieldWithDuplicate (75 bytes)
Event: 1.774 Thread 0x0000028d7fbfbfa0 2437       3       java.util.Properties::<init> (32 bytes)
Event: 1.774 Thread 0x0000028d7fbfbfa0 nmethod 2437 0x0000028d08a1b188 code [0x0000028d08a1b300, 0x0000028d08a1b740]
Event: 1.774 Thread 0x0000028d7fbfbfa0 2438       3       java.util.Formatter$Conversion::isValid (358 bytes)
Event: 1.774 Thread 0x0000028d7fbfbfa0 nmethod 2438 0x0000028d08a1b788 code [0x0000028d08a1b8a0, 0x0000028d08a1bf38]
Event: 1.776 Thread 0x0000028d7fbfbfa0 2439   !   3       org.apache.maven.model.PluginContainer::clone (137 bytes)

GC Heap History (6 events):
Event: 0.490 GC heap before
{Heap before GC invocations=0 (full 0):
 garbage-first heap   total reserved 2050048K, committed 129024K, used 14336K [0x0000000082e00000, 0x0000000100000000)
  region size 1024K, 14 young (14336K), 0 survivors (0K)
 Metaspace       used 5995K, committed 6144K, reserved 1114112K
  class space    used 1267K, committed 1344K, reserved 1048576K
}
Event: 0.495 GC heap after
{Heap after GC invocations=1 (full 0):
 garbage-first heap   total reserved 2050048K, committed 129024K, used 3741K [0x0000000082e00000, 0x0000000100000000)
  region size 1024K, 2 young (2048K), 2 survivors (2048K)
 Metaspace       used 5995K, committed 6144K, reserved 1114112K
  class space    used 1267K, committed 1344K, reserved 1048576K
}
Event: 0.652 GC heap before
{Heap before GC invocations=1 (full 0):
 garbage-first heap   total reserved 2050048K, committed 129024K, used 17053K [0x0000000082e00000, 0x0000000100000000)
  region size 1024K, 15 young (15360K), 2 survivors (2048K)
 Metaspace       used 7784K, committed 7936K, reserved 1114112K
  class space    used 1736K, committed 1792K, reserved 1048576K
}
Event: 0.659 GC heap after
{Heap after GC invocations=2 (full 0):
 garbage-first heap   total reserved 2050048K, committed 129024K, used 4777K [0x0000000082e00000, 0x0000000100000000)
  region size 1024K, 1 young (1024K), 1 survivors (1024K)
 Metaspace       used 7784K, committed 7936K, reserved 1114112K
  class space    used 1736K, committed 1792K, reserved 1048576K
}
Event: 1.218 GC heap before
{Heap before GC invocations=2 (full 0):
 garbage-first heap   total reserved 2050048K, committed 129024K, used 38569K [0x0000000082e00000, 0x0000000100000000)
  region size 1024K, 34 young (34816K), 1 survivors (1024K)
 Metaspace       used 13662K, committed 13952K, reserved 1114112K
  class space    used 3007K, committed 3136K, reserved 1048576K
}
Event: 1.223 GC heap after
{Heap after GC invocations=3 (full 0):
 garbage-first heap   total reserved 2050048K, committed 129024K, used 7580K [0x0000000082e00000, 0x0000000100000000)
  region size 1024K, 4 young (4096K), 4 survivors (4096K)
 Metaspace       used 13662K, committed 13952K, reserved 1114112K
  class space    used 3007K, committed 3136K, reserved 1048576K
}

Dll operation events (7 events):
Event: 0.007 Loaded shared library C:\Program Files\Java\jdk-23\bin\java.dll
Event: 0.031 Loaded shared library C:\Program Files\Java\jdk-23\bin\jsvml.dll
Event: 0.047 Loaded shared library C:\Program Files\Java\jdk-23\bin\net.dll
Event: 0.049 Loaded shared library C:\Program Files\Java\jdk-23\bin\nio.dll
Event: 0.061 Loaded shared library C:\Program Files\Java\jdk-23\bin\zip.dll
Event: 0.145 Loaded shared library C:\Program Files\Java\jdk-23\bin\jimage.dll
Event: 1.441 Loaded shared library C:\Program Files\Java\jdk-23\bin\verify.dll

Deoptimization events (20 events):
Event: 1.583 Thread 0x0000028d78c7b430 DEOPT PACKING pc=0x0000028d08950dbf sp=0x000000deccef2580
Event: 1.583 Thread 0x0000028d78c7b430 DEOPT UNPACKING pc=0x0000028d0fbf4b22 sp=0x000000deccef1a20 mode 0
Event: 1.584 Thread 0x0000028d78c7b430 DEOPT PACKING pc=0x0000028d08950dbf sp=0x000000deccef2230
Event: 1.584 Thread 0x0000028d78c7b430 DEOPT UNPACKING pc=0x0000028d0fbf4b22 sp=0x000000deccef16d0 mode 0
Event: 1.595 Thread 0x0000028d78c7b430 Uncommon trap: trap_request=0xffffff3d fr.pc=0x0000028d10183f98 relative=0x00000000000002d8
Event: 1.595 Thread 0x0000028d78c7b430 Uncommon trap: reason=unstable_fused_if action=reinterpret pc=0x0000028d10183f98 method=java.lang.CharacterDataLatin1.equalsIgnoreCase(BB)Z @ 16 c2
Event: 1.595 Thread 0x0000028d78c7b430 DEOPT PACKING pc=0x0000028d10183f98 sp=0x000000deccef3100
Event: 1.595 Thread 0x0000028d78c7b430 DEOPT UNPACKING pc=0x0000028d0fbf4402 sp=0x000000deccef2f88 mode 2
Event: 1.613 Thread 0x0000028d78c7b430 Uncommon trap: trap_request=0xffffff3d fr.pc=0x0000028d101833e8 relative=0x0000000000000068
Event: 1.613 Thread 0x0000028d78c7b430 Uncommon trap: reason=unstable_fused_if action=reinterpret pc=0x0000028d101833e8 method=java.lang.CharacterDataLatin1.equalsIgnoreCase(BB)Z @ 16 c2
Event: 1.613 Thread 0x0000028d78c7b430 DEOPT PACKING pc=0x0000028d101833e8 sp=0x000000deccef3030
Event: 1.613 Thread 0x0000028d78c7b430 DEOPT UNPACKING pc=0x0000028d0fbf4402 sp=0x000000deccef2fb0 mode 2
Event: 1.635 Thread 0x0000028d78c7b430 Uncommon trap: trap_request=0xffffff45 fr.pc=0x0000028d101fa5cc relative=0x00000000000009ec
Event: 1.635 Thread 0x0000028d78c7b430 Uncommon trap: reason=unstable_if action=reinterpret pc=0x0000028d101fa5cc method=org.codehaus.plexus.util.xml.pull.MXParser.nextImpl()I @ 879 c2
Event: 1.635 Thread 0x0000028d78c7b430 DEOPT PACKING pc=0x0000028d101fa5cc sp=0x000000deccef2aa0
Event: 1.635 Thread 0x0000028d78c7b430 DEOPT UNPACKING pc=0x0000028d0fbf4402 sp=0x000000deccef2a10 mode 2
Event: 1.711 Thread 0x0000028d78c7b430 Uncommon trap: trap_request=0xffffff45 fr.pc=0x0000028d101ee278 relative=0x0000000000000318
Event: 1.711 Thread 0x0000028d78c7b430 Uncommon trap: reason=unstable_if action=reinterpret pc=0x0000028d101ee278 method=java.util.HashMap.getNode(Ljava/lang/Object;)Ljava/util/HashMap$Node; @ 66 c2
Event: 1.711 Thread 0x0000028d78c7b430 DEOPT PACKING pc=0x0000028d101ee278 sp=0x000000deccef3250
Event: 1.711 Thread 0x0000028d78c7b430 DEOPT UNPACKING pc=0x0000028d0fbf4402 sp=0x000000deccef3160 mode 2

Classes loaded (20 events):
Event: 1.515 Loading class java/nio/DirectByteBuffer$Deallocator
Event: 1.515 Loading class java/nio/DirectByteBuffer$Deallocator done
Event: 1.515 Loading class sun/nio/ch/IOStatus
Event: 1.515 Loading class sun/nio/ch/IOStatus done
Event: 1.519 Loading class java/io/FileReader
Event: 1.519 Loading class java/io/FileReader done
Event: 1.521 Loading class java/text/ParseException
Event: 1.521 Loading class java/text/ParseException done
Event: 1.523 Loading class java/io/EOFException
Event: 1.523 Loading class java/io/EOFException done
Event: 1.543 Loading class java/util/Stack
Event: 1.543 Loading class java/util/Vector
Event: 1.543 Loading class java/util/Vector done
Event: 1.543 Loading class java/util/Stack done
Event: 1.545 Loading class java/lang/reflect/InvocationTargetException
Event: 1.545 Loading class java/lang/reflect/InvocationTargetException done
Event: 1.550 Loading class java/util/Collections$SingletonList
Event: 1.550 Loading class java/util/Collections$SingletonList done
Event: 1.638 Loading class sun/nio/cs/ISO_8859_1$Decoder
Event: 1.638 Loading class sun/nio/cs/ISO_8859_1$Decoder done

Classes unloaded (0 events):
No events

Classes redefined (0 events):
No events

Internal exceptions (20 events):
Event: 0.947 Thread 0x0000028d78c7b430 Exception <a 'java/lang/NoSuchMethodError'{0x000000008943d7a0}: 'void java.lang.invoke.DirectMethodHandle$Holder.invokeStatic(java.lang.Object, java.lang.Object, int, java.lang.Object)'> (0x000000008943d7a0) 
thrown [s\open\src\hotspot\share\interpreter\linkResolver.cpp, line 796]
Event: 0.948 Thread 0x0000028d78c7b430 Exception <a 'java/lang/NoSuchMethodError'{0x0000000089444da0}: 'void java.lang.invoke.DelegatingMethodHandle$Holder.delegate(java.lang.Object, java.lang.Object, int, java.lang.Object)'> (0x0000000089444da0) 
thrown [s\open\src\hotspot\share\interpreter\linkResolver.cpp, line 796]
Event: 0.956 Thread 0x0000028d78c7b430 Exception <a 'java/lang/NoSuchMethodError'{0x000000008946a518}: 'java.lang.Object java.lang.invoke.DirectMethodHandle$Holder.invokeStatic(java.lang.Object, java.lang.Object, java.lang.Object, java.lang.Object, int)'> (0x000000008946a518) 
thrown [s\open\src\hotspot\share\interpreter\linkResolver.cpp, line 796]
Event: 0.963 Thread 0x0000028d78c7b430 Exception <a 'java/lang/NoSuchMethodError'{0x000000008948ff28}: 'int java.lang.invoke.Invokers$Holder.invoke_MT(java.lang.Object, java.lang.Object, java.lang.Object, java.lang.Object)'> (0x000000008948ff28) 
thrown [s\open\src\hotspot\share\interpreter\linkResolver.cpp, line 796]
Event: 1.003 Thread 0x0000028d78c7b430 Exception <a 'java/lang/NoSuchMethodError'{0x00000000892a0e60}: 'int java.lang.invoke.DirectMethodHandle$Holder.invokeVirtual(java.lang.Object, java.lang.Object)'> (0x00000000892a0e60) 
thrown [s\open\src\hotspot\share\interpreter\linkResolver.cpp, line 796]
Event: 1.035 Thread 0x0000028d78c7b430 Implicit null exception at 0x0000028d10189a03 to 0x0000028d1018a280
Event: 1.096 Thread 0x0000028d78c7b430 Exception <a 'java/lang/NoSuchMethodError'{0x0000000088e7f690}: 'java.lang.Object java.lang.invoke.DirectMethodHandle$Holder.invokeStaticInit(java.lang.Object, int, int, int, int)'> (0x0000000088e7f690) 
thrown [s\open\src\hotspot\share\interpreter\linkResolver.cpp, line 796]
Event: 1.118 Thread 0x0000028d78c7b430 Exception <a 'java/lang/NoSuchMethodError'{0x0000000088d17628}: 'java.lang.Object java.lang.invoke.DirectMethodHandle$Holder.invokeStaticInit(java.lang.Object, java.lang.Object, int, int, int, int)'> (0x0000000088d17628) 
thrown [s\open\src\hotspot\share\interpreter\linkResolver.cpp, line 796]
Event: 1.142 Thread 0x0000028d78c7b430 Implicit null exception at 0x0000028d101b0760 to 0x0000028d101b08c5
Event: 1.294 Thread 0x0000028d78c7b430 Implicit null exception at 0x0000028d101d3114 to 0x0000028d101d3ed4
Event: 1.301 Thread 0x0000028d78c7b430 Implicit null exception at 0x0000028d10191eba to 0x0000028d10191f0c
Event: 1.350 Thread 0x0000028d78c7b430 Exception <a 'java/lang/NoSuchMethodError'{0x000000008a368560}: 'void java.lang.invoke.DirectMethodHandle$Holder.invokeStatic(java.lang.Object, long)'> (0x000000008a368560) 
thrown [s\open\src\hotspot\share\interpreter\linkResolver.cpp, line 796]
Event: 1.351 Thread 0x0000028d78c7b430 Exception <a 'java/lang/NoSuchMethodError'{0x000000008a36dc48}: 'java.lang.Object java.lang.invoke.DirectMethodHandle$Holder.newInvokeSpecial(java.lang.Object, long)'> (0x000000008a36dc48) 
thrown [s\open\src\hotspot\share\interpreter\linkResolver.cpp, line 796]
Event: 1.354 Thread 0x0000028d78c7b430 Exception <a 'java/lang/NoSuchMethodError'{0x000000008a3755c8}: 'java.lang.Object java.lang.invoke.DirectMethodHandle$Holder.invokeStatic(java.lang.Object, long, java.lang.Object)'> (0x000000008a3755c8) 
thrown [s\open\src\hotspot\share\interpreter\linkResolver.cpp, line 796]
Event: 1.355 Thread 0x0000028d78c7b430 Exception <a 'java/lang/NoSuchMethodError'{0x000000008a379048}: 'java.lang.Object java.lang.invoke.DirectMethodHandle$Holder.invokeStaticInit(java.lang.Object, long, java.lang.Object)'> (0x000000008a379048) 
thrown [s\open\src\hotspot\share\interpreter\linkResolver.cpp, line 796]
Event: 1.412 Thread 0x0000028d78c7b430 Exception <a 'java/lang/NoSuchMethodError'{0x000000008a280138}: 'long java.lang.invoke.DirectMethodHandle$Holder.invokeSpecial(java.lang.Object, java.lang.Object)'> (0x000000008a280138) 
thrown [s\open\src\hotspot\share\interpreter\linkResolver.cpp, line 796]
Event: 1.417 Thread 0x0000028d78c7b430 Exception <a 'java/lang/ClassNotFoundException'{0x000000008a2a7f80}: sun/net/www/protocol/c/Handler> (0x000000008a2a7f80) 
thrown [s\open\src\hotspot\share\classfile\systemDictionary.cpp, line 313]
Event: 1.463 Thread 0x0000028d78c7b430 Exception <a 'java/lang/NoSuchMethodError'{0x000000008a0bd6b8}: 'void java.lang.invoke.DirectMethodHandle$Holder.invokeVirtual(java.lang.Object, java.lang.Object)'> (0x000000008a0bd6b8) 
thrown [s\open\src\hotspot\share\interpreter\linkResolver.cpp, line 796]
Event: 1.483 Thread 0x0000028d78c7b430 Implicit null exception at 0x0000028d101a5e94 to 0x0000028d101a65a4
Event: 1.533 Thread 0x0000028d78c7b430 Implicit null exception at 0x0000028d10157c90 to 0x0000028d1015839c

VM Operations (20 events):
Event: 0.490 Executing VM operation: G1CollectForAllocation (G1 Evacuation Pause)
Event: 0.495 Executing VM operation: G1CollectForAllocation (G1 Evacuation Pause) done
Event: 0.507 Executing VM operation: HandshakeAllThreads (Deoptimize)
Event: 0.507 Executing VM operation: HandshakeAllThreads (Deoptimize) done
Event: 0.616 Executing VM operation: HandshakeAllThreads (Deoptimize)
Event: 0.616 Executing VM operation: HandshakeAllThreads (Deoptimize) done
Event: 0.652 Executing VM operation: G1CollectForAllocation (G1 Evacuation Pause)
Event: 0.659 Executing VM operation: G1CollectForAllocation (G1 Evacuation Pause) done
Event: 0.810 Executing VM operation: HandshakeAllThreads (Deoptimize)
Event: 0.810 Executing VM operation: HandshakeAllThreads (Deoptimize) done
Event: 0.903 Executing VM operation: HandshakeAllThreads (Deoptimize)
Event: 0.903 Executing VM operation: HandshakeAllThreads (Deoptimize) done
Event: 0.946 Executing VM operation: HandshakeAllThreads (Deoptimize)
Event: 0.946 Executing VM operation: HandshakeAllThreads (Deoptimize) done
Event: 1.041 Executing VM operation: HandshakeAllThreads (Deoptimize)
Event: 1.041 Executing VM operation: HandshakeAllThreads (Deoptimize) done
Event: 1.218 Executing VM operation: G1CollectForAllocation (G1 Evacuation Pause)
Event: 1.223 Executing VM operation: G1CollectForAllocation (G1 Evacuation Pause) done
Event: 1.449 Executing VM operation: HandshakeAllThreads (Deoptimize)
Event: 1.449 Executing VM operation: HandshakeAllThreads (Deoptimize) done

Memory protections (0 events):
No events

Nmethod flushes (0 events):
No events

Events (14 events):
Event: 0.020 Thread 0x0000028d78c7b430 Thread added: 0x0000028d78c7b430
Event: 0.029 Thread 0x0000028d78c7b430 Thread added: 0x0000028d7fbdc100
Event: 0.029 Thread 0x0000028d78c7b430 Thread added: 0x0000028d7fbdd020
Event: 0.029 Thread 0x0000028d78c7b430 Thread added: 0x0000028d7fbe1d50
Event: 0.029 Thread 0x0000028d78c7b430 Thread added: 0x0000028d7fbe29b0
Event: 0.029 Thread 0x0000028d78c7b430 Thread added: 0x0000028d7fbe3bb0
Event: 0.029 Thread 0x0000028d78c7b430 Thread added: 0x0000028d7fbe6d60
Event: 0.029 Thread 0x0000028d78c7b430 Thread added: 0x0000028d7fbf7950
Event: 0.029 Thread 0x0000028d78c7b430 Thread added: 0x0000028d7fbfbfa0
Event: 0.044 Thread 0x0000028d78c7b430 Thread added: 0x0000028d17776710
Event: 0.045 Thread 0x0000028d78c7b430 Thread added: 0x0000028d1777ee00
Event: 0.060 Thread 0x0000028d7fbf7950 Thread added: 0x0000028d7fbfb8d0
Event: 1.364 Thread 0x0000028d78c7b430 Thread added: 0x0000028d5d47fdd0
Event: 1.365 Thread 0x0000028d78c7b430 Thread added: 0x0000028d5d94ebc0


Dynamic libraries:
0x00007ff6ded70000 - 0x00007ff6ded80000 	C:\Program Files\Java\jdk-23\bin\java.exe
0x00007fffbd7b0000 - 0x00007fffbd9a8000 	C:\Windows\SYSTEM32\ntdll.dll
0x00007fffbc840000 - 0x00007fffbc902000 	C:\Windows\System32\KERNEL32.DLL
0x00007fffbb4d0000 - 0x00007fffbb7ce000 	C:\Windows\System32\KERNELBASE.dll
0x00007fffbb010000 - 0x00007fffbb110000 	C:\Windows\System32\ucrtbase.dll
0x00007fff9ea10000 - 0x00007fff9ea2b000 	C:\Program Files\Java\jdk-23\bin\VCRUNTIME140.dll
0x00007fff9e920000 - 0x00007fff9e937000 	C:\Program Files\Java\jdk-23\bin\jli.dll
0x00007fffbbed0000 - 0x00007fffbc06d000 	C:\Windows\System32\USER32.dll
0x00007fffabf60000 - 0x00007fffac1fa000 	C:\Windows\WinSxS\amd64_microsoft.windows.common-controls_6595b64144ccf1df_6.0.19041.4355_none_60b8b9eb71f62e16\COMCTL32.dll
0x00007fffbb240000 - 0x00007fffbb262000 	C:\Windows\System32\win32u.dll
0x00007fffbbe30000 - 0x00007fffbbece000 	C:\Windows\System32\msvcrt.dll
0x00007fffbbe00000 - 0x00007fffbbe2b000 	C:\Windows\System32\GDI32.dll
0x00007fffbae50000 - 0x00007fffbaf67000 	C:\Windows\System32\gdi32full.dll
0x00007fffbaf70000 - 0x00007fffbb00d000 	C:\Windows\System32\msvcp_win.dll
0x00007fffbbc50000 - 0x00007fffbbc7f000 	C:\Windows\System32\IMM32.DLL
0x00007fffb6b30000 - 0x00007fffb6b3c000 	C:\Program Files\Java\jdk-23\bin\vcruntime140_1.dll
0x00007fff9ba20000 - 0x00007fff9baae000 	C:\Program Files\Java\jdk-23\bin\msvcp140.dll
0x00007fff613e0000 - 0x00007fff6212f000 	C:\Program Files\Java\jdk-23\bin\server\jvm.dll
0x00007fffbd5e0000 - 0x00007fffbd691000 	C:\Windows\System32\ADVAPI32.dll
0x00007fffbcb40000 - 0x00007fffbcbdf000 	C:\Windows\System32\sechost.dll
0x00007fffbcbe0000 - 0x00007fffbcd03000 	C:\Windows\System32\RPCRT4.dll
0x00007fffbb210000 - 0x00007fffbb237000 	C:\Windows\System32\bcrypt.dll
0x00007fffbd700000 - 0x00007fffbd76b000 	C:\Windows\System32\WS2_32.dll
0x00007fffba390000 - 0x00007fffba3db000 	C:\Windows\SYSTEM32\POWRPROF.dll
0x00007fffab6e0000 - 0x00007fffab707000 	C:\Windows\SYSTEM32\WINMM.dll
0x00007fffb7650000 - 0x00007fffb765a000 	C:\Windows\SYSTEM32\VERSION.dll
0x00007fffba250000 - 0x00007fffba262000 	C:\Windows\SYSTEM32\UMPDC.dll
0x00007fffb9660000 - 0x00007fffb9672000 	C:\Windows\SYSTEM32\kernel.appcore.dll
0x00007fffb6b10000 - 0x00007fffb6b1a000 	C:\Program Files\Java\jdk-23\bin\jimage.dll
0x00007fffb9380000 - 0x00007fffb9564000 	C:\Windows\SYSTEM32\DBGHELP.DLL
0x00007fff9d320000 - 0x00007fff9d354000 	C:\Windows\SYSTEM32\dbgcore.DLL
0x00007fffbb180000 - 0x00007fffbb202000 	C:\Windows\System32\bcryptPrimitives.dll
0x00007fff9dfe0000 - 0x00007fff9dffe000 	C:\Program Files\Java\jdk-23\bin\java.dll
0x00007fffbcd30000 - 0x00007fffbce5b000 	C:\Windows\System32\ole32.dll
0x00007fffbcf00000 - 0x00007fffbd253000 	C:\Windows\System32\combase.dll
0x00007fffbc070000 - 0x00007fffbc7dd000 	C:\Windows\System32\SHELL32.dll
0x00007fffb8b10000 - 0x00007fffb92b4000 	C:\Windows\SYSTEM32\windows.storage.dll
0x00007fffba880000 - 0x00007fffba8ae000 	C:\Windows\SYSTEM32\Wldp.dll
0x00007fffbbd30000 - 0x00007fffbbdfd000 	C:\Windows\System32\OLEAUT32.dll
0x00007fffbc970000 - 0x00007fffbca1d000 	C:\Windows\System32\SHCORE.dll
0x00007fffbc7e0000 - 0x00007fffbc835000 	C:\Windows\System32\shlwapi.dll
0x00007fffbad80000 - 0x00007fffbada4000 	C:\Windows\SYSTEM32\profapi.dll
0x00007fff98d80000 - 0x00007fff98e57000 	C:\Program Files\Java\jdk-23\bin\jsvml.dll
0x00007fffb6aa0000 - 0x00007fffb6ab0000 	C:\Program Files\Java\jdk-23\bin\net.dll
0x00007fffba5e0000 - 0x00007fffba64a000 	C:\Windows\system32\mswsock.dll
0x00007fff9de70000 - 0x00007fff9de86000 	C:\Program Files\Java\jdk-23\bin\nio.dll
0x00007fff9ba00000 - 0x00007fff9ba17000 	C:\Program Files\Java\jdk-23\bin\zip.dll
0x00007fffba7d0000 - 0x00007fffba7e8000 	C:\Windows\SYSTEM32\CRYPTSP.dll
0x00007fffb9e90000 - 0x00007fffb9ec4000 	C:\Windows\system32\rsaenh.dll
0x00007fffbad40000 - 0x00007fffbad6e000 	C:\Windows\SYSTEM32\USERENV.dll
0x00007fffba7f0000 - 0x00007fffba7fc000 	C:\Windows\SYSTEM32\CRYPTBASE.dll
0x00007fffba270000 - 0x00007fffba2ab000 	C:\Windows\SYSTEM32\IPHLPAPI.DLL
0x00007fffbce60000 - 0x00007fffbce68000 	C:\Windows\System32\NSI.dll
0x00007fffb3f20000 - 0x00007fffb3f30000 	C:\Program Files\Java\jdk-23\bin\verify.dll
0x00007fff9c6e0000 - 0x00007fff9c6f7000 	C:\Windows\system32\napinsp.dll
0x00007fff9c6c0000 - 0x00007fff9c6db000 	C:\Windows\system32\pnrpnsp.dll
0x00007fffb42b0000 - 0x00007fffb42c5000 	C:\Windows\system32\wshbth.dll
0x00007fffb6990000 - 0x00007fffb69ad000 	C:\Windows\system32\NLAapi.dll
0x00007fffba2c0000 - 0x00007fffba38a000 	C:\Windows\SYSTEM32\DNSAPI.dll
0x00007fff9c6a0000 - 0x00007fff9c6b2000 	C:\Windows\System32\winrnr.dll
0x00007fffb2930000 - 0x00007fffb293a000 	C:\Windows\System32\rasadhlp.dll
0x00007fffb2c50000 - 0x00007fffb2cd0000 	C:\Windows\System32\fwpuclnt.dll

dbghelp: loaded successfully - version: 4.0.5 - missing functions: none
symbol engine: initialized successfully - sym options: 0x614 - pdb path: .;C:\Program Files\Java\jdk-23\bin;C:\Windows\SYSTEM32;C:\Windows\WinSxS\amd64_microsoft.windows.common-controls_6595b64144ccf1df_6.0.19041.4355_none_60b8b9eb71f62e16;C:\Program Files\Java\jdk-23\bin\server

VM Arguments:
jvm_args: -Dfile.encoding=UTF-8 -Dclojure.compile.path=C:\Users\samuel\av3funcional/target/classes -Dleiningen.original.pwd=C:\Users\samuel\av3funcional 
java_command: clojure.main -m leiningen.core.main run
java_class_path (initial): C:\Users\samuel\.lein\self-installs\leiningen-2.11.2-standalone.jar
Launcher Type: SUN_STANDARD

[Global flags]
     intx CICompilerCount                          = 3                                         {product} {ergonomic}
     uint ConcGCThreads                            = 1                                         {product} {ergonomic}
     uint G1ConcRefinementThreads                  = 4                                         {product} {ergonomic}
   size_t G1HeapRegionSize                         = 1048576                                   {product} {ergonomic}
   size_t InitialHeapSize                          = 132120576                                 {product} {ergonomic}
   size_t MarkStackSize                            = 4194304                                   {product} {ergonomic}
   size_t MarkStackSizeMax                         = 536870912                                 {product} {ergonomic}
   size_t MaxHeapSize                              = 2099249152                                {product} {ergonomic}
   size_t MaxNewSize                               = 1259339776                                {product} {ergonomic}
   size_t MinHeapDeltaBytes                        = 1048576                                   {product} {ergonomic}
   size_t MinHeapSize                              = 8388608                                   {product} {ergonomic}
    uintx NonNMethodCodeHeapSize                   = 5832704                                {pd product} {ergonomic}
    uintx NonProfiledCodeHeapSize                  = 122945536                              {pd product} {ergonomic}
    uintx ProfiledCodeHeapSize                     = 122880000                              {pd product} {ergonomic}
    uintx ReservedCodeCacheSize                    = 251658240                              {pd product} {ergonomic}
     bool SegmentedCodeCache                       = true                                      {product} {ergonomic}
   size_t SoftMaxHeapSize                          = 2099249152                             {manageable} {ergonomic}
     bool UseCompressedOops                        = true                           {product lp64_product} {ergonomic}
     bool UseG1GC                                  = true                                      {product} {ergonomic}
     bool UseLargePagesIndividualAllocation        = false                                  {pd product} {ergonomic}

Logging:
Log output configuration:
 #0: stdout all=warning uptime,level,tags foldmultilines=false
 #1: stderr all=off uptime,level,tags foldmultilines=false

Environment Variables:
CLASSPATH=C:\Users\samuel\.lein\self-installs\leiningen-2.11.2-standalone.jar
PATH=C:\Program Files\Common Files\Oracle\Java\javapath;C:\Windows\system32;C:\Windows;C:\Windows\System32\Wbem;C:\Windows\System32\WindowsPowerShell\v1.0\;C:\Windows\System32\OpenSSH\;C:\Program Files\dotnet\;C:\ProgramData\chocolatey\bin;C:\Program Files\nodejs\;C:\Program Files\Git\cmd;C:\Users\samuel\AppData\Local\Programs\Python\Python312\Scripts\;C:\Users\samuel\AppData\Local\Programs\Python\Python312\;C:\Users\samuel\AppData\Local\Microsoft\WindowsApps;C:\Users\samuel\AppData\Local\Programs\Microsoft VS Code\bin;C:\Users\samuel\AppData\Local\Microsoft\WinGet\Packages\Schniz.fnm_Microsoft.Winget.Source_8wekyb3d8bbwe;C:\Users\samuel\AppData\Roaming\npm;C:\Users\samuel\AppData\Local\GitHubDesktop\bin;C:\Program Files\JetBrains\IntelliJ IDEA Community Edition 2024.2.4\bin;;C:\Users\samuel\leiningen\bin;C:\Program Files\Graphviz\bin
USERNAME=samuel
OS=Windows_NT
PROCESSOR_IDENTIFIER=Intel64 Family 6 Model 166 Stepping 0, GenuineIntel
TMP=C:\Users\samuel\AppData\Local\Temp
TEMP=C:\Users\samuel\AppData\Local\Temp




Periodic native trim disabled

---------------  S Y S T E M  ---------------

OS:
 Windows 10 , 64 bit Build 19041 (10.0.19041.5072)
OS uptime: 3 days 20:10 hours

CPU: total 4 (initial active 4) (2 cores per cpu, 2 threads per core) family 6 model 166 stepping 0 microcode 0xc6, cx8, cmov, fxsr, ht, mmx, 3dnowpref, sse, sse2, sse3, ssse3, sse4.1, sse4.2, popcnt, lzcnt, tsc, tscinvbit, avx, avx2, aes, erms, clmul, bmi1, bmi2, adx, fma, vzeroupper, clflush, clflushopt, rdtscp, f16c
Processor Information for the first 4 processors :
  Max Mhz: 2592, Current Mhz: 2093, Mhz Limit: 2073

Memory: 4k page, system-wide physical 8006M (964M free)
TotalPageFile size 8006M (AvailPageFile size 5M)
current process WorkingSet (physical memory assigned to process): 132M, peak: 132M
current process commit charge ("private bytes"): 250M, peak: 250M

vm_info: Java HotSpot(TM) 64-Bit Server VM (23.0.1+11-39) for windows-amd64 JRE (23.0.1+11-39), built on 2024-09-30T07:20:43Z with MS VC++ 17.6 (VS2022)

END.
