#
# There is insufficient memory for the Java Runtime Environment to continue.
# Native memory allocation (malloc) failed to allocate 340096 bytes. Error detail: Chunk::new
# Possible reasons:
#   The system is out of physical RAM or swap space
#   This process is running with CompressedOops enabled, and the Java Heap may be blocking the growth of the native heap
# Possible solutions:
#   Reduce memory load on the system
#   Increase physical memory or swap space
#   Check if swap backing store is full
#   Decrease Java heap size (-Xmx/-Xms)
#   Decrease number of Java threads
#   Decrease Java thread stack sizes (-Xss)
#   Set larger code cache with -XX:ReservedCodeCacheSize=
#   JVM is running with Unscaled Compressed Oops mode in which the Java heap is
#     placed in the first 4GB address space. The Java Heap base address is the
#     maximum limit for the native heap growth. Please use -XX:HeapBaseMinAddress
#     to set the Java Heap base and to place the Java Heap above 4GB virtual address.
# This output file may be truncated or incomplete.
#
#  Out of Memory Error (arena.cpp:149), pid=3124, tid=14368
#
# JRE version: Java(TM) SE Runtime Environment (23.0.1+11) (build 23.0.1+11-39)
# Java VM: Java HotSpot(TM) 64-Bit Server VM (23.0.1+11-39, mixed mode, sharing, tiered, compressed oops, compressed class ptrs, g1 gc, windows-amd64)
# No core dump will be written. Minidumps are not enabled by default on client versions of Windows
#

---------------  S U M M A R Y ------------

Command Line: -Dfile.encoding=UTF-8 -Dclojure.compile.path=C:\Users\samuel\av3funcional/target/classes -Dleiningen.original.pwd=C:\Users\samuel\av3funcional clojure.main -m leiningen.core.main run

Host: Intel(R) Core(TM) i3-10110U CPU @ 2.10GHz, 4 cores, 7G,  Windows 10 , 64 bit Build 19041 (10.0.19041.5072)
Time: Tue Dec  3 12:59:10 2024 Hora oficial do Brasil elapsed time: 2.404345 seconds (0d 0h 0m 2s)

---------------  T H R E A D  ---------------

Current thread (0x000001bf7f8f4bf0):  JavaThread "C2 CompilerThread0" daemon [_thread_in_native, id=14368, stack(0x00000010f4700000,0x00000010f4800000) (1024K)]


Current CompileTask:
C2:2404 2633       4       org.codehaus.plexus.util.xml.Xpp3Dom::<init> (125 bytes)

Stack: [0x00000010f4700000,0x00000010f4800000]
Native frames: (J=compiled Java code, j=interpreted, Vv=VM code, C=native code)
V  [jvm.dll+0x6e08b9]  (no source info available)
V  [jvm.dll+0x87dc83]  (no source info available)
V  [jvm.dll+0x88010e]  (no source info available)
V  [jvm.dll+0x8807e3]  (no source info available)
V  [jvm.dll+0x27aee6]  (no source info available)
V  [jvm.dll+0xbc06f]  (no source info available)
V  [jvm.dll+0xbc2cb]  (no source info available)
V  [jvm.dll+0x2ee94d]  (no source info available)
V  [jvm.dll+0x6063d9]  (no source info available)
V  [jvm.dll+0x24ddf2]  (no source info available)
V  [jvm.dll+0x24e1d5]  (no source info available)
V  [jvm.dll+0x246b54]  (no source info available)
V  [jvm.dll+0x243d04]  (no source info available)
V  [jvm.dll+0x1c33a0]  (no source info available)
V  [jvm.dll+0x253cf1]  (no source info available)
V  [jvm.dll+0x251faa]  (no source info available)
V  [jvm.dll+0x3ee036]  (no source info available)
V  [jvm.dll+0x824f8b]  (no source info available)
V  [jvm.dll+0x6df065]  (no source info available)
C  [ucrtbase.dll+0x21bb2]  (no source info available)
C  [KERNEL32.DLL+0x17374]  (no source info available)
C  [ntdll.dll+0x4cc91]  (no source info available)

Lock stack of current Java thread (top to bottom):


---------------  P R O C E S S  ---------------

Threads class SMR info:
_java_thread_list=0x000001bf616823e0, length=14, elements={
0x000001bf7c7ab630, 0x000001bf7f8ddf00, 0x000001bf7f8dee20, 0x000001bf7f8e15f0,
0x000001bf7f8e4060, 0x000001bf7f8e5ee0, 0x000001bf7f8e8950, 0x000001bf7f8f4bf0,
0x000001bf7f8f92d0, 0x000001bf1b6b3340, 0x000001bf1b6b2cb0, 0x000001bf1b768880,
0x000001bf1b6b2620, 0x000001bf1b6b46f0
}

Java Threads: ( => current thread )
  0x000001bf7c7ab630 JavaThread "main"                              [_thread_in_Java, id=10860, stack(0x00000010f3900000,0x00000010f3a00000) (1024K)]
  0x000001bf7f8ddf00 JavaThread "Reference Handler"          daemon [_thread_blocked, id=8436, stack(0x00000010f4100000,0x00000010f4200000) (1024K)]
  0x000001bf7f8dee20 JavaThread "Finalizer"                  daemon [_thread_blocked, id=5300, stack(0x00000010f4200000,0x00000010f4300000) (1024K)]
  0x000001bf7f8e15f0 JavaThread "Signal Dispatcher"          daemon [_thread_blocked, id=14528, stack(0x00000010f4300000,0x00000010f4400000) (1024K)]
  0x000001bf7f8e4060 JavaThread "Attach Listener"            daemon [_thread_blocked, id=8664, stack(0x00000010f4400000,0x00000010f4500000) (1024K)]
  0x000001bf7f8e5ee0 JavaThread "Service Thread"             daemon [_thread_blocked, id=12696, stack(0x00000010f4500000,0x00000010f4600000) (1024K)]
  0x000001bf7f8e8950 JavaThread "Monitor Deflation Thread"   daemon [_thread_blocked, id=7888, stack(0x00000010f4600000,0x00000010f4700000) (1024K)]
=>0x000001bf7f8f4bf0 JavaThread "C2 CompilerThread0"         daemon [_thread_in_native, id=14368, stack(0x00000010f4700000,0x00000010f4800000) (1024K)]
  0x000001bf7f8f92d0 JavaThread "C1 CompilerThread0"         daemon [_thread_blocked, id=1664, stack(0x00000010f4800000,0x00000010f4900000) (1024K)]
  0x000001bf1b6b3340 JavaThread "Notification Thread"        daemon [_thread_blocked, id=5564, stack(0x00000010f4900000,0x00000010f4a00000) (1024K)]
  0x000001bf1b6b2cb0 JavaThread "Common-Cleaner"             daemon [_thread_blocked, id=8464, stack(0x00000010f4a00000,0x00000010f4b00000) (1024K)]
  0x000001bf1b768880 JavaThread "C2 CompilerThread1"         daemon [_thread_in_native, id=14148, stack(0x00000010f4b00000,0x00000010f4c00000) (1024K)]
  0x000001bf1b6b2620 JavaThread "clojure-agent-send-off-pool-0"        [_thread_blocked, id=5516, stack(0x00000010f4f00000,0x00000010f5000000) (1024K)]
  0x000001bf1b6b46f0 JavaThread "clojure-agent-send-off-pool-1"        [_thread_blocked, id=11144, stack(0x00000010f5000000,0x00000010f5100000) (1024K)]
Total: 14

Other Threads:
  0x000001bf7f8c5c60 VMThread "VM Thread"                           [id=6320, stack(0x00000010f4000000,0x00000010f4100000) (1024K)]
  0x000001bf7f8b49f0 WatcherThread "VM Periodic Task Thread"        [id=14836, stack(0x00000010f3f00000,0x00000010f4000000) (1024K)]
  0x000001bf7ebd2560 WorkerThread "GC Thread#0"                     [id=9880, stack(0x00000010f3a00000,0x00000010f3b00000) (1024K)]
  0x000001bf61235df0 WorkerThread "GC Thread#1"                     [id=14612, stack(0x00000010f4c00000,0x00000010f4d00000) (1024K)]
  0x000001bf612361a0 WorkerThread "GC Thread#2"                     [id=15024, stack(0x00000010f4d00000,0x00000010f4e00000) (1024K)]
  0x000001bf61202fc0 WorkerThread "GC Thread#3"                     [id=8640, stack(0x00000010f4e00000,0x00000010f4f00000) (1024K)]
  0x000001bf7ebe6e80 ConcurrentGCThread "G1 Main Marker"            [id=14680, stack(0x00000010f3b00000,0x00000010f3c00000) (1024K)]
  0x000001bf7ebe7b40 WorkerThread "G1 Conc#0"                       [id=15140, stack(0x00000010f3c00000,0x00000010f3d00000) (1024K)]
  0x000001bf7ec4e570 ConcurrentGCThread "G1 Refine#0"               [id=6384, stack(0x00000010f3d00000,0x00000010f3e00000) (1024K)]
  0x000001bf7f789260 ConcurrentGCThread "G1 Service"                [id=13084, stack(0x00000010f3e00000,0x00000010f3f00000) (1024K)]
Total: 10

Threads with active compile tasks:
C2 CompilerThread0  2470 2633       4       org.codehaus.plexus.util.xml.Xpp3Dom::<init> (125 bytes)
C2 CompilerThread1  2470 2066   !   4       jdk.internal.loader.BuiltinClassLoader::loadClassOrNull (143 bytes)
Total: 2

VM state: not at safepoint (normal execution)

VM Mutex/Monitor currently owned by a thread: None

Heap address: 0x0000000082e00000, size: 2002 MB, Compressed Oops mode: 32-bit

CDS archive(s) mapped at: [0x000001bf1c000000-0x000001bf1cd70000-0x000001bf1cd70000), size 14090240, SharedBaseAddress: 0x000001bf1c000000, ArchiveRelocationMode: 1.
Compressed class space mapped at: 0x000001bf1d000000-0x000001bf5d000000, reserved size: 1073741824
Narrow klass base: 0x000001bf1c000000, Narrow klass shift: 0, Narrow klass range: 0x41000000

GC Precious Log:
 CardTable entry size: 512
 Card Set container configuration: InlinePtr #cards 5 size 8 Array Of Cards #cards 10 size 36 Howl #buckets 4 coarsen threshold 1843 Howl Bitmap #cards 512 size 80 coarsen threshold 460 Card regions per heap region 1 cards per card region 2048
 CPUs: 4 total, 4 available
 Memory: 8006M
 Large Page Support: Disabled
 NUMA Support: Disabled
 Compressed Oops: Enabled (32-bit)
 Heap Region Size: 1M
 Heap Min Capacity: 8M
 Heap Initial Capacity: 126M
 Heap Max Capacity: 2002M
 Pre-touch: Disabled
 Parallel Workers: 4
 Concurrent Workers: 1
 Concurrent Refinement Workers: 4
 Periodic GC: Disabled

Heap:
 garbage-first heap   total reserved 2050048K, committed 129024K, used 10169K [0x0000000082e00000, 0x0000000100000000)
  region size 1024K, 4 young (4096K), 2 survivors (2048K)
 Metaspace       used 18369K, committed 18624K, reserved 1114112K
  class space    used 3601K, committed 3712K, reserved 1048576K

Heap Regions: E=young(eden), S=young(survivor), O=old, HS=humongous(starts), HC=humongous(continues), CS=collection set, F=free, TAMS=top-at-mark-start, PB=parsable bottom
|   0|0x0000000082e00000, 0x0000000082f00000, 0x0000000082f00000|100%|HS|  |TAMS 0x0000000082e00000| PB 0x0000000082e00000| Complete |  0
|   1|0x0000000082f00000, 0x0000000083000000, 0x0000000083000000|100%| O|  |TAMS 0x0000000082f00000| PB 0x0000000082f00000| Untracked |  0
|   2|0x0000000083000000, 0x0000000083100000, 0x0000000083100000|100%| O|  |TAMS 0x0000000083000000| PB 0x0000000083000000| Untracked |  0
|   3|0x0000000083100000, 0x0000000083200000, 0x0000000083200000|100%| O|  |TAMS 0x0000000083100000| PB 0x0000000083100000| Untracked |  0
|   4|0x0000000083200000, 0x0000000083300000, 0x0000000083300000|100%| O|  |TAMS 0x0000000083200000| PB 0x0000000083200000| Untracked |  0
|   5|0x0000000083300000, 0x0000000083400000, 0x0000000083400000|100%| O|  |TAMS 0x0000000083300000| PB 0x0000000083300000| Untracked |  0
|   6|0x0000000083400000, 0x0000000083500000, 0x0000000083500000|100%| O|  |TAMS 0x0000000083400000| PB 0x0000000083400000| Untracked |  0
|   7|0x0000000083500000, 0x0000000083537620, 0x0000000083600000| 21%| O|  |TAMS 0x0000000083500000| PB 0x0000000083500000| Untracked |  0
|   8|0x0000000083600000, 0x0000000083600000, 0x0000000083700000|  0%| F|  |TAMS 0x0000000083600000| PB 0x0000000083600000| Untracked |  0
|   9|0x0000000083700000, 0x0000000083700000, 0x0000000083800000|  0%| F|  |TAMS 0x0000000083700000| PB 0x0000000083700000| Untracked |  0
|  10|0x0000000083800000, 0x0000000083800000, 0x0000000083900000|  0%| F|  |TAMS 0x0000000083800000| PB 0x0000000083800000| Untracked |  0
|  11|0x0000000083900000, 0x0000000083900000, 0x0000000083a00000|  0%| F|  |TAMS 0x0000000083900000| PB 0x0000000083900000| Untracked |  0
|  12|0x0000000083a00000, 0x0000000083a00000, 0x0000000083b00000|  0%| F|  |TAMS 0x0000000083a00000| PB 0x0000000083a00000| Untracked |  0
|  13|0x0000000083b00000, 0x0000000083b00000, 0x0000000083c00000|  0%| F|  |TAMS 0x0000000083b00000| PB 0x0000000083b00000| Untracked |  0
|  14|0x0000000083c00000, 0x0000000083c00000, 0x0000000083d00000|  0%| F|  |TAMS 0x0000000083c00000| PB 0x0000000083c00000| Untracked |  0
|  15|0x0000000083d00000, 0x0000000083d00000, 0x0000000083e00000|  0%| F|  |TAMS 0x0000000083d00000| PB 0x0000000083d00000| Untracked |  0
|  16|0x0000000083e00000, 0x0000000083e00000, 0x0000000083f00000|  0%| F|  |TAMS 0x0000000083e00000| PB 0x0000000083e00000| Untracked |  0
|  17|0x0000000083f00000, 0x0000000083f00000, 0x0000000084000000|  0%| F|  |TAMS 0x0000000083f00000| PB 0x0000000083f00000| Untracked |  0
|  18|0x0000000084000000, 0x0000000084000000, 0x0000000084100000|  0%| F|  |TAMS 0x0000000084000000| PB 0x0000000084000000| Untracked |  0
|  19|0x0000000084100000, 0x0000000084100000, 0x0000000084200000|  0%| F|  |TAMS 0x0000000084100000| PB 0x0000000084100000| Untracked |  0
|  20|0x0000000084200000, 0x0000000084200000, 0x0000000084300000|  0%| F|  |TAMS 0x0000000084200000| PB 0x0000000084200000| Untracked |  0
|  21|0x0000000084300000, 0x0000000084300000, 0x0000000084400000|  0%| F|  |TAMS 0x0000000084300000| PB 0x0000000084300000| Untracked |  0
|  22|0x0000000084400000, 0x0000000084400000, 0x0000000084500000|  0%| F|  |TAMS 0x0000000084400000| PB 0x0000000084400000| Untracked |  0
|  23|0x0000000084500000, 0x0000000084500000, 0x0000000084600000|  0%| F|  |TAMS 0x0000000084500000| PB 0x0000000084500000| Untracked |  0
|  24|0x0000000084600000, 0x0000000084600000, 0x0000000084700000|  0%| F|  |TAMS 0x0000000084600000| PB 0x0000000084600000| Untracked |  0
|  25|0x0000000084700000, 0x0000000084700000, 0x0000000084800000|  0%| F|  |TAMS 0x0000000084700000| PB 0x0000000084700000| Untracked |  0
|  26|0x0000000084800000, 0x0000000084800000, 0x0000000084900000|  0%| F|  |TAMS 0x0000000084800000| PB 0x0000000084800000| Untracked |  0
|  27|0x0000000084900000, 0x0000000084900000, 0x0000000084a00000|  0%| F|  |TAMS 0x0000000084900000| PB 0x0000000084900000| Untracked |  0
|  28|0x0000000084a00000, 0x0000000084a00000, 0x0000000084b00000|  0%| F|  |TAMS 0x0000000084a00000| PB 0x0000000084a00000| Untracked |  0
|  29|0x0000000084b00000, 0x0000000084b00000, 0x0000000084c00000|  0%| F|  |TAMS 0x0000000084b00000| PB 0x0000000084b00000| Untracked |  0
|  30|0x0000000084c00000, 0x0000000084c00000, 0x0000000084d00000|  0%| F|  |TAMS 0x0000000084c00000| PB 0x0000000084c00000| Untracked |  0
|  31|0x0000000084d00000, 0x0000000084d00000, 0x0000000084e00000|  0%| F|  |TAMS 0x0000000084d00000| PB 0x0000000084d00000| Untracked |  0
|  32|0x0000000084e00000, 0x0000000084e00000, 0x0000000084f00000|  0%| F|  |TAMS 0x0000000084e00000| PB 0x0000000084e00000| Untracked |  0
|  33|0x0000000084f00000, 0x0000000084f00000, 0x0000000085000000|  0%| F|  |TAMS 0x0000000084f00000| PB 0x0000000084f00000| Untracked |  0
|  34|0x0000000085000000, 0x0000000085000000, 0x0000000085100000|  0%| F|  |TAMS 0x0000000085000000| PB 0x0000000085000000| Untracked |  0
|  35|0x0000000085100000, 0x0000000085100000, 0x0000000085200000|  0%| F|  |TAMS 0x0000000085100000| PB 0x0000000085100000| Untracked |  0
|  36|0x0000000085200000, 0x0000000085200000, 0x0000000085300000|  0%| F|  |TAMS 0x0000000085200000| PB 0x0000000085200000| Untracked |  0
|  37|0x0000000085300000, 0x0000000085300000, 0x0000000085400000|  0%| F|  |TAMS 0x0000000085300000| PB 0x0000000085300000| Untracked |  0
|  38|0x0000000085400000, 0x0000000085400000, 0x0000000085500000|  0%| F|  |TAMS 0x0000000085400000| PB 0x0000000085400000| Untracked |  0
|  39|0x0000000085500000, 0x0000000085500000, 0x0000000085600000|  0%| F|  |TAMS 0x0000000085500000| PB 0x0000000085500000| Untracked |  0
|  40|0x0000000085600000, 0x0000000085600000, 0x0000000085700000|  0%| F|  |TAMS 0x0000000085600000| PB 0x0000000085600000| Untracked |  0
|  41|0x0000000085700000, 0x0000000085700000, 0x0000000085800000|  0%| F|  |TAMS 0x0000000085700000| PB 0x0000000085700000| Untracked |  0
|  42|0x0000000085800000, 0x0000000085800000, 0x0000000085900000|  0%| F|  |TAMS 0x0000000085800000| PB 0x0000000085800000| Untracked |  0
|  43|0x0000000085900000, 0x0000000085900000, 0x0000000085a00000|  0%| F|  |TAMS 0x0000000085900000| PB 0x0000000085900000| Untracked |  0
|  44|0x0000000085a00000, 0x0000000085a00000, 0x0000000085b00000|  0%| F|  |TAMS 0x0000000085a00000| PB 0x0000000085a00000| Untracked |  0
|  45|0x0000000085b00000, 0x0000000085b00000, 0x0000000085c00000|  0%| F|  |TAMS 0x0000000085b00000| PB 0x0000000085b00000| Untracked |  0
|  46|0x0000000085c00000, 0x0000000085c00000, 0x0000000085d00000|  0%| F|  |TAMS 0x0000000085c00000| PB 0x0000000085c00000| Untracked |  0
|  47|0x0000000085d00000, 0x0000000085d00000, 0x0000000085e00000|  0%| F|  |TAMS 0x0000000085d00000| PB 0x0000000085d00000| Untracked |  0
|  48|0x0000000085e00000, 0x0000000085e00000, 0x0000000085f00000|  0%| F|  |TAMS 0x0000000085e00000| PB 0x0000000085e00000| Untracked |  0
|  49|0x0000000085f00000, 0x0000000085f00000, 0x0000000086000000|  0%| F|  |TAMS 0x0000000085f00000| PB 0x0000000085f00000| Untracked |  0
|  50|0x0000000086000000, 0x0000000086000000, 0x0000000086100000|  0%| F|  |TAMS 0x0000000086000000| PB 0x0000000086000000| Untracked |  0
|  51|0x0000000086100000, 0x0000000086100000, 0x0000000086200000|  0%| F|  |TAMS 0x0000000086100000| PB 0x0000000086100000| Untracked |  0
|  52|0x0000000086200000, 0x0000000086200000, 0x0000000086300000|  0%| F|  |TAMS 0x0000000086200000| PB 0x0000000086200000| Untracked |  0
|  53|0x0000000086300000, 0x0000000086300000, 0x0000000086400000|  0%| F|  |TAMS 0x0000000086300000| PB 0x0000000086300000| Untracked |  0
|  54|0x0000000086400000, 0x0000000086400000, 0x0000000086500000|  0%| F|  |TAMS 0x0000000086400000| PB 0x0000000086400000| Untracked |  0
|  55|0x0000000086500000, 0x0000000086500000, 0x0000000086600000|  0%| F|  |TAMS 0x0000000086500000| PB 0x0000000086500000| Untracked |  0
|  56|0x0000000086600000, 0x0000000086600000, 0x0000000086700000|  0%| F|  |TAMS 0x0000000086600000| PB 0x0000000086600000| Untracked |  0
|  57|0x0000000086700000, 0x0000000086700000, 0x0000000086800000|  0%| F|  |TAMS 0x0000000086700000| PB 0x0000000086700000| Untracked |  0
|  58|0x0000000086800000, 0x0000000086800000, 0x0000000086900000|  0%| F|  |TAMS 0x0000000086800000| PB 0x0000000086800000| Untracked |  0
|  59|0x0000000086900000, 0x0000000086900000, 0x0000000086a00000|  0%| F|  |TAMS 0x0000000086900000| PB 0x0000000086900000| Untracked |  0
|  60|0x0000000086a00000, 0x0000000086a00000, 0x0000000086b00000|  0%| F|  |TAMS 0x0000000086a00000| PB 0x0000000086a00000| Untracked |  0
|  61|0x0000000086b00000, 0x0000000086b00000, 0x0000000086c00000|  0%| F|  |TAMS 0x0000000086b00000| PB 0x0000000086b00000| Untracked |  0
|  62|0x0000000086c00000, 0x0000000086c00000, 0x0000000086d00000|  0%| F|  |TAMS 0x0000000086c00000| PB 0x0000000086c00000| Untracked |  0
|  63|0x0000000086d00000, 0x0000000086d00000, 0x0000000086e00000|  0%| F|  |TAMS 0x0000000086d00000| PB 0x0000000086d00000| Untracked |  0
|  64|0x0000000086e00000, 0x0000000086e00000, 0x0000000086f00000|  0%| F|  |TAMS 0x0000000086e00000| PB 0x0000000086e00000| Untracked |  0
|  65|0x0000000086f00000, 0x0000000086f00000, 0x0000000087000000|  0%| F|  |TAMS 0x0000000086f00000| PB 0x0000000086f00000| Untracked |  0
|  66|0x0000000087000000, 0x0000000087000000, 0x0000000087100000|  0%| F|  |TAMS 0x0000000087000000| PB 0x0000000087000000| Untracked |  0
|  67|0x0000000087100000, 0x0000000087100000, 0x0000000087200000|  0%| F|  |TAMS 0x0000000087100000| PB 0x0000000087100000| Untracked |  0
|  68|0x0000000087200000, 0x0000000087200000, 0x0000000087300000|  0%| F|  |TAMS 0x0000000087200000| PB 0x0000000087200000| Untracked |  0
|  69|0x0000000087300000, 0x0000000087300000, 0x0000000087400000|  0%| F|  |TAMS 0x0000000087300000| PB 0x0000000087300000| Untracked |  0
|  70|0x0000000087400000, 0x0000000087400000, 0x0000000087500000|  0%| F|  |TAMS 0x0000000087400000| PB 0x0000000087400000| Untracked |  0
|  71|0x0000000087500000, 0x0000000087500000, 0x0000000087600000|  0%| F|  |TAMS 0x0000000087500000| PB 0x0000000087500000| Untracked |  0
|  72|0x0000000087600000, 0x0000000087600000, 0x0000000087700000|  0%| F|  |TAMS 0x0000000087600000| PB 0x0000000087600000| Untracked |  0
|  73|0x0000000087700000, 0x0000000087700000, 0x0000000087800000|  0%| F|  |TAMS 0x0000000087700000| PB 0x0000000087700000| Untracked |  0
|  74|0x0000000087800000, 0x0000000087800000, 0x0000000087900000|  0%| F|  |TAMS 0x0000000087800000| PB 0x0000000087800000| Untracked |  0
|  75|0x0000000087900000, 0x0000000087900000, 0x0000000087a00000|  0%| F|  |TAMS 0x0000000087900000| PB 0x0000000087900000| Untracked |  0
|  76|0x0000000087a00000, 0x0000000087a00000, 0x0000000087b00000|  0%| F|  |TAMS 0x0000000087a00000| PB 0x0000000087a00000| Untracked |  0
|  77|0x0000000087b00000, 0x0000000087b00000, 0x0000000087c00000|  0%| F|  |TAMS 0x0000000087b00000| PB 0x0000000087b00000| Untracked |  0
|  78|0x0000000087c00000, 0x0000000087c00000, 0x0000000087d00000|  0%| F|  |TAMS 0x0000000087c00000| PB 0x0000000087c00000| Untracked |  0
|  79|0x0000000087d00000, 0x0000000087d00000, 0x0000000087e00000|  0%| F|  |TAMS 0x0000000087d00000| PB 0x0000000087d00000| Untracked |  0
|  80|0x0000000087e00000, 0x0000000087e00000, 0x0000000087f00000|  0%| F|  |TAMS 0x0000000087e00000| PB 0x0000000087e00000| Untracked |  0
|  81|0x0000000087f00000, 0x0000000087f00000, 0x0000000088000000|  0%| F|  |TAMS 0x0000000087f00000| PB 0x0000000087f00000| Untracked |  0
|  82|0x0000000088000000, 0x0000000088000000, 0x0000000088100000|  0%| F|  |TAMS 0x0000000088000000| PB 0x0000000088000000| Untracked |  0
|  83|0x0000000088100000, 0x0000000088100000, 0x0000000088200000|  0%| F|  |TAMS 0x0000000088100000| PB 0x0000000088100000| Untracked |  0
|  84|0x0000000088200000, 0x00000000882b7098, 0x0000000088300000| 71%| S|CS|TAMS 0x0000000088200000| PB 0x0000000088200000| Complete |  0
|  85|0x0000000088300000, 0x0000000088400000, 0x0000000088400000|100%| S|CS|TAMS 0x0000000088300000| PB 0x0000000088300000| Complete |  0
|  86|0x0000000088400000, 0x0000000088400000, 0x0000000088500000|  0%| F|  |TAMS 0x0000000088400000| PB 0x0000000088400000| Untracked |  0
|  87|0x0000000088500000, 0x0000000088500000, 0x0000000088600000|  0%| F|  |TAMS 0x0000000088500000| PB 0x0000000088500000| Untracked |  0
|  88|0x0000000088600000, 0x0000000088600000, 0x0000000088700000|  0%| F|  |TAMS 0x0000000088600000| PB 0x0000000088600000| Untracked |  0
|  89|0x0000000088700000, 0x0000000088700000, 0x0000000088800000|  0%| F|  |TAMS 0x0000000088700000| PB 0x0000000088700000| Untracked |  0
|  90|0x0000000088800000, 0x0000000088800000, 0x0000000088900000|  0%| F|  |TAMS 0x0000000088800000| PB 0x0000000088800000| Untracked |  0
|  91|0x0000000088900000, 0x0000000088900000, 0x0000000088a00000|  0%| F|  |TAMS 0x0000000088900000| PB 0x0000000088900000| Untracked |  0
|  92|0x0000000088a00000, 0x0000000088a00000, 0x0000000088b00000|  0%| F|  |TAMS 0x0000000088a00000| PB 0x0000000088a00000| Untracked |  0
|  93|0x0000000088b00000, 0x0000000088b00000, 0x0000000088c00000|  0%| F|  |TAMS 0x0000000088b00000| PB 0x0000000088b00000| Untracked |  0
|  94|0x0000000088c00000, 0x0000000088c00000, 0x0000000088d00000|  0%| F|  |TAMS 0x0000000088c00000| PB 0x0000000088c00000| Untracked |  0
|  95|0x0000000088d00000, 0x0000000088d00000, 0x0000000088e00000|  0%| F|  |TAMS 0x0000000088d00000| PB 0x0000000088d00000| Untracked |  0
|  96|0x0000000088e00000, 0x0000000088e00000, 0x0000000088f00000|  0%| F|  |TAMS 0x0000000088e00000| PB 0x0000000088e00000| Untracked |  0
|  97|0x0000000088f00000, 0x0000000088f00000, 0x0000000089000000|  0%| F|  |TAMS 0x0000000088f00000| PB 0x0000000088f00000| Untracked |  0
|  98|0x0000000089000000, 0x0000000089000000, 0x0000000089100000|  0%| F|  |TAMS 0x0000000089000000| PB 0x0000000089000000| Untracked |  0
|  99|0x0000000089100000, 0x0000000089100000, 0x0000000089200000|  0%| F|  |TAMS 0x0000000089100000| PB 0x0000000089100000| Untracked |  0
| 100|0x0000000089200000, 0x0000000089200000, 0x0000000089300000|  0%| F|  |TAMS 0x0000000089200000| PB 0x0000000089200000| Untracked |  0
| 101|0x0000000089300000, 0x0000000089300000, 0x0000000089400000|  0%| F|  |TAMS 0x0000000089300000| PB 0x0000000089300000| Untracked |  0
| 102|0x0000000089400000, 0x0000000089400000, 0x0000000089500000|  0%| F|  |TAMS 0x0000000089400000| PB 0x0000000089400000| Untracked |  0
| 103|0x0000000089500000, 0x0000000089500000, 0x0000000089600000|  0%| F|  |TAMS 0x0000000089500000| PB 0x0000000089500000| Untracked |  0
| 104|0x0000000089600000, 0x0000000089600000, 0x0000000089700000|  0%| F|  |TAMS 0x0000000089600000| PB 0x0000000089600000| Untracked |  0
| 105|0x0000000089700000, 0x0000000089700000, 0x0000000089800000|  0%| F|  |TAMS 0x0000000089700000| PB 0x0000000089700000| Untracked |  0
| 106|0x0000000089800000, 0x0000000089800000, 0x0000000089900000|  0%| F|  |TAMS 0x0000000089800000| PB 0x0000000089800000| Untracked |  0
| 107|0x0000000089900000, 0x0000000089900000, 0x0000000089a00000|  0%| F|  |TAMS 0x0000000089900000| PB 0x0000000089900000| Untracked |  0
| 108|0x0000000089a00000, 0x0000000089a00000, 0x0000000089b00000|  0%| F|  |TAMS 0x0000000089a00000| PB 0x0000000089a00000| Untracked |  0
| 109|0x0000000089b00000, 0x0000000089b00000, 0x0000000089c00000|  0%| F|  |TAMS 0x0000000089b00000| PB 0x0000000089b00000| Untracked |  0
| 110|0x0000000089c00000, 0x0000000089c00000, 0x0000000089d00000|  0%| F|  |TAMS 0x0000000089c00000| PB 0x0000000089c00000| Untracked |  0
| 111|0x0000000089d00000, 0x0000000089d00000, 0x0000000089e00000|  0%| F|  |TAMS 0x0000000089d00000| PB 0x0000000089d00000| Untracked |  0
| 112|0x0000000089e00000, 0x0000000089e00000, 0x0000000089f00000|  0%| F|  |TAMS 0x0000000089e00000| PB 0x0000000089e00000| Untracked |  0
| 113|0x0000000089f00000, 0x0000000089f00000, 0x000000008a000000|  0%| F|  |TAMS 0x0000000089f00000| PB 0x0000000089f00000| Untracked |  0
| 114|0x000000008a000000, 0x000000008a000000, 0x000000008a100000|  0%| F|  |TAMS 0x000000008a000000| PB 0x000000008a000000| Untracked |  0
| 115|0x000000008a100000, 0x000000008a100000, 0x000000008a200000|  0%| F|  |TAMS 0x000000008a100000| PB 0x000000008a100000| Untracked |  0
| 116|0x000000008a200000, 0x000000008a200000, 0x000000008a300000|  0%| F|  |TAMS 0x000000008a200000| PB 0x000000008a200000| Untracked |  0
| 117|0x000000008a300000, 0x000000008a300000, 0x000000008a400000|  0%| F|  |TAMS 0x000000008a300000| PB 0x000000008a300000| Untracked |  0
| 118|0x000000008a400000, 0x000000008a400000, 0x000000008a500000|  0%| F|  |TAMS 0x000000008a400000| PB 0x000000008a400000| Untracked |  0
| 119|0x000000008a500000, 0x000000008a500000, 0x000000008a600000|  0%| F|  |TAMS 0x000000008a500000| PB 0x000000008a500000| Untracked |  0
| 120|0x000000008a600000, 0x000000008a600000, 0x000000008a700000|  0%| F|  |TAMS 0x000000008a600000| PB 0x000000008a600000| Untracked |  0
| 121|0x000000008a700000, 0x000000008a700000, 0x000000008a800000|  0%| F|  |TAMS 0x000000008a700000| PB 0x000000008a700000| Untracked |  0
| 122|0x000000008a800000, 0x000000008a800000, 0x000000008a900000|  0%| F|  |TAMS 0x000000008a800000| PB 0x000000008a800000| Untracked |  0
| 123|0x000000008a900000, 0x000000008a900000, 0x000000008aa00000|  0%| F|  |TAMS 0x000000008a900000| PB 0x000000008a900000| Untracked |  0
| 124|0x000000008aa00000, 0x000000008aa80000, 0x000000008ab00000| 50%| E|  |TAMS 0x000000008aa00000| PB 0x000000008aa00000| Complete |  0
| 125|0x000000008ab00000, 0x000000008ac00000, 0x000000008ac00000|100%| E|CS|TAMS 0x000000008ab00000| PB 0x000000008ab00000| Complete |  0

Card table byte_map: [0x000001bf7f040000,0x000001bf7f430000] _byte_map_base: 0x000001bf7ec29000

Marking Bits: (CMBitMap*) 0x000001bf7ebd2c70
 Bits: [0x000001bf17670000, 0x000001bf195b8000)

Polling page: 0x000001bf7c9a0000

Metaspace:

Usage:
  Non-class:     14.42 MB used.
      Class:      3.52 MB used.
       Both:     17.94 MB used.

Virtual space:
  Non-class space:       64.00 MB reserved,      14.56 MB ( 23%) committed,  1 nodes.
      Class space:        1.00 GB reserved,       3.62 MB ( <1%) committed,  1 nodes.
             Both:        1.06 GB reserved,      18.19 MB (  2%) committed. 

Chunk freelists:
   Non-Class:  592.00 KB
       Class:  12.34 MB
        Both:  12.92 MB

MaxMetaspaceSize: unlimited
CompressedClassSpaceSize: 1.00 GB
Initial GC threshold: 21.00 MB
Current GC threshold: 21.00 MB
CDS: on
 - commit_granule_bytes: 65536.
 - commit_granule_words: 8192.
 - virtual_space_node_default_size: 8388608.
 - enlarge_chunks_in_place: 1.
 - use_allocation_guard: 0.


Internal statistics:

num_allocs_failed_limit: 0.
num_arena_births: 142.
num_arena_deaths: 0.
num_vsnodes_births: 2.
num_vsnodes_deaths: 0.
num_space_committed: 290.
num_space_uncommitted: 0.
num_chunks_returned_to_freelist: 0.
num_chunks_taken_from_freelist: 706.
num_chunk_merges: 0.
num_chunk_splits: 557.
num_chunks_enlarged: 464.
num_inconsistent_stats: 0.

CodeHeap 'non-profiled nmethods': size=120064Kb used=1027Kb max_used=1027Kb free=119037Kb
 bounds [0x000001bf10130000, 0x000001bf103a0000, 0x000001bf17670000]
CodeHeap 'profiled nmethods': size=120000Kb used=4236Kb max_used=4236Kb free=115763Kb
 bounds [0x000001bf08670000, 0x000001bf08aa0000, 0x000001bf0fba0000]
CodeHeap 'non-nmethods': size=5696Kb used=1419Kb max_used=1453Kb free=4276Kb
 bounds [0x000001bf0fba0000, 0x000001bf0fe10000, 0x000001bf10130000]
CodeCache: size=245760Kb, used=6682Kb, max_used=6716Kb, free=239076Kb
 total_blobs=3235, nmethods=2717, adapters=423, full_count=0
Compilation: enabled, stopped_count=0, restarted_count=0

Compilation events (20 events):
Event: 2.318 Thread 0x000001bf7f8f92d0 2657       3       org.codehaus.plexus.util.StringUtils::isNotEmpty (17 bytes)
Event: 2.318 Thread 0x000001bf7f8f92d0 nmethod 2657 0x000001bf08a6a188 code [0x000001bf08a6a2a0, 0x000001bf08a6a4c0]
Event: 2.318 Thread 0x000001bf7f8f92d0 2659       1       org.eclipse.aether.collection.CollectRequest::getRequestContext (5 bytes)
Event: 2.318 Thread 0x000001bf7f8f92d0 nmethod 2659 0x000001bf1022cc88 code [0x000001bf1022cda0, 0x000001bf1022ce68]
Event: 2.318 Thread 0x000001bf7f8f92d0 2660       1       org.eclipse.aether.repository.RemoteRepository::isRepositoryManager (5 bytes)
Event: 2.318 Thread 0x000001bf7f8f92d0 nmethod 2660 0x000001bf1022cf88 code [0x000001bf1022d0a0, 0x000001bf1022d170]
Event: 2.319 Thread 0x000001bf7f8f92d0 2661       3       org.codehaus.plexus.util.xml.XmlReader::read (11 bytes)
Event: 2.319 Thread 0x000001bf7f8f92d0 nmethod 2661 0x000001bf08a6a508 code [0x000001bf08a6a620, 0x000001bf08a6a7f8]
Event: 2.319 Thread 0x000001bf7f8f92d0 2662       3       org.codehaus.plexus.util.xml.pull.MXParser::fillBuf (894 bytes)
Event: 2.322 Thread 0x000001bf7f8f92d0 nmethod 2662 0x000001bf08a6a888 code [0x000001bf08a6af20, 0x000001bf08a6e298]
Event: 2.322 Thread 0x000001bf7f8f92d0 2663       3       java.util.regex.Pattern$Curly::match (91 bytes)
Event: 2.323 Thread 0x000001bf7f8f92d0 nmethod 2663 0x000001bf08a6e388 code [0x000001bf08a6e520, 0x000001bf08a6e9c0]
Event: 2.324 Thread 0x000001bf7f8f92d0 2664   !   3       org.apache.maven.model.Dependency::clone (137 bytes)
Event: 2.325 Thread 0x000001bf7f8f92d0 nmethod 2664 0x000001bf08a6ea08 code [0x000001bf08a6ece0, 0x000001bf08a701c0]
Event: 2.325 Thread 0x000001bf7f8f92d0 2665       3       java.util.TreeMap$PrivateEntryIterator::hasNext (13 bytes)
Event: 2.326 Thread 0x000001bf7f8f92d0 nmethod 2665 0x000001bf08a70288 code [0x000001bf08a703a0, 0x000001bf08a70500]
Event: 2.330 Thread 0x000001bf7f8f92d0 2666       3       sun.nio.cs.UTF_8$Decoder::decodeArrayLoop (688 bytes)
Event: 2.333 Thread 0x000001bf7f8f92d0 nmethod 2666 0x000001bf08a70588 code [0x000001bf08a70d80, 0x000001bf08a75c38]
Event: 2.333 Thread 0x000001bf7f8f92d0 2667       3       java.lang.String::decodeASCII (46 bytes)
Event: 2.334 Thread 0x000001bf7f8f92d0 nmethod 2667 0x000001bf08a75d08 code [0x000001bf08a75e40, 0x000001bf08a760e0]

GC Heap History (6 events):
Event: 0.492 GC heap before
{Heap before GC invocations=0 (full 0):
 garbage-first heap   total reserved 2050048K, committed 129024K, used 14336K [0x0000000082e00000, 0x0000000100000000)
  region size 1024K, 14 young (14336K), 0 survivors (0K)
 Metaspace       used 5995K, committed 6144K, reserved 1114112K
  class space    used 1267K, committed 1344K, reserved 1048576K
}
Event: 0.497 GC heap after
{Heap after GC invocations=1 (full 0):
 garbage-first heap   total reserved 2050048K, committed 129024K, used 3691K [0x0000000082e00000, 0x0000000100000000)
  region size 1024K, 2 young (2048K), 2 survivors (2048K)
 Metaspace       used 5995K, committed 6144K, reserved 1114112K
  class space    used 1267K, committed 1344K, reserved 1048576K
}
Event: 0.659 GC heap before
{Heap before GC invocations=1 (full 0):
 garbage-first heap   total reserved 2050048K, committed 129024K, used 17003K [0x0000000082e00000, 0x0000000100000000)
  region size 1024K, 15 young (15360K), 2 survivors (2048K)
 Metaspace       used 7781K, committed 7936K, reserved 1114112K
  class space    used 1736K, committed 1792K, reserved 1048576K
}
Event: 0.664 GC heap after
{Heap after GC invocations=2 (full 0):
 garbage-first heap   total reserved 2050048K, committed 129024K, used 4870K [0x0000000082e00000, 0x0000000100000000)
  region size 1024K, 1 young (1024K), 1 survivors (1024K)
 Metaspace       used 7781K, committed 7936K, reserved 1114112K
  class space    used 1736K, committed 1792K, reserved 1048576K
}
Event: 1.272 GC heap before
{Heap before GC invocations=2 (full 0):
 garbage-first heap   total reserved 2050048K, committed 129024K, used 38662K [0x0000000082e00000, 0x0000000100000000)
  region size 1024K, 34 young (34816K), 1 survivors (1024K)
 Metaspace       used 13664K, committed 13952K, reserved 1114112K
  class space    used 3007K, committed 3136K, reserved 1048576K
}
Event: 1.277 GC heap after
{Heap after GC invocations=3 (full 0):
 garbage-first heap   total reserved 2050048K, committed 129024K, used 7692K [0x0000000082e00000, 0x0000000100000000)
  region size 1024K, 4 young (4096K), 4 survivors (4096K)
 Metaspace       used 13664K, committed 13952K, reserved 1114112K
  class space    used 3007K, committed 3136K, reserved 1048576K
}

Dll operation events (7 events):
Event: 0.006 Loaded shared library C:\Program Files\Java\jdk-23\bin\java.dll
Event: 0.031 Loaded shared library C:\Program Files\Java\jdk-23\bin\jsvml.dll
Event: 0.047 Loaded shared library C:\Program Files\Java\jdk-23\bin\net.dll
Event: 0.048 Loaded shared library C:\Program Files\Java\jdk-23\bin\nio.dll
Event: 0.060 Loaded shared library C:\Program Files\Java\jdk-23\bin\zip.dll
Event: 0.144 Loaded shared library C:\Program Files\Java\jdk-23\bin\jimage.dll
Event: 1.703 Loaded shared library C:\Program Files\Java\jdk-23\bin\verify.dll

Deoptimization events (20 events):
Event: 1.941 Thread 0x000001bf7c7ab630 DEOPT PACKING pc=0x000001bf101861dc sp=0x00000010f39f3030
Event: 1.941 Thread 0x000001bf7c7ab630 DEOPT UNPACKING pc=0x000001bf0fbf4402 sp=0x00000010f39f2f50 mode 2
Event: 1.968 Thread 0x000001bf7c7ab630 Uncommon trap: trap_request=0xffffff3d fr.pc=0x000001bf10185de8 relative=0x0000000000000068
Event: 1.968 Thread 0x000001bf7c7ab630 Uncommon trap: reason=unstable_fused_if action=reinterpret pc=0x000001bf10185de8 method=java.lang.CharacterDataLatin1.equalsIgnoreCase(BB)Z @ 16 c2
Event: 1.968 Thread 0x000001bf7c7ab630 DEOPT PACKING pc=0x000001bf10185de8 sp=0x00000010f39f2c20
Event: 1.968 Thread 0x000001bf7c7ab630 DEOPT UNPACKING pc=0x000001bf0fbf4402 sp=0x00000010f39f2bb0 mode 2
Event: 1.974 Thread 0x000001bf7c7ab630 Uncommon trap: trap_request=0xffffff45 fr.pc=0x000001bf101ffa08 relative=0x00000000000009a8
Event: 1.974 Thread 0x000001bf7c7ab630 Uncommon trap: reason=unstable_if action=reinterpret pc=0x000001bf101ffa08 method=org.codehaus.plexus.util.xml.pull.MXParser.nextImpl()I @ 879 c2
Event: 1.974 Thread 0x000001bf7c7ab630 DEOPT PACKING pc=0x000001bf101ffa08 sp=0x00000010f39f2a60
Event: 1.974 Thread 0x000001bf7c7ab630 DEOPT UNPACKING pc=0x000001bf0fbf4402 sp=0x00000010f39f29d0 mode 2
Event: 2.049 Thread 0x000001bf7c7ab630 Uncommon trap: trap_request=0xffffff45 fr.pc=0x000001bf101a3588 relative=0x0000000000000148
Event: 2.049 Thread 0x000001bf7c7ab630 Uncommon trap: reason=unstable_if action=reinterpret pc=0x000001bf101a3588 method=java.util.HashMap.getNode(Ljava/lang/Object;)Ljava/util/HashMap$Node; @ 66 c2
Event: 2.049 Thread 0x000001bf7c7ab630 DEOPT PACKING pc=0x000001bf101a3588 sp=0x00000010f39f31e0
Event: 2.049 Thread 0x000001bf7c7ab630 DEOPT UNPACKING pc=0x000001bf0fbf4402 sp=0x00000010f39f3150 mode 2
Event: 2.110 Thread 0x000001bf7c7ab630 DEOPT PACKING pc=0x000001bf089ba14e sp=0x00000010f39f27e0
Event: 2.110 Thread 0x000001bf7c7ab630 DEOPT UNPACKING pc=0x000001bf0fbf4b22 sp=0x00000010f39f1d00 mode 0
Event: 2.153 Thread 0x000001bf7c7ab630 Uncommon trap: trap_request=0xffffffc6 fr.pc=0x000001bf102124c8 relative=0x0000000000000368
Event: 2.153 Thread 0x000001bf7c7ab630 Uncommon trap: reason=bimorphic_or_optimized_type_check action=maybe_recompile pc=0x000001bf102124c8 method=java.util.HashMap.getNode(Ljava/lang/Object;)Ljava/util/HashMap$Node; @ 128 c2
Event: 2.153 Thread 0x000001bf7c7ab630 DEOPT PACKING pc=0x000001bf102124c8 sp=0x00000010f39f3210
Event: 2.153 Thread 0x000001bf7c7ab630 DEOPT UNPACKING pc=0x000001bf0fbf4402 sp=0x00000010f39f3118 mode 2

Classes loaded (20 events):
Event: 1.826 Loading class java/nio/DirectByteBuffer$Deallocator
Event: 1.826 Loading class java/nio/DirectByteBuffer$Deallocator done
Event: 1.826 Loading class sun/nio/ch/IOStatus
Event: 1.826 Loading class sun/nio/ch/IOStatus done
Event: 1.831 Loading class java/io/FileReader
Event: 1.831 Loading class java/io/FileReader done
Event: 1.833 Loading class java/text/ParseException
Event: 1.833 Loading class java/text/ParseException done
Event: 1.835 Loading class java/io/EOFException
Event: 1.835 Loading class java/io/EOFException done
Event: 1.859 Loading class java/util/Stack
Event: 1.859 Loading class java/util/Vector
Event: 1.860 Loading class java/util/Vector done
Event: 1.860 Loading class java/util/Stack done
Event: 1.862 Loading class java/lang/reflect/InvocationTargetException
Event: 1.862 Loading class java/lang/reflect/InvocationTargetException done
Event: 1.868 Loading class java/util/Collections$SingletonList
Event: 1.869 Loading class java/util/Collections$SingletonList done
Event: 1.983 Loading class sun/nio/cs/ISO_8859_1$Decoder
Event: 1.983 Loading class sun/nio/cs/ISO_8859_1$Decoder done

Classes unloaded (0 events):
No events

Classes redefined (0 events):
No events

Internal exceptions (20 events):
Event: 0.950 Thread 0x000001bf7c7ab630 Exception <a 'java/lang/NoSuchMethodError'{0x00000000894456e0}: 'void java.lang.invoke.DirectMethodHandle$Holder.invokeStatic(java.lang.Object, java.lang.Object, int, java.lang.Object)'> (0x00000000894456e0) 
thrown [s\open\src\hotspot\share\interpreter\linkResolver.cpp, line 796]
Event: 0.951 Thread 0x000001bf7c7ab630 Exception <a 'java/lang/NoSuchMethodError'{0x000000008944cf28}: 'void java.lang.invoke.DelegatingMethodHandle$Holder.delegate(java.lang.Object, java.lang.Object, int, java.lang.Object)'> (0x000000008944cf28) 
thrown [s\open\src\hotspot\share\interpreter\linkResolver.cpp, line 796]
Event: 0.957 Thread 0x000001bf7c7ab630 Exception <a 'java/lang/NoSuchMethodError'{0x0000000089472450}: 'java.lang.Object java.lang.invoke.DirectMethodHandle$Holder.invokeStatic(java.lang.Object, java.lang.Object, java.lang.Object, java.lang.Object, int)'> (0x0000000089472450) 
thrown [s\open\src\hotspot\share\interpreter\linkResolver.cpp, line 796]
Event: 0.968 Thread 0x000001bf7c7ab630 Exception <a 'java/lang/NoSuchMethodError'{0x0000000089497e78}: 'int java.lang.invoke.Invokers$Holder.invoke_MT(java.lang.Object, java.lang.Object, java.lang.Object, java.lang.Object)'> (0x0000000089497e78) 
thrown [s\open\src\hotspot\share\interpreter\linkResolver.cpp, line 796]
Event: 1.008 Thread 0x000001bf7c7ab630 Exception <a 'java/lang/NoSuchMethodError'{0x00000000892a9580}: 'int java.lang.invoke.DirectMethodHandle$Holder.invokeVirtual(java.lang.Object, java.lang.Object)'> (0x00000000892a9580) 
thrown [s\open\src\hotspot\share\interpreter\linkResolver.cpp, line 796]
Event: 1.046 Thread 0x000001bf7c7ab630 Implicit null exception at 0x000001bf1018d292 to 0x000001bf1018d894
Event: 1.122 Thread 0x000001bf7c7ab630 Exception <a 'java/lang/NoSuchMethodError'{0x0000000088e8a628}: 'java.lang.Object java.lang.invoke.DirectMethodHandle$Holder.invokeStaticInit(java.lang.Object, int, int, int, int)'> (0x0000000088e8a628) 
thrown [s\open\src\hotspot\share\interpreter\linkResolver.cpp, line 796]
Event: 1.153 Thread 0x000001bf7c7ab630 Exception <a 'java/lang/NoSuchMethodError'{0x0000000088d22c28}: 'java.lang.Object java.lang.invoke.DirectMethodHandle$Holder.invokeStaticInit(java.lang.Object, java.lang.Object, int, int, int, int)'> (0x0000000088d22c28) 
thrown [s\open\src\hotspot\share\interpreter\linkResolver.cpp, line 796]
Event: 1.184 Thread 0x000001bf7c7ab630 Implicit null exception at 0x000001bf101aeee0 to 0x000001bf101af045
Event: 1.356 Thread 0x000001bf7c7ab630 Implicit null exception at 0x000001bf101d08f4 to 0x000001bf101d167c
Event: 1.363 Thread 0x000001bf7c7ab630 Implicit null exception at 0x000001bf1019183a to 0x000001bf1019188c
Event: 1.453 Thread 0x000001bf7c7ab630 Exception <a 'java/lang/NoSuchMethodError'{0x000000008a3747e8}: 'void java.lang.invoke.DirectMethodHandle$Holder.invokeStatic(java.lang.Object, long)'> (0x000000008a3747e8) 
thrown [s\open\src\hotspot\share\interpreter\linkResolver.cpp, line 796]
Event: 1.454 Thread 0x000001bf7c7ab630 Exception <a 'java/lang/NoSuchMethodError'{0x000000008a379ed0}: 'java.lang.Object java.lang.invoke.DirectMethodHandle$Holder.newInvokeSpecial(java.lang.Object, long)'> (0x000000008a379ed0) 
thrown [s\open\src\hotspot\share\interpreter\linkResolver.cpp, line 796]
Event: 1.457 Thread 0x000001bf7c7ab630 Exception <a 'java/lang/NoSuchMethodError'{0x000000008a381ad0}: 'java.lang.Object java.lang.invoke.DirectMethodHandle$Holder.invokeStatic(java.lang.Object, long, java.lang.Object)'> (0x000000008a381ad0) 
thrown [s\open\src\hotspot\share\interpreter\linkResolver.cpp, line 796]
Event: 1.458 Thread 0x000001bf7c7ab630 Exception <a 'java/lang/NoSuchMethodError'{0x000000008a385550}: 'java.lang.Object java.lang.invoke.DirectMethodHandle$Holder.invokeStaticInit(java.lang.Object, long, java.lang.Object)'> (0x000000008a385550) 
thrown [s\open\src\hotspot\share\interpreter\linkResolver.cpp, line 796]
Event: 1.644 Thread 0x000001bf7c7ab630 Exception <a 'java/lang/NoSuchMethodError'{0x000000008a28c320}: 'long java.lang.invoke.DirectMethodHandle$Holder.invokeSpecial(java.lang.Object, java.lang.Object)'> (0x000000008a28c320) 
thrown [s\open\src\hotspot\share\interpreter\linkResolver.cpp, line 796]
Event: 1.655 Thread 0x000001bf7c7ab630 Exception <a 'java/lang/ClassNotFoundException'{0x000000008a2b4168}: sun/net/www/protocol/c/Handler> (0x000000008a2b4168) 
thrown [s\open\src\hotspot\share\classfile\systemDictionary.cpp, line 313]
Event: 1.737 Thread 0x000001bf7c7ab630 Exception <a 'java/lang/NoSuchMethodError'{0x000000008a0c8f00}: 'void java.lang.invoke.DirectMethodHandle$Holder.invokeVirtual(java.lang.Object, java.lang.Object)'> (0x000000008a0c8f00) 
thrown [s\open\src\hotspot\share\interpreter\linkResolver.cpp, line 796]
Event: 1.782 Thread 0x000001bf7c7ab630 Implicit null exception at 0x000001bf10157894 to 0x000001bf10157fa4
Event: 1.848 Thread 0x000001bf7c7ab630 Implicit null exception at 0x000001bf1015ac10 to 0x000001bf1015b31c

VM Operations (20 events):
Event: 0.508 Executing VM operation: HandshakeAllThreads (Deoptimize)
Event: 0.508 Executing VM operation: HandshakeAllThreads (Deoptimize) done
Event: 0.624 Executing VM operation: HandshakeAllThreads (Deoptimize)
Event: 0.624 Executing VM operation: HandshakeAllThreads (Deoptimize) done
Event: 0.659 Executing VM operation: G1CollectForAllocation (G1 Evacuation Pause)
Event: 0.664 Executing VM operation: G1CollectForAllocation (G1 Evacuation Pause) done
Event: 0.812 Executing VM operation: HandshakeAllThreads (Deoptimize)
Event: 0.812 Executing VM operation: HandshakeAllThreads (Deoptimize) done
Event: 0.903 Executing VM operation: HandshakeAllThreads (Deoptimize)
Event: 0.903 Executing VM operation: HandshakeAllThreads (Deoptimize) done
Event: 0.943 Executing VM operation: HandshakeAllThreads (Deoptimize)
Event: 0.943 Executing VM operation: HandshakeAllThreads (Deoptimize) done
Event: 0.949 Executing VM operation: HandshakeAllThreads (Deoptimize)
Event: 0.949 Executing VM operation: HandshakeAllThreads (Deoptimize) done
Event: 1.052 Executing VM operation: HandshakeAllThreads (Deoptimize)
Event: 1.052 Executing VM operation: HandshakeAllThreads (Deoptimize) done
Event: 1.272 Executing VM operation: G1CollectForAllocation (G1 Evacuation Pause)
Event: 1.277 Executing VM operation: G1CollectForAllocation (G1 Evacuation Pause) done
Event: 1.719 Executing VM operation: HandshakeAllThreads (Deoptimize)
Event: 1.719 Executing VM operation: HandshakeAllThreads (Deoptimize) done

Memory protections (0 events):
No events

Nmethod flushes (0 events):
No events

Events (14 events):
Event: 0.019 Thread 0x000001bf7c7ab630 Thread added: 0x000001bf7c7ab630
Event: 0.028 Thread 0x000001bf7c7ab630 Thread added: 0x000001bf7f8ddf00
Event: 0.028 Thread 0x000001bf7c7ab630 Thread added: 0x000001bf7f8dee20
Event: 0.028 Thread 0x000001bf7c7ab630 Thread added: 0x000001bf7f8e15f0
Event: 0.028 Thread 0x000001bf7c7ab630 Thread added: 0x000001bf7f8e4060
Event: 0.028 Thread 0x000001bf7c7ab630 Thread added: 0x000001bf7f8e5ee0
Event: 0.029 Thread 0x000001bf7c7ab630 Thread added: 0x000001bf7f8e8950
Event: 0.029 Thread 0x000001bf7c7ab630 Thread added: 0x000001bf7f8f4bf0
Event: 0.029 Thread 0x000001bf7c7ab630 Thread added: 0x000001bf7f8f92d0
Event: 0.043 Thread 0x000001bf7c7ab630 Thread added: 0x000001bf1b6b3340
Event: 0.045 Thread 0x000001bf7c7ab630 Thread added: 0x000001bf1b6b2cb0
Event: 0.060 Thread 0x000001bf7f8f4bf0 Thread added: 0x000001bf1b768880
Event: 1.489 Thread 0x000001bf7c7ab630 Thread added: 0x000001bf1b6b2620
Event: 1.490 Thread 0x000001bf7c7ab630 Thread added: 0x000001bf1b6b46f0


Dynamic libraries:
0x00007ff6ded70000 - 0x00007ff6ded80000 	C:\Program Files\Java\jdk-23\bin\java.exe
0x00007fffbd7b0000 - 0x00007fffbd9a8000 	C:\Windows\SYSTEM32\ntdll.dll
0x00007fffbc840000 - 0x00007fffbc902000 	C:\Windows\System32\KERNEL32.DLL
0x00007fffbb4d0000 - 0x00007fffbb7ce000 	C:\Windows\System32\KERNELBASE.dll
0x00007fffbb010000 - 0x00007fffbb110000 	C:\Windows\System32\ucrtbase.dll
0x00007fff9e920000 - 0x00007fff9e93b000 	C:\Program Files\Java\jdk-23\bin\VCRUNTIME140.dll
0x00007fff9ea10000 - 0x00007fff9ea27000 	C:\Program Files\Java\jdk-23\bin\jli.dll
0x00007fffbbed0000 - 0x00007fffbc06d000 	C:\Windows\System32\USER32.dll
0x00007fffabf60000 - 0x00007fffac1fa000 	C:\Windows\WinSxS\amd64_microsoft.windows.common-controls_6595b64144ccf1df_6.0.19041.4355_none_60b8b9eb71f62e16\COMCTL32.dll
0x00007fffbb240000 - 0x00007fffbb262000 	C:\Windows\System32\win32u.dll
0x00007fffbbe30000 - 0x00007fffbbece000 	C:\Windows\System32\msvcrt.dll
0x00007fffbbe00000 - 0x00007fffbbe2b000 	C:\Windows\System32\GDI32.dll
0x00007fffbae50000 - 0x00007fffbaf67000 	C:\Windows\System32\gdi32full.dll
0x00007fffbaf70000 - 0x00007fffbb00d000 	C:\Windows\System32\msvcp_win.dll
0x00007fffbbc50000 - 0x00007fffbbc7f000 	C:\Windows\System32\IMM32.DLL
0x00007fffb6f70000 - 0x00007fffb6f7c000 	C:\Program Files\Java\jdk-23\bin\vcruntime140_1.dll
0x00007fff9b880000 - 0x00007fff9b90e000 	C:\Program Files\Java\jdk-23\bin\msvcp140.dll
0x00007fff613e0000 - 0x00007fff6212f000 	C:\Program Files\Java\jdk-23\bin\server\jvm.dll
0x00007fffbd5e0000 - 0x00007fffbd691000 	C:\Windows\System32\ADVAPI32.dll
0x00007fffbcb40000 - 0x00007fffbcbdf000 	C:\Windows\System32\sechost.dll
0x00007fffbcbe0000 - 0x00007fffbcd03000 	C:\Windows\System32\RPCRT4.dll
0x00007fffbb210000 - 0x00007fffbb237000 	C:\Windows\System32\bcrypt.dll
0x00007fffbd700000 - 0x00007fffbd76b000 	C:\Windows\System32\WS2_32.dll
0x00007fffba390000 - 0x00007fffba3db000 	C:\Windows\SYSTEM32\POWRPROF.dll
0x00007fffab6e0000 - 0x00007fffab707000 	C:\Windows\SYSTEM32\WINMM.dll
0x00007fffb7650000 - 0x00007fffb765a000 	C:\Windows\SYSTEM32\VERSION.dll
0x00007fffba250000 - 0x00007fffba262000 	C:\Windows\SYSTEM32\UMPDC.dll
0x00007fffb9660000 - 0x00007fffb9672000 	C:\Windows\SYSTEM32\kernel.appcore.dll
0x00007fffb6b60000 - 0x00007fffb6b6a000 	C:\Program Files\Java\jdk-23\bin\jimage.dll
0x00007fffb9380000 - 0x00007fffb9564000 	C:\Windows\SYSTEM32\DBGHELP.DLL
0x00007fff9d320000 - 0x00007fff9d354000 	C:\Windows\SYSTEM32\dbgcore.DLL
0x00007fffbb180000 - 0x00007fffbb202000 	C:\Windows\System32\bcryptPrimitives.dll
0x00007fff9dfe0000 - 0x00007fff9dffe000 	C:\Program Files\Java\jdk-23\bin\java.dll
0x00007fffbcd30000 - 0x00007fffbce5b000 	C:\Windows\System32\ole32.dll
0x00007fffbcf00000 - 0x00007fffbd253000 	C:\Windows\System32\combase.dll
0x00007fffbc070000 - 0x00007fffbc7dd000 	C:\Windows\System32\SHELL32.dll
0x00007fffb8b10000 - 0x00007fffb92b4000 	C:\Windows\SYSTEM32\windows.storage.dll
0x00007fffba880000 - 0x00007fffba8ae000 	C:\Windows\SYSTEM32\Wldp.dll
0x00007fffbbd30000 - 0x00007fffbbdfd000 	C:\Windows\System32\OLEAUT32.dll
0x00007fffbc970000 - 0x00007fffbca1d000 	C:\Windows\System32\SHCORE.dll
0x00007fffbc7e0000 - 0x00007fffbc835000 	C:\Windows\System32\shlwapi.dll
0x00007fffbad80000 - 0x00007fffbada4000 	C:\Windows\SYSTEM32\profapi.dll
0x00007fff98d80000 - 0x00007fff98e57000 	C:\Program Files\Java\jdk-23\bin\jsvml.dll
0x00007fffb6b30000 - 0x00007fffb6b40000 	C:\Program Files\Java\jdk-23\bin\net.dll
0x00007fffba5e0000 - 0x00007fffba64a000 	C:\Windows\system32\mswsock.dll
0x00007fff9de70000 - 0x00007fff9de86000 	C:\Program Files\Java\jdk-23\bin\nio.dll
0x00007fff9b9d0000 - 0x00007fff9b9e7000 	C:\Program Files\Java\jdk-23\bin\zip.dll
0x00007fffba7d0000 - 0x00007fffba7e8000 	C:\Windows\SYSTEM32\CRYPTSP.dll
0x00007fffb9e90000 - 0x00007fffb9ec4000 	C:\Windows\system32\rsaenh.dll
0x00007fffbad40000 - 0x00007fffbad6e000 	C:\Windows\SYSTEM32\USERENV.dll
0x00007fffba7f0000 - 0x00007fffba7fc000 	C:\Windows\SYSTEM32\CRYPTBASE.dll
0x00007fffba270000 - 0x00007fffba2ab000 	C:\Windows\SYSTEM32\IPHLPAPI.DLL
0x00007fffbce60000 - 0x00007fffbce68000 	C:\Windows\System32\NSI.dll
0x00007fffb6b10000 - 0x00007fffb6b20000 	C:\Program Files\Java\jdk-23\bin\verify.dll
0x00007fff9c6e0000 - 0x00007fff9c6f7000 	C:\Windows\system32\napinsp.dll
0x00007fff9c6c0000 - 0x00007fff9c6db000 	C:\Windows\system32\pnrpnsp.dll
0x00007fffb42b0000 - 0x00007fffb42c5000 	C:\Windows\system32\wshbth.dll
0x00007fffb6990000 - 0x00007fffb69ad000 	C:\Windows\system32\NLAapi.dll
0x00007fffba2c0000 - 0x00007fffba38a000 	C:\Windows\SYSTEM32\DNSAPI.dll
0x00007fff9c6a0000 - 0x00007fff9c6b2000 	C:\Windows\System32\winrnr.dll
0x00007fffb2930000 - 0x00007fffb293a000 	C:\Windows\System32\rasadhlp.dll
0x00007fffb2c50000 - 0x00007fffb2cd0000 	C:\Windows\System32\fwpuclnt.dll

dbghelp: loaded successfully - version: 4.0.5 - missing functions: none
symbol engine: initialized successfully - sym options: 0x614 - pdb path: .;C:\Program Files\Java\jdk-23\bin;C:\Windows\SYSTEM32;C:\Windows\WinSxS\amd64_microsoft.windows.common-controls_6595b64144ccf1df_6.0.19041.4355_none_60b8b9eb71f62e16;C:\Program Files\Java\jdk-23\bin\server

VM Arguments:
jvm_args: -Dfile.encoding=UTF-8 -Dclojure.compile.path=C:\Users\samuel\av3funcional/target/classes -Dleiningen.original.pwd=C:\Users\samuel\av3funcional 
java_command: clojure.main -m leiningen.core.main run
java_class_path (initial): C:\Users\samuel\.lein\self-installs\leiningen-2.11.2-standalone.jar
Launcher Type: SUN_STANDARD

[Global flags]
     intx CICompilerCount                          = 3                                         {product} {ergonomic}
     uint ConcGCThreads                            = 1                                         {product} {ergonomic}
     uint G1ConcRefinementThreads                  = 4                                         {product} {ergonomic}
   size_t G1HeapRegionSize                         = 1048576                                   {product} {ergonomic}
   size_t InitialHeapSize                          = 132120576                                 {product} {ergonomic}
   size_t MarkStackSize                            = 4194304                                   {product} {ergonomic}
   size_t MarkStackSizeMax                         = 536870912                                 {product} {ergonomic}
   size_t MaxHeapSize                              = 2099249152                                {product} {ergonomic}
   size_t MaxNewSize                               = 1259339776                                {product} {ergonomic}
   size_t MinHeapDeltaBytes                        = 1048576                                   {product} {ergonomic}
   size_t MinHeapSize                              = 8388608                                   {product} {ergonomic}
    uintx NonNMethodCodeHeapSize                   = 5832704                                {pd product} {ergonomic}
    uintx NonProfiledCodeHeapSize                  = 122945536                              {pd product} {ergonomic}
    uintx ProfiledCodeHeapSize                     = 122880000                              {pd product} {ergonomic}
    uintx ReservedCodeCacheSize                    = 251658240                              {pd product} {ergonomic}
     bool SegmentedCodeCache                       = true                                      {product} {ergonomic}
   size_t SoftMaxHeapSize                          = 2099249152                             {manageable} {ergonomic}
     bool UseCompressedOops                        = true                           {product lp64_product} {ergonomic}
     bool UseG1GC                                  = true                                      {product} {ergonomic}
     bool UseLargePagesIndividualAllocation        = false                                  {pd product} {ergonomic}

Logging:
Log output configuration:
 #0: stdout all=warning uptime,level,tags foldmultilines=false
 #1: stderr all=off uptime,level,tags foldmultilines=false

Environment Variables:
CLASSPATH=C:\Users\samuel\.lein\self-installs\leiningen-2.11.2-standalone.jar
PATH=C:\Program Files\Common Files\Oracle\Java\javapath;C:\Windows\system32;C:\Windows;C:\Windows\System32\Wbem;C:\Windows\System32\WindowsPowerShell\v1.0\;C:\Windows\System32\OpenSSH\;C:\Program Files\dotnet\;C:\ProgramData\chocolatey\bin;C:\Program Files\nodejs\;C:\Program Files\Git\cmd;C:\Users\samuel\AppData\Local\Programs\Python\Python312\Scripts\;C:\Users\samuel\AppData\Local\Programs\Python\Python312\;C:\Users\samuel\AppData\Local\Microsoft\WindowsApps;C:\Users\samuel\AppData\Local\Programs\Microsoft VS Code\bin;C:\Users\samuel\AppData\Local\Microsoft\WinGet\Packages\Schniz.fnm_Microsoft.Winget.Source_8wekyb3d8bbwe;C:\Users\samuel\AppData\Roaming\npm;C:\Users\samuel\AppData\Local\GitHubDesktop\bin;C:\Program Files\JetBrains\IntelliJ IDEA Community Edition 2024.2.4\bin;;C:\Users\samuel\leiningen\bin;C:\Program Files\Graphviz\bin
USERNAME=samuel
OS=Windows_NT
PROCESSOR_IDENTIFIER=Intel64 Family 6 Model 166 Stepping 0, GenuineIntel
TMP=C:\Users\samuel\AppData\Local\Temp
TEMP=C:\Users\samuel\AppData\Local\Temp




Periodic native trim disabled

---------------  S Y S T E M  ---------------

OS:
 Windows 10 , 64 bit Build 19041 (10.0.19041.5072)
OS uptime: 3 days 20:19 hours

CPU: total 4 (initial active 4) (2 cores per cpu, 2 threads per core) family 6 model 166 stepping 0 microcode 0xc6, cx8, cmov, fxsr, ht, mmx, 3dnowpref, sse, sse2, sse3, ssse3, sse4.1, sse4.2, popcnt, lzcnt, tsc, tscinvbit, avx, avx2, aes, erms, clmul, bmi1, bmi2, adx, fma, vzeroupper, clflush, clflushopt, rdtscp, f16c
Processor Information for the first 4 processors :
  Max Mhz: 2592, Current Mhz: 2093, Mhz Limit: 2073

Memory: 4k page, system-wide physical 8006M (1029M free)
TotalPageFile size 8006M (AvailPageFile size 111M)
current process WorkingSet (physical memory assigned to process): 147M, peak: 151M
current process commit charge ("private bytes"): 257M, peak: 261M

vm_info: Java HotSpot(TM) 64-Bit Server VM (23.0.1+11-39) for windows-amd64 JRE (23.0.1+11-39), built on 2024-09-30T07:20:43Z with MS VC++ 17.6 (VS2022)

END.
