#
# There is insufficient memory for the Java Runtime Environment to continue.
# Native memory allocation (mmap) failed to map 132120576 bytes. Error detail: G1 virtual space
# Possible reasons:
#   The system is out of physical RAM or swap space
#   This process is running with CompressedOops enabled, and the Java Heap may be blocking the growth of the native heap
# Possible solutions:
#   Reduce memory load on the system
#   Increase physical memory or swap space
#   Check if swap backing store is full
#   Decrease Java heap size (-Xmx/-Xms)
#   Decrease number of Java threads
#   Decrease Java thread stack sizes (-Xss)
#   Set larger code cache with -XX:ReservedCodeCacheSize=
#   JVM is running with Unscaled Compressed Oops mode in which the Java heap is
#     placed in the first 4GB address space. The Java Heap base address is the
#     maximum limit for the native heap growth. Please use -XX:HeapBaseMinAddress
#     to set the Java Heap base and to place the Java Heap above 4GB virtual address.
# This output file may be truncated or incomplete.
#
#  Out of Memory Error (os_windows.cpp:3703), pid=7648, tid=2244
#
# JRE version:  (23.0.1+11) (build )
# Java VM: Java HotSpot(TM) 64-Bit Server VM (23.0.1+11-39, mixed mode, sharing, tiered, compressed oops, compressed class ptrs, g1 gc, windows-amd64)
# No core dump will be written. Minidumps are not enabled by default on client versions of Windows
#

---------------  S U M M A R Y ------------

Command Line: -Dfile.encoding=UTF-8 -XX:-OmitStackTraceInFastThrow -Dclojure.compile.path=C:\Users\samuel\av3funcional\target\classes -Dav3funcional.version=0.1.0-SNAPSHOT -Dclojure.debug=false clojure.main -i C:\Users\samuel\AppData\Local\Temp\form-init3872543506503832907.clj

Host: Intel(R) Core(TM) i3-10110U CPU @ 2.10GHz, 4 cores, 7G,  Windows 10 , 64 bit Build 19041 (10.0.19041.5072)
Time: Tue Dec  3 12:59:04 2024 Hora oficial do Brasil elapsed time: 0.009435 seconds (0d 0h 0m 0s)

---------------  T H R E A D  ---------------

Current thread (0x0000016a8ab1d900):  JavaThread "Unknown thread" [_thread_in_vm, id=2244, stack(0x00000026d2200000,0x00000026d2300000) (1024K)]

Stack: [0x00000026d2200000,0x00000026d2300000]
Native frames: (J=compiled Java code, j=interpreted, Vv=VM code, C=native code)
V  [jvm.dll+0x6e08b9]  (no source info available)
V  [jvm.dll+0x87dc83]  (no source info available)
V  [jvm.dll+0x88010e]  (no source info available)
V  [jvm.dll+0x8807e3]  (no source info available)
V  [jvm.dll+0x27aee6]  (no source info available)
V  [jvm.dll+0x6dd1c5]  (no source info available)
V  [jvm.dll+0x6d104a]  (no source info available)
V  [jvm.dll+0x35b3ea]  (no source info available)
V  [jvm.dll+0x3637f6]  (no source info available)
V  [jvm.dll+0x34fd5e]  (no source info available)
V  [jvm.dll+0x34fff8]  (no source info available)
V  [jvm.dll+0x3289cc]  (no source info available)
V  [jvm.dll+0x32966e]  (no source info available)
V  [jvm.dll+0x844355]  (no source info available)
V  [jvm.dll+0x3b9848]  (no source info available)
V  [jvm.dll+0x82d14c]  (no source info available)
V  [jvm.dll+0x454d4e]  (no source info available)
V  [jvm.dll+0x456bd1]  (no source info available)
C  [jli.dll+0x52a3]  (no source info available)
C  [ucrtbase.dll+0x21bb2]  (no source info available)
C  [KERNEL32.DLL+0x17374]  (no source info available)
C  [ntdll.dll+0x4cc91]  (no source info available)

Lock stack of current Java thread (top to bottom):


---------------  P R O C E S S  ---------------

Threads class SMR info:
_java_thread_list=0x00007fff61fd3618, length=0, elements={
}

Java Threads: ( => current thread )
Total: 0

Other Threads:
  0x0000016a8cd78dc0 WorkerThread "GC Thread#0"                     [id=11424, stack(0x00000026d2300000,0x00000026d2400000) (1024K)]
  0x0000016a8cd8d890 ConcurrentGCThread "G1 Main Marker"            [id=5388, stack(0x00000026d2400000,0x00000026d2500000) (1024K)]
  0x0000016a8cd8eb40 WorkerThread "G1 Conc#0"                       [id=5180, stack(0x00000026d2500000,0x00000026d2600000) (1024K)]

[error occurred during error reporting (printing all threads), id 0xc0000005, EXCEPTION_ACCESS_VIOLATION (0xc0000005) at pc=0x00007fff6171bfba]
VM state: not at safepoint (not fully initialized)

VM Mutex/Monitor currently owned by a thread:  ([mutex/lock_event])
[0x00007fff62053a10] Heap_lock - owner thread: 0x0000016a8ab1d900

Heap address: 0x0000000082e00000, size: 2002 MB, Compressed Oops mode: 32-bit

CDS archive(s) mapped at: [0x0000000000000000-0x0000000000000000-0x0000000000000000), size 0, SharedBaseAddress: 0x0000000800000000, ArchiveRelocationMode: 1.
Narrow klass base: 0x0000000000000000, Narrow klass shift: 0, Narrow klass range: 0x0

GC Precious Log:
 CardTable entry size: 512
 Card Set container configuration: InlinePtr #cards 5 size 8 Array Of Cards #cards 10 size 36 Howl #buckets 4 coarsen threshold 1843 Howl Bitmap #cards 512 size 80 coarsen threshold 460 Card regions per heap region 1 cards per card region 2048

Heap:
 garbage-first heap   total reserved 2050048K, committed 0K, used 0K [0x0000000082e00000, 0x0000000100000000)
  region size 1024K, 0 young (0K), 0 survivors (0K)

[error occurred during error reporting (printing heap information), id 0xc0000005, EXCEPTION_ACCESS_VIOLATION (0xc0000005) at pc=0x00007fff61b1c3c9]
GC Heap History (0 events):
No events

Dll operation events (1 events):
Event: 0.006 Loaded shared library C:\Program Files\Java\jdk-23\bin\java.dll

Deoptimization events (0 events):
No events

Classes loaded (0 events):
No events

Classes unloaded (0 events):
No events

Classes redefined (0 events):
No events

Internal exceptions (0 events):
No events

VM Operations (0 events):
No events

Memory protections (0 events):
No events

Nmethod flushes (0 events):
No events

Events (0 events):
No events


Dynamic libraries:
0x00007ff6ded70000 - 0x00007ff6ded80000 	C:\Program Files\Java\jdk-23\bin\java.exe
0x00007fffbd7b0000 - 0x00007fffbd9a8000 	C:\Windows\SYSTEM32\ntdll.dll
0x00007fffbc840000 - 0x00007fffbc902000 	C:\Windows\System32\KERNEL32.DLL
0x00007fffbb4d0000 - 0x00007fffbb7ce000 	C:\Windows\System32\KERNELBASE.dll
0x00007fffbb010000 - 0x00007fffbb110000 	C:\Windows\System32\ucrtbase.dll
0x00007fff9e920000 - 0x00007fff9e93b000 	C:\Program Files\Java\jdk-23\bin\VCRUNTIME140.dll
0x00007fff9ea10000 - 0x00007fff9ea27000 	C:\Program Files\Java\jdk-23\bin\jli.dll
0x00007fffbbed0000 - 0x00007fffbc06d000 	C:\Windows\System32\USER32.dll
0x00007fffabf60000 - 0x00007fffac1fa000 	C:\Windows\WinSxS\amd64_microsoft.windows.common-controls_6595b64144ccf1df_6.0.19041.4355_none_60b8b9eb71f62e16\COMCTL32.dll
0x00007fffbb240000 - 0x00007fffbb262000 	C:\Windows\System32\win32u.dll
0x00007fffbbe30000 - 0x00007fffbbece000 	C:\Windows\System32\msvcrt.dll
0x00007fffbbe00000 - 0x00007fffbbe2b000 	C:\Windows\System32\GDI32.dll
0x00007fffbae50000 - 0x00007fffbaf67000 	C:\Windows\System32\gdi32full.dll
0x00007fffbaf70000 - 0x00007fffbb00d000 	C:\Windows\System32\msvcp_win.dll
0x00007fffbbc50000 - 0x00007fffbbc7f000 	C:\Windows\System32\IMM32.DLL
0x00007fffb6f70000 - 0x00007fffb6f7c000 	C:\Program Files\Java\jdk-23\bin\vcruntime140_1.dll
0x00007fff9b880000 - 0x00007fff9b90e000 	C:\Program Files\Java\jdk-23\bin\msvcp140.dll
0x00007fff613e0000 - 0x00007fff6212f000 	C:\Program Files\Java\jdk-23\bin\server\jvm.dll
0x00007fffbd5e0000 - 0x00007fffbd691000 	C:\Windows\System32\ADVAPI32.dll
0x00007fffbcb40000 - 0x00007fffbcbdf000 	C:\Windows\System32\sechost.dll
0x00007fffbcbe0000 - 0x00007fffbcd03000 	C:\Windows\System32\RPCRT4.dll
0x00007fffbb210000 - 0x00007fffbb237000 	C:\Windows\System32\bcrypt.dll
0x00007fffbd700000 - 0x00007fffbd76b000 	C:\Windows\System32\WS2_32.dll
0x00007fffba390000 - 0x00007fffba3db000 	C:\Windows\SYSTEM32\POWRPROF.dll
0x00007fffab6e0000 - 0x00007fffab707000 	C:\Windows\SYSTEM32\WINMM.dll
0x00007fffb7650000 - 0x00007fffb765a000 	C:\Windows\SYSTEM32\VERSION.dll
0x00007fffba250000 - 0x00007fffba262000 	C:\Windows\SYSTEM32\UMPDC.dll
0x00007fffb9660000 - 0x00007fffb9672000 	C:\Windows\SYSTEM32\kernel.appcore.dll
0x00007fffb6b60000 - 0x00007fffb6b6a000 	C:\Program Files\Java\jdk-23\bin\jimage.dll
0x00007fffb9380000 - 0x00007fffb9564000 	C:\Windows\SYSTEM32\DBGHELP.DLL
0x00007fff9d320000 - 0x00007fff9d354000 	C:\Windows\SYSTEM32\dbgcore.DLL
0x00007fffbb180000 - 0x00007fffbb202000 	C:\Windows\System32\bcryptPrimitives.dll
0x00007fff9dfe0000 - 0x00007fff9dffe000 	C:\Program Files\Java\jdk-23\bin\java.dll
0x00007fffbcd30000 - 0x00007fffbce5b000 	C:\Windows\System32\ole32.dll
0x00007fffbcf00000 - 0x00007fffbd253000 	C:\Windows\System32\combase.dll
0x00007fffbc070000 - 0x00007fffbc7dd000 	C:\Windows\System32\SHELL32.dll

dbghelp: loaded successfully - version: 4.0.5 - missing functions: none
symbol engine: initialized successfully - sym options: 0x614 - pdb path: .;C:\Program Files\Java\jdk-23\bin;C:\Windows\SYSTEM32;C:\Windows\WinSxS\amd64_microsoft.windows.common-controls_6595b64144ccf1df_6.0.19041.4355_none_60b8b9eb71f62e16;C:\Program Files\Java\jdk-23\bin\server

VM Arguments:
jvm_args: -Dfile.encoding=UTF-8 -XX:-OmitStackTraceInFastThrow -Dclojure.compile.path=C:\Users\samuel\av3funcional\target\classes -Dav3funcional.version=0.1.0-SNAPSHOT -Dclojure.debug=false 
java_command: clojure.main -i C:\Users\samuel\AppData\Local\Temp\form-init3872543506503832907.clj
java_class_path (initial): C:\Users\samuel\av3funcional\test;C:\Users\samuel\av3funcional\src;C:\Users\samuel\av3funcional\dev-resources;C:\Users\samuel\av3funcional\resources;C:\Users\samuel\av3funcional\target\classes;C:\Users\samuel\.m2\repository\org\apache\httpcomponents\httpcore\4.4.14\httpcore-4.4.14.jar;C:\Users\samuel\.m2\repository\org\nrepl\incomplete\0.1.0\incomplete-0.1.0.jar;C:\Users\samuel\.m2\repository\potemkin\potemkin\0.4.5\potemkin-0.4.5.jar;C:\Users\samuel\.m2\repository\com\fasterxml\jackson\dataformat\jackson-dataformat-smile\2.10.2\jackson-dataformat-smile-2.10.2.jar;C:\Users\samuel\.m2\repository\tigris\tigris\0.1.2\tigris-0.1.2.jar;C:\Users\samuel\.m2\repository\commons-codec\commons-codec\1.15\commons-codec-1.15.jar;C:\Users\samuel\.m2\repository\org\clojure\data.json\2.5.0\data.json-2.5.0.jar;C:\Users\samuel\.m2\repository\org\apache\httpcomponents\httpmime\4.5.13\httpmime-4.5.13.jar;C:\Users\samuel\.m2\repository\environ\environ\1.2.0\environ-1.2.0.jar;C:\Users\samuel\.m2\repository\nrepl\nrepl\1.0.0\nrepl-1.0.0.jar;C:\Users\samuel\.m2\repository\cheshire\cheshire\5.10.0\cheshire-5.10.0.jar;C:\Users\samuel\.m2\repository\clj-http\clj-http\3.12.3\clj-http-3.12.3.jar;C:\Users\samuel\.m2\repository\clj-tuple\clj-tuple\0.2.2\clj-tuple-0.2.2.jar;C:\Users\samuel\.m2\repository\com\fasterxml\jackson\core\jackson-core\2.10.2\jackson-core-2.10.2.jar;C:\Users\samuel\.m2\repository\slingshot\slingshot\0.12.2\slingshot-0.12.2.jar;C:\Users\samuel\.m2\repository\org\apache\httpcomponents\httpclient\4.5.13\httpclient-4.5.13.jar;C:\Users\samuel\.m2\repository\org\apache\httpcomponents\httpasyncclient\4.1.4\httpasyncclient-4.1.4.jar;C:\Users\samuel\.m2\repository\org\apache\httpcomponents\httpclient-cache\4.5.13\httpclient-cache-4.5.13.jar;C:\Users\samuel\.m2\repository\com\fasterxml\jackson\dataformat\jackson-dataformat-cbor\2.10.2\jackson-dataformat-cbor-2.10.2.jar;C:\Users\samuel\.m2\repository\org\clojure\clojure\1.10.1\clojure-1.10.1.jar;C:\Users\samuel\.m2\repository\riddley\riddley\0.1.12\riddley-0.1.12.jar;C:\Users\samuel\.m2\repository\commons-logging\commons-logging\1.2\commons-logging-1.2.jar;C:\Users\samuel\.m2\repository\commons-io\commons-io\2.8.0\commons-io-2.8.0.jar;C:\Users\samuel\.m2\repository\org\apache\httpcomponents\httpcore-nio\4.4.10\httpcore-nio-4.4.10.jar;C:\Users\samuel\.m2\repository\org\clojure\core.specs.alpha\0.2.44\core.specs.alpha-0.2.44.jar;C:\Users\samuel\.m2\repository\org\clojure\spec.alpha\0.2.176\spec.alpha-0.2.176.jar
Launcher Type: SUN_STANDARD

[Global flags]
     intx CICompilerCount                          = 3                                         {product} {ergonomic}
     uint ConcGCThreads                            = 1                                         {product} {ergonomic}
     uint G1ConcRefinementThreads                  = 4                                         {product} {ergonomic}
   size_t G1HeapRegionSize                         = 1048576                                   {product} {ergonomic}
   size_t InitialHeapSize                          = 132120576                                 {product} {ergonomic}
   size_t MarkStackSize                            = 4194304                                   {product} {ergonomic}
   size_t MarkStackSizeMax                         = 536870912                                 {product} {ergonomic}
   size_t MaxHeapSize                              = 2099249152                                {product} {ergonomic}
   size_t MinHeapDeltaBytes                        = 1048576                                   {product} {ergonomic}
   size_t MinHeapSize                              = 8388608                                   {product} {ergonomic}
    uintx NonNMethodCodeHeapSize                   = 5832704                                {pd product} {ergonomic}
    uintx NonProfiledCodeHeapSize                  = 122945536                              {pd product} {ergonomic}
     bool OmitStackTraceInFastThrow                = false                                     {product} {command line}
    uintx ProfiledCodeHeapSize                     = 122880000                              {pd product} {ergonomic}
    uintx ReservedCodeCacheSize                    = 251658240                              {pd product} {ergonomic}
     bool SegmentedCodeCache                       = true                                      {product} {ergonomic}
   size_t SoftMaxHeapSize                          = 2099249152                             {manageable} {ergonomic}
     bool UseCompressedOops                        = true                           {product lp64_product} {ergonomic}
     bool UseG1GC                                  = true                                      {product} {ergonomic}
     bool UseLargePagesIndividualAllocation        = false                                  {pd product} {ergonomic}

Logging:
Log output configuration:
 #0: stdout all=warning uptime,level,tags foldmultilines=false
 #1: stderr all=off uptime,level,tags foldmultilines=false

Environment Variables:
CLASSPATH=C:\Users\samuel\.lein\self-installs\leiningen-2.11.2-standalone.jar
PATH=C:\Program Files\Common Files\Oracle\Java\javapath;C:\Windows\system32;C:\Windows;C:\Windows\System32\Wbem;C:\Windows\System32\WindowsPowerShell\v1.0\;C:\Windows\System32\OpenSSH\;C:\Program Files\dotnet\;C:\ProgramData\chocolatey\bin;C:\Program Files\nodejs\;C:\Program Files\Git\cmd;C:\Users\samuel\AppData\Local\Programs\Python\Python312\Scripts\;C:\Users\samuel\AppData\Local\Programs\Python\Python312\;C:\Users\samuel\AppData\Local\Microsoft\WindowsApps;C:\Users\samuel\AppData\Local\Programs\Microsoft VS Code\bin;C:\Users\samuel\AppData\Local\Microsoft\WinGet\Packages\Schniz.fnm_Microsoft.Winget.Source_8wekyb3d8bbwe;C:\Users\samuel\AppData\Roaming\npm;C:\Users\samuel\AppData\Local\GitHubDesktop\bin;C:\Program Files\JetBrains\IntelliJ IDEA Community Edition 2024.2.4\bin;;C:\Users\samuel\leiningen\bin;C:\Program Files\Graphviz\bin
USERNAME=samuel
OS=Windows_NT
PROCESSOR_IDENTIFIER=Intel64 Family 6 Model 166 Stepping 0, GenuineIntel
TMP=C:\Users\samuel\AppData\Local\Temp
TEMP=C:\Users\samuel\AppData\Local\Temp




Periodic native trim disabled

---------------  S Y S T E M  ---------------

OS:
 Windows 10 , 64 bit Build 19041 (10.0.19041.5072)
OS uptime: 3 days 20:19 hours

CPU: total 4 (initial active 4) (2 cores per cpu, 2 threads per core) family 6 model 166 stepping 0 microcode 0xc6, cx8, cmov, fxsr, ht, mmx, 3dnowpref, sse, sse2, sse3, ssse3, sse4.1, sse4.2, popcnt, lzcnt, tsc, tscinvbit, avx, avx2, aes, erms, clmul, bmi1, bmi2, adx, fma, vzeroupper, clflush, clflushopt, rdtscp, f16c
Processor Information for the first 4 processors :
  Max Mhz: 2592, Current Mhz: 2093, Mhz Limit: 2073

Memory: 4k page, system-wide physical 8006M (1040M free)
TotalPageFile size 8006M (AvailPageFile size 63M)
current process WorkingSet (physical memory assigned to process): 11M, peak: 11M
current process commit charge ("private bytes"): 52M, peak: 178M

vm_info: Java HotSpot(TM) 64-Bit Server VM (23.0.1+11-39) for windows-amd64 JRE (23.0.1+11-39), built on 2024-09-30T07:20:43Z with MS VC++ 17.6 (VS2022)

END.
